Unity Player [version: Unity 5.6.0f3_497a0f351392]

mono.dll caused an Access Violation (0xc0000005)
  in module mono.dll at 0023:100f15ea.

Error occurred at 2018-01-10_210002.
D:\MyProjects\Speech-Recognition-Unity\SpeechRecognitionUnity\test.exe, run by drsor.
61% memory in use.
0 MB physical memory [3927 MB free].
0 MB paging file [0 MB free].
0 MB user address space [3679 MB free].
Read from location 11426008 caused an access violation.

Context:
EDI:    0x11426008  ESI: 0x00010000  EAX:   0x00000000
EBX:    0x00000000  ECX: 0x009a0000  EDX:   0x11424f00
EIP:    0x100f15ea  EBP: 0x00b7f498  SegCs: 0x00000023
EFlags: 0x00210246  ESP: 0x00b7f488  SegSs: 0x0000002b

Bytes at CS:EIP:
f6 07 10 75 1e f6 47 14 fc 75 18 68 2c a9 1b 10 

Stack:
0x00b7f488: 11426008 00000020 00000000 1095a170 .`B. .......p...
0x00b7f498: 00b7f4bc 1005d865 11426008 00000000 ....e....`B.....
0x00b7f4a8: 00b7f580 00b7f61c 11426008 00000000 .........`B.....
0x00b7f4b8: 00000000 00b7f4dc 014420e0 11426008 ......... D..`B.
0x00b7f4c8: 00000000 00b7f580 00b7f61c 00b7f61c ................
0x00b7f4d8: 00b7f520 00b7f508 0143ec42 00b7f514  .......B.C.....
0x00b7f4e8: 11426008 11424f00 00000000 00b7f520 .`B..OB..... ...
0x00b7f4f8: 00b7f61c 00000000 0614f6f0 00000001 ................
0x00b7f508: 00b7f614 016eefb5 00b7f610 00b7f61c ......n.........
0x00b7f518: 00000000 0614f6a0 00000001 77707250 ............Prpw
0x00b7f528: 042f0000 00000000 00000004 109587b0 ../.............
0x00b7f538: 00000004 1095a1d4 00b7f54c 126f6614 ........L....fo.
0x00b7f548: 00000004 00b7f57c 126f7065 126f707a ....|...epo.zpo.
0x00b7f558: 04876472 109587b0 10960140 10960148 rd......@...H...
0x00b7f568: 1640603e 00b7f558 12628faa 04876476 >`@.X.....b.vd..
0x00b7f578: 00000000 1262d59e 00b7f520 00000000 ......b. .......
0x00b7f588: 00000000 00000000 00000000 00000000 ................
0x00b7f598: 00000000 00000000 00000000 00000000 ................
0x00b7f5a8: 00000000 00000000 00000001 06601cf8 ..............`.
0x00b7f5b8: 05ab7df0 00b7f5e8 0113b250 00b7f5f0 .}......P.......
0x00b7f5c8: 05aff790 0614f71c 06601cf8 065ffcc0 ..........`..._.
0x00b7f5d8: 0c084af5 0a6eb180 00000001 aea4dc84 .J....n.........
0x00b7f5e8: 11426008 11424f00 00000000 00000000 .`B..OB.........
0x00b7f5f8: 00000000 00000000 00000000 00000000 ................
0x00b7f608: 7b840101 aea4dc84 065ffcc0 00b7f784 ...{......_.....
0x00b7f618: 016f13e0 00000000 00000001 01f25efc ..o..........^..
0x00b7f628: 01f25ef0 00200001 00000000 00000000 .^.... .........
0x00b7f638: 0000029e 00000000 05a90818 00000086 ................
0x00b7f648: 74d68d6a 00200001 002f25ba 74d840a9 j..t.. ..%/..@.t
0x00b7f658: 00000000 00000000 00000001 0456e180 ..............V.
0x00b7f668: 00b7f694 74d840a9 0456e180 00000000 .....@.t..V.....
0x00b7f678: 06851690 00000000 00b7f688 014ecc04 ..............N.
0x00b7f688: 00b7f6a4 014edccf 00000003 068514e0 ......N.........
0x00b7f698: 014f0665 00000000 01f25bec 00b7f6c0 e.O......[......
0x00b7f6a8: 014f090f 00000003 3f27e714 3f27e714 ..O.......'?..'?
0x00b7f6b8: 0003950a 00000000 00b7f6f4 014ed465 ............e.N.
0x00b7f6c8: 068514e0 00000003 3f27e714 3f27e714 ..........'?..'?
0x00b7f6d8: 0003950a 00000000 000008a9 05aafb90 ................
0x00b7f6e8: 00000000 01f25bec 00000001 00b7f778 .....[......x...
0x00b7f6f8: 014ee9e8 00000003 3f27e714 3f27e714 ..N.......'?..'?
0x00b7f708: 0003950a 00000000 00000000 01f25ef0 .............^..
0x00b7f718: 01f25ef0 00200001 00000000 00000004 .^.... .........
0x00b7f728: 000004b0 74d9e120 00000000 00000000 .... ..t........
0x00b7f738: 00200001 00000000 00b7f754 74462d89 .. .....T....-Ft
0x00b7f748: 00000000 05ad0d00 00000000 00000000 ................
0x00b7f758: 06134be0 00000000 00b7f764 00000011 .K......d.......
0x00b7f768: 00000030 00000006 00000004 01dfc468 0...........h...
0x00b7f778: 00b7f784 10963430 10963438 00b7f7a0 ....04..84......
0x00b7f788: 01331d61 0614f6a0 00000000 00000000 a.3.............
0x00b7f798: 00000000 00000000 00b7f7c0 015dc047 ............G.].
0x00b7f7a8: 00000000 060d7040 00000006 fffffffe ....@p..........
0x00b7f7b8: 00b7f808 00f645f4 00b7f808 00f6437c .....E......|C..
0x00b7f7c8: 00000000 00000001 00f64010 002f25ba .........@...%/.
0x00b7f7d8: 00000000 002e0cfa 003a25e2 61fd5416 .........%:..T.a
0x00b7f7e8: 00b7f808 74d9ac4c 00000000 002f25ba ....L..t.....%/.
0x00b7f7f8: 7784cb1c 00000001 00003158 00b7f8a4 ...w....X1......
0x00b7f808: 00b7f834 74d5e0bb 002f25ba 00000006 4......t.%/.....
0x00b7f818: 00200001 00000000 002f25ba dcbaabcd .. ......%/.....
0x00b7f828: 00000000 00f64010 002f25ba 00b7f858 .....@...%/.X...
0x00b7f838: 74d68849 00f64010 002f25ba 00000006 I..t.@...%/.....
0x00b7f848: 00200001 00000000 00000000 002f25ba .. ..........%/.
0x00b7f858: 00b7f928 74d6b145 00000006 00200001 (...E..t...... .
0x00b7f868: 00000000 61fd5ae2 00000000 002f25ba .....Z.a.....%/.
0x00b7f878: 00000006 ffffffff 00000024 00000001 ........$.......
0x00b7f888: 00000000 00000000 00000030 ffffffff ........0.......
0x00b7f898: ffffffff 74d6b025 00000000 002f25ba ....%..t.....%/.
0x00b7f8a8: dcbaabcd 00000000 00f64010 002f25ba .........@...%/.
0x00b7f8b8: 00b7f8dc 74d68849 00f64010 80006011 ....I..t.@...`..
0x00b7f8c8: 00f64010 00000000 00000000 00000000 .@..............
0x00b7f8d8: 00000000 80006011 00f64010 00000000 .....`...@......
0x00b7f8e8: 00000000 00000000 00000000 00000000 ................
0x00b7f8f8: 00000000 00000000 00000000 002f25ba .............%/.
0x00b7f908: 00000001 61fd5ae2 00b7f86c 00b7eeb8 .....Z.al.......
0x00b7f918: 00b7f980 74d5fcf0 15910372 00000000 .......tr.......
0x00b7f928: 00b7f990 74d58503 00f64010 00000000 .......t.@......
0x00b7f938: 00000006 00200001 00000000 0099e000 ...... .........
0x00b7f948: 00000001 61fd5a5a 00b7fa58 77899420 ....ZZ.aX... ..w
0x00b7f958: 00000004 00000000 00b7f934 00000388 ........4.......
0x00b7f968: 00000000 00000000 002f25ba 00000000 .........%/.....
0x00b7f978: 00b7f94c 00b7eeb8 00b7f9e8 74d5fcf0 L..............t
0x00b7f988: 15913e7a fffffffe 00b7f9d8 74d58aa0 z>.............t
0x00b7f998: 0456e180 00000000 00000006 00200001 ..V........... .
0x00b7f9a8: 00000000 00f64010 0099e000 00000000 .....@..........
0x00b7f9b8: 00000001 00000000 00000000 77880bad ...............w
0x00b7f9c8: 00000000 00000000 00b7fc64 61fd5a7e ........d...~Z.a
0x00b7f9d8: 00b7fa38 77880bad 00b7f9f4 00000020 8......w.... ...
0x00b7f9e8: 00b7fc64 77880ae0 00b7fa14 0456e180 d......w......V.
0x00b7f9f8: 00000000 00000006 00200001 00000000 .......... .....
0x00b7fa08: 00f64010 77899420 00000000 74d4fd51 .@.. ..w....Q..t
0x00b7fa18: 00b7fa58 00000000 00000000 00000000 X...............
0x00b7fa28: 74d4fc60 00000004 74d49500 61fd59d2 `..t.......t.Y.a
0x00b7fa38: 00b7fa78 00f58cc1 00b7fa58 00000000 x.......X.......
0x00b7fa48: 00000000 00000000 00000000 00000001 ................
0x00b7fa58: 002f25ba 000000ff 00000001 08772345 .%/.........E#w.
0x00b7fa68: 007a5ab1 000003d0 00000476 00000810 .Zz.....v.......
0x00b7fa78: 00b7fbcc 00f6759b 01771b27 00000000 .....u..'.w.....
0x00b7fa88: 0099d000 05ac7bb0 00000050 0000000d .....{..P.......
0x00b7fa98: 00000001 00000000 00000050 00000042 ........P...B...
0x00b7faa8: 00000400 05a30fd0 00000000 00000bf8 ................
0x00b7fab8: 00000001 c6d750eb 05a320a0 05ac7df0 .....P... ...}..
0x00b7fac8: 00000056 000206a7 017918bd 05a320a0 V.........y.. ..
0x00b7fad8: 00000056 00000042 1c004121 01c0003f V...B...!A..?...
0x00b7fae8: 0000003f 00000000 1c004122 01c0003f ?......."A..?...
0x00b7faf8: 0000003f 05ab3c60 00000047 01c0003f ?...`<..G...?...
0x00b7fb08: 000001ff 00000000 00000047 00000042 ........G...B...
0x00b7fb18: 05ac7b50 00000055 05a31748 05a305a8 P{..U...H.......
0x00b7fb28: 00b7fb00 00000055 00000042 05ab3bc0 ....U...B....;..
0x00b7fb38: 0000004c 0000000f 00000000 05a31a24 L...........$...
0x00b7fb48: 0000004c 00000042 059162b0 00000000 L...B....b......
0x00b7fb58: 00637465 00646567 017813d9 05a320a0 etc.ged...x.. ..
0x00b7fb68: 00000003 00000042 05aafa90 05aafac8 ....B...........
0x00b7fb78: 05aafac8 0099d000 00000000 65646968 ............hide
0x00b7fb88: 646e6957 0000776f 01778650 0000000a Window..P.w.....
0x00b7fb98: 00000042 00000000 65726170 5748746e B.......parentHW
0x00b7fba8: 0100444e 00df3917 0000000a 00000042 ND...9......B...
0x00b7fbb8: 059162b0 00000000 00000000 00000000 .b..............
0x00b7fbc8: 0099d001 00b7fbe4 01733e58 00ef0000 ........X>s.....
0x00b7fbd8: 00000000 00df3919 00000001 00b7fc74 .....9......t...
0x00b7fbe8: 01771ad4 00ef0000 00000000 00df3919 ..w..........9..
0x00b7fbf8: 00000001 031ab179 01771b27 01771b27 ....y...'.w.'.w.
0x00b7fc08: 0099d000 00000044 00df203c 00df201c ....D...< ... ..
0x00b7fc18: 00df1f8e 00000000 00000000 00000000 ................
0x00b7fc28: 00000000 00000000 00000000 00000000 ................
0x00b7fc38: 00000401 00000001 00000000 00000000 ................
0x00b7fc48: 00010001 00000000 00b7fc60 01771b27 ........`...'.w.
0x00b7fc58: 00000000 00b7fbfc 2fdd7d4a 00b7fcc0 ........J}./....
0x00b7fc68: 01773a30 024026cd 00000000 00b7fc88 0:w..&@.........
0x00b7fc78: 75388654 0099d000 75388630 6060a040 T.8u....0.8u@.``
0x00b7fc88: 00b7fcd0 77874a47 0099d000 62b36746 ....GJ.w....Fg.b
0x00b7fc98: 00000000 00000000 0099d000 00000000 ................
0x00b7fca8: 00000000 00000000 00000000 62b36746 ............Fg.b
0x00b7fcb8: 00b7fc94 00000000 00b7fcd8 77886a20 ............ j.w
0x00b7fcc8: 15946166 00000000 00b7fce0 77874a17 fa...........J.w
0x00b7fcd8: ffffffff 77899ecd 00000000 00000000 .......w........
0x00b7fce8: 01771b27 0099d000 00000000 00000000 '.w.............
0x00b7fcf8: 00000000 00000000 00000000 00000000 ................
0x00b7fd08: 00000000 00000000 00000000 00000000 ................
0x00b7fd18: 00000000 00000000 00000000 00000000 ................
0x00b7fd28: 00000000 00000000 00000000 00000000 ................
0x00b7fd38: 00000000 00000000 00000000 00000000 ................
0x00b7fd48: 00000000 00000000 00000000 00000000 ................
0x00b7fd58: 00000000 00000000 00000000 00000000 ................
0x00b7fd68: 00000000 00000000 00000000 00000000 ................
0x00b7fd78: 00000000 00000000 00000000 00000000 ................
0x00b7fd88: 00000000 00000000 00000000 00000000 ................
0x00b7fd98: 00000000 00000000 00000000 00000000 ................
0x00b7fda8: 00000000 00000000 00000000 00000000 ................
0x00b7fdb8: 00000000 00000000 00000000 00000000 ................
0x00b7fdc8: 00000000 00000000 00000000 00000000 ................
0x00b7fdd8: 00000000 00000000 00000000 00000000 ................
0x00b7fde8: 00000000 00000000 00000000 00000000 ................
0x00b7fdf8: 00000000 00000000 00000000 00000000 ................
0x00b7fe08: 00000000 00000000 00000000 00000000 ................
0x00b7fe18: 00000000 00000000 00000000 00000000 ................
0x00b7fe28: 00000000 00000000 00000000 00000000 ................
0x00b7fe38: 00000000 00000000 00000000 00000000 ................
0x00b7fe48: 00000000 00000000 00000000 00000000 ................
0x00b7fe58: 00000000 00000000 00000000 00000000 ................
0x00b7fe68: 00000000 00000000 00000000 00000000 ................
0x00b7fe78: 00000000 00000000 00000000 00000000 ................
0x00b7fe88: 00000000 00000000 00000000 00000000 ................
0x00b7fe98: 00000000 00000000 00000000 00000000 ................
0x00b7fea8: 00000000 00000000 00000000 00000000 ................
0x00b7feb8: 00000000 00000000 00000000 00000000 ................
0x00b7fec8: 00000000 00000000 00000000 00000000 ................
0x00b7fed8: 00000000 00000000 00000000 00000000 ................
0x00b7fee8: 00000000 00000000 00000000 00000000 ................
0x00b7fef8: 00000000 00000000 00000000 00000000 ................
0x00b7ff08: 00000000 00000000 00000000 00000000 ................
0x00b7ff18: 00000000 00000000 00000000 00000000 ................
0x00b7ff28: 00000000 00000000 00000000 00000000 ................
0x00b7ff38: 00000000 00000000 00000000 00000000 ................
0x00b7ff48: 00000000 00000000 00000000 00000000 ................
0x00b7ff58: 00000000 00000000 00000000 00000000 ................
0x00b7ff68: 00000000 00000000 00000000 00000000 ................
0x00b7ff78: 00000000 00000000 00000000 00000000 ................
0x00b7ff88: 00000000 00000000 00000000 00000000 ................
0x00b7ff98: 00000000 00000000 00000000 00000000 ................
0x00b7ffa8: 00000000 00000000 00000000 00000000 ................
0x00b7ffb8: 00000000 00000000 00000000 00000000 ................
0x00b7ffc8: 00000000 00000000 00000000 00000000 ................
0x00b7ffd8: 00000000 00000000 00000000 00000000 ................
0x00b7ffe8: 00000000 00000000 00000000 00000000 ................
0x00b7fff8: 00000000 00000000                   ........

Module 1
D:\MyProjects\Speech-Recognition-Unity\SpeechRecognitionUnity\test.exe
Image Base: 0x00ef0000  Image Size: 0x01219000
File Size:  18136576    File Time:  2017-03-30_092054
Version:
   Company:    
   Product:    
   FileDesc:   
   FileVer:    5.6.0.31247
   ProdVer:    5.6.0.31247

Module 2
C:\Windows\System32\threadpoolwinrt.dll
Image Base: 0x065d0000  Image Size: 0x00012000
File Size:  60416       File Time:  2017-09-29_154210
Version:
   Company:    Microsoft Corporation
   Product:    Microsoft® Windows® Operating System
   FileDesc:   Windows WinRT Threadpool
   FileVer:    10.0.16299.15
   ProdVer:    10.0.16299.15

Module 3
C:\WINDOWS\SYSTEM32\atidxx32.dll
Image Base: 0x08fb0000  Image Size: 0x00a5c000
File Size:  11011528    File Time:  2016-04-23_025034
Version:
   Company:    Advanced Micro Devices, Inc. 
   Product:    Advanced Micro Devices, Inc. Radeon DirectX 11 Driver
   FileDesc:   atidxx32.dll
   FileVer:    8.17.10.644
   ProdVer:    8.17.10.644

Module 4
C:\WINDOWS\SYSTEM32\atiuxpag.dll
Image Base: 0x0fc50000  Image Size: 0x00023000
File Size:  143048      File Time:  2016-04-23_025034
Version:
   Company:    Advanced Micro Devices, Inc. 
   Product:    Advanced Micro Devices, Inc PowerXpress Vista DX10 User Mode Driver
   FileDesc:   atiuxpag.dll
   FileVer:    8.14.1.6489
   ProdVer:    8.14.1.6489

Module 5
D:\MyProjects\Speech-Recognition-Unity\SpeechRecognitionUnity\test_Data\Mono\mono.dll
Image Base: 0x10000000  Image Size: 0x00231000
File Size:  2115008     File Time:  2017-03-30_092856
Version:
   Company:    Unity Technologies
   Product:    libmono
   FileDesc:   Unity Technologies fork of mono runtime
   FileVer:    1.0.0.1
   ProdVer:    1.0.0.1

Module 6
C:\WINDOWS\SYSTEM32\AUDIOSES.DLL
Image Base: 0x10d90000  Image Size: 0x000f4000
File Size:  982016      File Time:  2017-12-08_003128
Version:
   Company:    Microsoft Corporation
   Product:    Microsoft® Windows® Operating System
   FileDesc:   Audio Session
   FileVer:    10.0.16299.125
   ProdVer:    10.0.16299.125

Module 7
C:\Windows\System32\Windows.ApplicationModel.dll
Image Base: 0x122e0000  Image Size: 0x00081000
File Size:  521384      File Time:  2017-09-29_154210
Version:
   Company:    Microsoft Corporation
   Product:    Microsoft® Windows® Operating System
   FileDesc:   Windows ApplicationModel API Server
   FileVer:    10.0.16299.15
   ProdVer:    10.0.16299.15

Module 8
C:\Windows\System32\Windows.Media.Speech.dll
Image Base: 0x125f0000  Image Size: 0x0013d000
File Size:  1280000     File Time:  2017-12-12_105806
Version:
   Company:    Microsoft Corporation
   Product:    Microsoft® Windows® Operating System
   FileDesc:   Windows Speech Runtime DLL
   FileVer:    10.0.16299.64
   ProdVer:    10.0.16299.64

Module 9
C:\Windows\System32\Windows.Globalization.dll
Image Base: 0x12730000  Image Size: 0x00134000
File Size:  1239552     File Time:  2017-09-29_154210
Version:
   Company:    Microsoft Corporation
   Product:    Microsoft® Windows® Operating System
   FileDesc:   Windows Globalization
   FileVer:    10.0.16299.15
   ProdVer:    10.0.16299.15

Module 10
C:\WINDOWS\System32\Speech_OneCore\Common\sapi_onecore.dll
Image Base: 0x15930000  Image Size: 0x00422000
File Size:  4296192     File Time:  2017-12-12_110036
Version:
   Company:    Microsoft Corporation
   Product:    Microsoft® Speech Recognizer 11.1
   FileDesc:   Speech API
   FileVer:    5.3.16299.98
   ProdVer:    5.3.16299.98

Module 11
C:\Windows\System32\Windows.Media.Devices.dll
Image Base: 0x15d60000  Image Size: 0x00031000
File Size:  181248      File Time:  2017-09-29_154210
Version:
   Company:    Microsoft Corporation
   Product:    Microsoft® Windows® Operating System
   FileDesc:   Windows Runtime media device server DLL
   FileVer:    10.0.16299.15
   ProdVer:    10.0.16299.15

Module 12
C:\Windows\System32\Windows.Web.dll
Image Base: 0x15f70000  Image Size: 0x00095000
File Size:  593408      File Time:  2017-09-29_154212
Version:
   Company:    Microsoft Corporation
   Product:    Microsoft® Windows® Operating System
   FileDesc:   Web Client DLL
   FileVer:    10.0.16299.15
   ProdVer:    10.0.16299.15

Module 13
C:\WINDOWS\System32\MMDevApi.dll
Image Base: 0x54a80000  Image Size: 0x0005b000
File Size:  361632      File Time:  2017-09-29_154210
Version:
   Company:    Microsoft Corporation
   Product:    Microsoft® Windows® Operating System
   FileDesc:   MMDevice API
   FileVer:    10.0.16299.15
   ProdVer:    10.0.16299.15

Module 14
C:\WINDOWS\SYSTEM32\OPENGL32.dll
Image Base: 0x55940000  Image Size: 0x000df000
File Size:  777216      File Time:  2017-09-29_154224
Version:
   Company:    Microsoft Corporation
   Product:    Microsoft® Windows® Operating System
   FileDesc:   OpenGL Client DLL
   FileVer:    10.0.16299.15
   ProdVer:    10.0.16299.15

Module 15
C:\WINDOWS\SYSTEM32\dxgi.dll
Image Base: 0x5f440000  Image Size: 0x00093000
File Size:  590944      File Time:  2017-12-12_110036
Version:
   Company:    Microsoft Corporation
   Product:    Microsoft® Windows® Operating System
   FileDesc:   DirectX Graphics Infrastructure
   FileVer:    10.0.16299.98
   ProdVer:    10.0.16299.98

Module 16
C:\WINDOWS\SYSTEM32\d3d11.dll
Image Base: 0x5f710000  Image Size: 0x0023e000
File Size:  2339296     File Time:  2017-12-12_110036
Version:
   Company:    Microsoft Corporation
   Product:    Microsoft® Windows® Operating System
   FileDesc:   Direct3D 11 Runtime
   FileVer:    10.0.16299.98
   ProdVer:    10.0.16299.98

Module 17
C:\WINDOWS\SYSTEM32\aticfx32.dll
Image Base: 0x60bc0000  Image Size: 0x0012f000
File Size:  1249632     File Time:  2016-04-23_025032
Version:
   Company:    Advanced Micro Devices, Inc. 
   Product:    AMD Inc. Radeon DirectX 11 Driver
   FileDesc:   aticfx32.dll
   FileVer:    8.17.10.1429
   ProdVer:    8.17.10.1429

Module 18
C:\Windows\System32\msvcp110_win.dll
Image Base: 0x60cf0000  Image Size: 0x00067000
File Size:  417360      File Time:  2017-09-29_154216
Version:
   Company:    Microsoft Corporation
   Product:    Microsoft® Windows® Operating System
   FileDesc:   Microsoft® STL110 C++ Runtime Library
   FileVer:    10.0.16299.15
   ProdVer:    10.0.16299.15

Module 19
C:\Windows\System32\Bcp47Langs.dll
Image Base: 0x611a0000  Image Size: 0x00050000
File Size:  318776      File Time:  2017-09-29_154212
Version:
   Company:    Microsoft Corporation
   Product:    Microsoft® Windows® Operating System
   FileDesc:   BCP47 Language Classes
   FileVer:    10.0.16299.15
   ProdVer:    10.0.16299.15

Module 20
C:\WINDOWS\SYSTEM32\GLU32.dll
Image Base: 0x61a20000  Image Size: 0x00025000
File Size:  138752      File Time:  2017-09-29_154224
Version:
   Company:    Microsoft Corporation
   Product:    Microsoft® Windows® Operating System
   FileDesc:   OpenGL Utility Library DLL
   FileVer:    10.0.16299.15
   ProdVer:    10.0.16299.15

Module 21
C:\Windows\System32\msxml6.dll
Image Base: 0x61ea0000  Image Size: 0x001e6000
File Size:  1990160     File Time:  2017-12-12_110030
Version:
   Company:    Microsoft Corporation
   Product:    Microsoft XML Core Services
   FileDesc:   MSXML 6.0
   FileVer:    6.30.16299.98
   ProdVer:    6.30.16299.98

Module 22
C:\WINDOWS\system32\dwmapi.dll
Image Base: 0x63a90000  Image Size: 0x00023000
File Size:  126872      File Time:  2017-09-29_154218
Version:
   Company:    Microsoft Corporation
   Product:    Microsoft® Windows® Operating System
   FileDesc:   Microsoft Desktop Window Manager API
   FileVer:    10.0.16299.15
   ProdVer:    10.0.16299.15

Module 23
C:\WINDOWS\SYSTEM32\wdmaud.drv
Image Base: 0x64950000  Image Size: 0x0003a000
File Size:  212480      File Time:  2017-09-29_154210
Version:
   Company:    Microsoft Corporation
   Product:    Microsoft® Windows® Operating System
   FileDesc:   Winmm  audio system driver
   FileVer:    10.0.16299.15
   ProdVer:    10.0.16299.15

Module 24
C:\WINDOWS\SYSTEM32\AVRT.dll
Image Base: 0x64fb0000  Image Size: 0x00008000
File Size:  27416       File Time:  2017-09-29_154210
Version:
   Company:    Microsoft Corporation
   Product:    Microsoft® Windows® Operating System
   FileDesc:   Multimedia Realtime Runtime
   FileVer:    10.0.16299.15
   ProdVer:    10.0.16299.15

Module 25
C:\WINDOWS\SYSTEM32\MSACM32.dll
Image Base: 0x64fd0000  Image Size: 0x00019000
File Size:  93568       File Time:  2017-09-29_154210
Version:
   Company:    Microsoft Corporation
   Product:    Microsoft® Windows® Operating System
   FileDesc:   Microsoft ACM Audio Filter
   FileVer:    10.0.16299.15
   ProdVer:    10.0.16299.15

Module 26
C:\WINDOWS\System32\PROPSYS.dll
Image Base: 0x656a0000  Image Size: 0x0017a000
File Size:  1555232     File Time:  2017-09-29_154212
Version:
   Company:    Microsoft Corporation
   Product:    Windows® Search
   FileDesc:   Microsoft Property System
   FileVer:    7.0.16299.15
   ProdVer:    7.0.16299.15

Module 27
C:\WINDOWS\SYSTEM32\CoreUIComponents.dll
Image Base: 0x65e90000  Image Size: 0x00234000
File Size:  2313472     File Time:  2017-09-29_154212
Version:
   Company:    Microsoft Corporation
   Product:    Microsoft® Windows® Operating System
   FileDesc:   Microsoft Core UI Components Dll
   FileVer:    10.0.16299.15
   ProdVer:    10.0.16299.15

Module 28
C:\WINDOWS\SYSTEM32\CoreMessaging.dll
Image Base: 0x660d0000  Image Size: 0x0008c000
File Size:  566664      File Time:  2017-09-29_154216
Version:
   Company:    Microsoft Corporation
   Product:    Microsoft® Windows® Operating System
   FileDesc:   Microsoft CoreMessaging Dll
   FileVer:    10.0.16299.15
   ProdVer:    10.0.16299.15

Module 29
C:\WINDOWS\SYSTEM32\TextInputFramework.dll
Image Base: 0x66160000  Image Size: 0x00077000
File Size:  480912      File Time:  2017-09-29_154212
Version:
   Company:    Microsoft Corporation
   Product:    Microsoft® Windows® Operating System
   FileDesc:   "TextInputFramework.DYNLINK"
   FileVer:    10.0.16299.15
   ProdVer:    10.0.16299.15

Module 30
C:\WINDOWS\SYSTEM32\wintypes.dll
Image Base: 0x67f40000  Image Size: 0x000cb000
File Size:  832648      File Time:  2017-09-29_154216
Version:
   Company:    Microsoft Corporation
   Product:    Microsoft® Windows® Operating System
   FileDesc:   Windows Base Types DLL
   FileVer:    10.0.16299.15
   ProdVer:    10.0.16299.15

Module 31
C:\Windows\System32\RMCLIENT.dll
Image Base: 0x68010000  Image Size: 0x0001a000
File Size:  98344       File Time:  2017-09-29_154212
Version:
   Company:    Microsoft Corporation
   Product:    Microsoft® Windows® Operating System
   FileDesc:   Resource Manager Client
   FileVer:    10.0.16299.15
   ProdVer:    10.0.16299.15

Module 32
C:\WINDOWS\system32\wbem\fastprox.dll
Image Base: 0x68030000  Image Size: 0x000c0000
File Size:  769536      File Time:  2017-09-29_154220
Version:
   Company:    Microsoft Corporation
   Product:    Microsoft® Windows® Operating System
   FileDesc:   WMI Custom Marshaller
   FileVer:    10.0.16299.15
   ProdVer:    10.0.16299.15

Module 33
C:\WINDOWS\system32\wbem\wbemsvc.dll
Image Base: 0x680f0000  Image Size: 0x00010000
File Size:  48640       File Time:  2017-09-29_154220
Version:
   Company:    Microsoft Corporation
   Product:    Microsoft® Windows® Operating System
   FileDesc:   WMI
   FileVer:    10.0.16299.15
   ProdVer:    10.0.16299.15

Module 34
C:\WINDOWS\SYSTEM32\wbemcomn.dll
Image Base: 0x68100000  Image Size: 0x00068000
File Size:  397824      File Time:  2017-09-29_154220
Version:
   Company:    Microsoft Corporation
   Product:    Microsoft® Windows® Operating System
   FileDesc:   WMI
   FileVer:    10.0.16299.15
   ProdVer:    10.0.16299.15

Module 35
C:\Windows\System32\urlmon.dll
Image Base: 0x689a0000  Image Size: 0x0018c000
File Size:  1559552     File Time:  2017-12-08_000326
Version:
   Company:    Microsoft Corporation
   Product:    Internet Explorer
   FileDesc:   OLE32 Extensions for Win32
   FileVer:    11.0.16299.125
   ProdVer:    11.0.16299.125

Module 36
C:\WINDOWS\SYSTEM32\WINMMBASE.dll
Image Base: 0x68b80000  Image Size: 0x00023000
File Size:  129864      File Time:  2017-09-29_154210
Version:
   Company:    Microsoft Corporation
   Product:    Microsoft® Windows® Operating System
   FileDesc:   Base Multimedia Extension API DLL
   FileVer:    10.0.16299.15
   ProdVer:    10.0.16299.15

Module 37
C:\WINDOWS\SYSTEM32\WINMM.dll
Image Base: 0x69110000  Image Size: 0x00024000
File Size:  135432      File Time:  2017-09-29_154210
Version:
   Company:    Microsoft Corporation
   Product:    Microsoft® Windows® Operating System
   FileDesc:   MCI API DLL
   FileVer:    10.0.16299.15
   ProdVer:    10.0.16299.15

Module 38
C:\WINDOWS\system32\uxtheme.dll
Image Base: 0x691a0000  Image Size: 0x00079000
File Size:  472576      File Time:  2017-09-29_154226
Version:
   Company:    Microsoft Corporation
   Product:    Microsoft® Windows® Operating System
   FileDesc:   Microsoft UxTheme Library
   FileVer:    10.0.16299.15
   ProdVer:    10.0.16299.15

Module 39
C:\WINDOWS\WinSxS\x86_microsoft.windows.common-controls_6595b64144ccf1df_6.0.16299.125_none_5d79065fa7de350f\comctl32.dll
Image Base: 0x69220000  Image Size: 0x00211000
File Size:  2150808     File Time:  2017-12-08_003120
Version:
   Company:    Microsoft Corporation
   Product:    Microsoft® Windows® Operating System
   FileDesc:   User Experience Controls Library
   FileVer:    6.10.16299.125
   ProdVer:    10.0.16299.125

Module 40
C:\WINDOWS\SYSTEM32\twinapi.appcore.dll
Image Base: 0x6a1f0000  Image Size: 0x00134000
File Size:  1261864     File Time:  2017-12-12_105806
Version:
   Company:    Microsoft Corporation
   Product:    Microsoft® Windows® Operating System
   FileDesc:   twinapi.appcore
   FileVer:    10.0.16299.19
   ProdVer:    10.0.16299.19

Module 41
C:\Program Files\AVAST Software\Avast\aswhookx.dll
Image Base: 0x6a330000  Image Size: 0x0002f000
File Size:  199936      File Time:  2018-01-06_205614
Version:
   Company:    AVAST Software
   Product:    Avast
   FileDesc:   Hook Library
   FileVer:    17.9.3.19960
   ProdVer:    17.9.3.19960

Module 42
C:\WINDOWS\System32\Speech_OneCore\Engines\SR\spsrx_onecore.dll
Image Base: 0x6a580000  Image Size: 0x00015000
File Size:  72704       File Time:  2017-09-29_154214
Version:
   Company:    Microsoft Corporation
   Product:    Microsoft® Speech Recognizer 11.1
   FileDesc:   Microsoft® Speech Recognition Engine Extensions
   FileVer:    11.1.16299.15
   ProdVer:    11.1.16299.15

Module 43
C:\Windows\System32\Speech_OneCore\Common\SpeechServiceWinRTApi.ProxyStub.dll
Image Base: 0x6a5a0000  Image Size: 0x0000f000
File Size:  46080       File Time:  2017-09-29_154212
Version:
   Company:    Microsoft Corporation
   Product:    Microsoft® Windows® Operating System
   FileDesc:   Speech Service Proxy/Stub System DLL
   FileVer:    10.0.16299.15
   ProdVer:    10.0.16299.15

Module 44
C:\WINDOWS\system32\wbem\wbemprox.dll
Image Base: 0x6a850000  Image Size: 0x0000d000
File Size:  35840       File Time:  2017-09-29_154220
Version:
   Company:    Microsoft Corporation
   Product:    Microsoft® Windows® Operating System
   FileDesc:   WMI
   FileVer:    10.0.16299.15
   ProdVer:    10.0.16299.15

Module 45
C:\WINDOWS\System32\fwpuclnt.dll
Image Base: 0x6a9f0000  Image Size: 0x0004e000
File Size:  300544      File Time:  2017-09-29_154212
Version:
   Company:    Microsoft Corporation
   Product:    Microsoft® Windows® Operating System
   FileDesc:   FWP/IPsec User-Mode API
   FileVer:    10.0.16299.15
   ProdVer:    10.0.16299.15

Module 46
C:\Windows\System32\rasadhlp.dll
Image Base: 0x6abf0000  Image Size: 0x00008000
File Size:  12800       File Time:  2017-09-29_154224
Version:
   Company:    Microsoft Corporation
   Product:    Microsoft® Windows® Operating System
   FileDesc:   Remote Access AutoDial Helper
   FileVer:    10.0.16299.15
   ProdVer:    10.0.16299.15

Module 47
C:\WINDOWS\SYSTEM32\midimap.dll
Image Base: 0x6af20000  Image Size: 0x00008000
File Size:  18944       File Time:  2017-09-29_154210
Version:
   Company:    Microsoft Corporation
   Product:    Microsoft® Windows® Operating System
   FileDesc:   Microsoft MIDI Mapper
   FileVer:    10.0.16299.15
   ProdVer:    10.0.16299.15

Module 48
C:\WINDOWS\SYSTEM32\msacm32.drv
Image Base: 0x6b700000  Image Size: 0x0000a000
File Size:  24576       File Time:  2017-09-29_154210
Version:
   Company:    Microsoft Corporation
   Product:    Microsoft® Windows® Operating System
   FileDesc:   Microsoft Sound Mapper
   FileVer:    10.0.16299.15
   ProdVer:    10.0.16299.15

Module 49
C:\WINDOWS\SYSTEM32\dhcpcsvc.DLL
Image Base: 0x6dde0000  Image Size: 0x00014000
File Size:  62976       File Time:  2017-09-29_154218
Version:
   Company:    Microsoft Corporation
   Product:    Microsoft® Windows® Operating System
   FileDesc:   DHCP Client Service
   FileVer:    10.0.16299.15
   ProdVer:    10.0.16299.15

Module 50
C:\WINDOWS\SYSTEM32\dhcpcsvc6.DLL
Image Base: 0x6de70000  Image Size: 0x00013000
File Size:  57856       File Time:  2017-09-29_154218
Version:
   Company:    Microsoft Corporation
   Product:    Microsoft® Windows® Operating System
   FileDesc:   DHCPv6 Client
   FileVer:    10.0.16299.15
   ProdVer:    10.0.16299.15

Module 51
C:\WINDOWS\SYSTEM32\MSWSOCK.dll
Image Base: 0x6dfb0000  Image Size: 0x00055000
File Size:  334744      File Time:  2017-09-29_154216
Version:
   Company:    Microsoft Corporation
   Product:    Microsoft® Windows® Operating System
   FileDesc:   Microsoft Windows Sockets 2.0 Service Provider
   FileVer:    10.0.16299.15
   ProdVer:    10.0.16299.15

Module 52
C:\Windows\System32\iertutil.dll
Image Base: 0x6ef80000  Image Size: 0x00219000
File Size:  2192112     File Time:  2017-12-08_003406
Version:
   Company:    Microsoft Corporation
   Product:    Internet Explorer
   FileDesc:   Run time utility for Internet Explorer
   FileVer:    11.0.16299.125
   ProdVer:    11.0.16299.125

Module 53
C:\WINDOWS\System32\DEVOBJ.dll
Image Base: 0x718b0000  Image Size: 0x00022000
File Size:  132288      File Time:  2017-09-29_154218
Version:
   Company:    Microsoft Corporation
   Product:    Microsoft® Windows® Operating System
   FileDesc:   Device Information Set DLL
   FileVer:    10.0.16299.15
   ProdVer:    10.0.16299.15

Module 54
C:\WINDOWS\SYSTEM32\ntmarta.dll
Image Base: 0x72030000  Image Size: 0x00028000
File Size:  152440      File Time:  2017-09-29_154216
Version:
   Company:    Microsoft Corporation
   Product:    Microsoft® Windows® Operating System
   FileDesc:   Windows NT MARTA provider
   FileVer:    10.0.16299.15
   ProdVer:    10.0.16299.15

Module 55
C:\WINDOWS\SYSTEM32\HID.DLL
Image Base: 0x72060000  Image Size: 0x0000a000
File Size:  25600       File Time:  2017-09-29_154218
Version:
   Company:    Microsoft Corporation
   Product:    Microsoft® Windows® Operating System
   FileDesc:   Hid User Library
   FileVer:    10.0.16299.15
   ProdVer:    10.0.16299.15

Module 56
C:\WINDOWS\SYSTEM32\USERENV.dll
Image Base: 0x72790000  Image Size: 0x00022000
File Size:  133312      File Time:  2017-09-29_154218
Version:
   Company:    Microsoft Corporation
   Product:    Microsoft® Windows® Operating System
   FileDesc:   Userenv
   FileVer:    10.0.16299.15
   ProdVer:    10.0.16299.15

Module 57
C:\WINDOWS\SYSTEM32\bcrypt.dll
Image Base: 0x733a0000  Image Size: 0x00019000
File Size:  97144       File Time:  2017-12-08_005546
Version:
   Company:    Microsoft Corporation
   Product:    Microsoft® Windows® Operating System
   FileDesc:   Windows Cryptographic Primitives Library
   FileVer:    10.0.16299.125
   ProdVer:    10.0.16299.125

Module 58
C:\WINDOWS\system32\rsaenh.dll
Image Base: 0x733c0000  Image Size: 0x0002f000
File Size:  184984      File Time:  2017-09-29_154216
Version:
   Company:    Microsoft Corporation
   Product:    Microsoft® Windows® Operating System
   FileDesc:   Microsoft Enhanced Cryptographic Provider
   FileVer:    10.0.16299.15
   ProdVer:    10.0.16299.15

Module 59
C:\WINDOWS\SYSTEM32\CRYPTSP.dll
Image Base: 0x733f0000  Image Size: 0x00013000
File Size:  68264       File Time:  2017-09-29_154216
Version:
   Company:    Microsoft Corporation
   Product:    Microsoft® Windows® Operating System
   FileDesc:   Cryptographic Service Provider API
   FileVer:    10.0.16299.15
   ProdVer:    10.0.16299.15

Module 60
C:\WINDOWS\SYSTEM32\dbghelp.dll
Image Base: 0x73500000  Image Size: 0x00181000
File Size:  1435136     File Time:  2017-09-29_154218
Version:
   Company:    Microsoft Corporation
   Product:    Microsoft® Windows® Operating System
   FileDesc:   Windows Image Helper
   FileVer:    10.0.16299.15
   ProdVer:    10.0.16299.15

Module 61
C:\WINDOWS\SYSTEM32\IPHLPAPI.DLL
Image Base: 0x736d0000  Image Size: 0x00030000
File Size:  189112      File Time:  2017-09-29_154216
Version:
   Company:    Microsoft Corporation
   Product:    Microsoft® Windows® Operating System
   FileDesc:   IP Helper API
   FileVer:    10.0.16299.15
   ProdVer:    10.0.16299.15

Module 62
C:\WINDOWS\SYSTEM32\DNSAPI.dll
Image Base: 0x73700000  Image Size: 0x00094000
File Size:  597160      File Time:  2017-12-12_105806
Version:
   Company:    Microsoft Corporation
   Product:    Microsoft® Windows® Operating System
   FileDesc:   DNS Client API DLL
   FileVer:    10.0.16299.19
   ProdVer:    10.0.16299.19

Module 63
C:\WINDOWS\SYSTEM32\WINHTTP.dll
Image Base: 0x737a0000  Image Size: 0x000ad000
File Size:  703568      File Time:  2017-12-12_110030
Version:
   Company:    Microsoft Corporation
   Product:    Microsoft® Windows® Operating System
   FileDesc:   Windows HTTP Services
   FileVer:    10.0.16299.98
   ProdVer:    10.0.16299.98

Module 64
C:\WINDOWS\SYSTEM32\VERSION.dll
Image Base: 0x73b30000  Image Size: 0x00008000
File Size:  27416       File Time:  2017-09-29_154226
Version:
   Company:    Microsoft Corporation
   Product:    Microsoft® Windows® Operating System
   FileDesc:   Version Checking and File Installation Libraries
   FileVer:    10.0.16299.15
   ProdVer:    10.0.16299.15

Module 65
C:\WINDOWS\System32\CRYPTBASE.dll
Image Base: 0x74220000  Image Size: 0x0000a000
File Size:  31584       File Time:  2017-09-29_154228
Version:
   Company:    Microsoft Corporation
   Product:    Microsoft® Windows® Operating System
   FileDesc:   Base cryptographic API DLL
   FileVer:    10.0.16299.15
   ProdVer:    10.0.16299.15

Module 66
C:\WINDOWS\System32\SspiCli.dll
Image Base: 0x74230000  Image Size: 0x00020000
File Size:  123512      File Time:  2017-12-08_005804
Version:
   Company:    Microsoft Corporation
   Product:    Microsoft® Windows® Operating System
   FileDesc:   Security Support Provider Interface
   FileVer:    10.0.16299.125
   ProdVer:    10.0.16299.125

Module 67
C:\WINDOWS\System32\msvcp_win.dll
Image Base: 0x743e0000  Image Size: 0x0007c000
File Size:  504272      File Time:  2017-09-29_154216
Version:
   Company:    Microsoft Corporation
   Product:    Microsoft® Windows® Operating System
   FileDesc:   Microsoft® C Runtime Library
   FileVer:    10.0.16299.15
   ProdVer:    10.0.16299.15

Module 68
C:\WINDOWS\System32\IMM32.dll
Image Base: 0x74460000  Image Size: 0x00025000
File Size:  143152      File Time:  2017-09-29_154216
Version:
   Company:    Microsoft Corporation
   Product:    Microsoft® Windows® Operating System
   FileDesc:   Multi-User Windows IMM32 API Client DLL
   FileVer:    10.0.16299.15
   ProdVer:    10.0.16299.15

Module 69
C:\WINDOWS\System32\windows.storage.dll
Image Base: 0x74570000  Image Size: 0x005c6000
File Size:  6092664     File Time:  2017-12-08_003956
Version:
   Company:    Microsoft Corporation
   Product:    Microsoft® Windows® Operating System
   FileDesc:   Microsoft WinRT Storage API
   FileVer:    10.0.16299.125
   ProdVer:    10.0.16299.125

Module 70
C:\WINDOWS\System32\bcryptPrimitives.dll
Image Base: 0x74b40000  Image Size: 0x00057000
File Size:  353848      File Time:  2017-12-12_110030
Version:
   Company:    Microsoft Corporation
   Product:    Microsoft® Windows® Operating System
   FileDesc:   Windows Cryptographic Primitives Library
   FileVer:    10.0.16299.98
   ProdVer:    10.0.16299.98

Module 71
C:\WINDOWS\System32\MSCTF.dll
Image Base: 0x74ba0000  Image Size: 0x00144000
File Size:  1323840     File Time:  2017-12-12_105806
Version:
   Company:    Microsoft Corporation
   Product:    Microsoft® Windows® Operating System
   FileDesc:   MSCTF Server DLL
   FileVer:    10.0.16299.19
   ProdVer:    10.0.16299.19

Module 72
C:\WINDOWS\System32\USER32.dll
Image Base: 0x74d40000  Image Size: 0x00175000
File Size:  1528904     File Time:  2017-12-08_005618
Version:
   Company:    Microsoft Corporation
   Product:    Microsoft® Windows® Operating System
   FileDesc:   Multi-User Windows USER API Client DLL
   FileVer:    10.0.16299.125
   ProdVer:    10.0.16299.125

Module 73
C:\WINDOWS\System32\profapi.dll
Image Base: 0x75350000  Image Size: 0x00014000
File Size:  73416       File Time:  2017-09-29_154228
Version:
   Company:    Microsoft Corporation
   Product:    Microsoft® Windows® Operating System
   FileDesc:   User Profile Basic API
   FileVer:    10.0.16299.15
   ProdVer:    10.0.16299.15

Module 74
C:\WINDOWS\System32\KERNEL32.DLL
Image Base: 0x75370000  Image Size: 0x000d0000
File Size:  594552      File Time:  2017-09-29_154228
Version:
   Company:    Microsoft Corporation
   Product:    Microsoft® Windows® Operating System
   FileDesc:   Windows NT BASE API Client DLL
   FileVer:    10.0.16299.15
   ProdVer:    10.0.16299.15

Module 75
C:\WINDOWS\System32\KERNELBASE.dll
Image Base: 0x75440000  Image Size: 0x001d7000
File Size:  1930224     File Time:  2017-09-29_154144
Version:
   Company:    Microsoft Corporation
   Product:    Microsoft® Windows® Operating System
   FileDesc:   Windows NT BASE API Client DLL
   FileVer:    10.0.16299.15
   ProdVer:    10.0.16299.15

Module 76
C:\WINDOWS\System32\ucrtbase.dll
Image Base: 0x75620000  Image Size: 0x00117000
File Size:  1145104     File Time:  2017-12-08_003728
Version:
   Company:    Microsoft Corporation
   Product:    Microsoft® Windows® Operating System
   FileDesc:   Microsoft® C Runtime Library
   FileVer:    10.0.16299.125
   ProdVer:    10.0.16299.125

Module 77
C:\WINDOWS\System32\win32u.dll
Image Base: 0x75740000  Image Size: 0x00016000
File Size:  83728       File Time:  2017-09-29_154210
Version:
   Company:    Microsoft Corporation
   Product:    Microsoft® Windows® Operating System
   FileDesc:   Win32u
   FileVer:    10.0.16299.15
   ProdVer:    10.0.16299.15

Module 78
C:\WINDOWS\System32\sechost.dll
Image Base: 0x75760000  Image Size: 0x00043000
File Size:  267112      File Time:  2017-09-29_154228
Version:
   Company:    Microsoft Corporation
   Product:    Microsoft® Windows® Operating System
   FileDesc:   Host for SCM/SDDL/LSA Lookup APIs
   FileVer:    10.0.16299.15
   ProdVer:    10.0.16299.15

Module 79
C:\WINDOWS\System32\RPCRT4.dll
Image Base: 0x757b0000  Image Size: 0x000be000
File Size:  777904      File Time:  2017-09-29_154228
Version:
   Company:    Microsoft Corporation
   Product:    Microsoft® Windows® Operating System
   FileDesc:   Remote Procedure Call Runtime
   FileVer:    10.0.16299.15
   ProdVer:    10.0.16299.15

Module 80
C:\WINDOWS\System32\OLEAUT32.dll
Image Base: 0x75870000  Image Size: 0x00093000
File Size:  593536      File Time:  2017-09-29_154216
Version:
   Company:    Microsoft Corporation
   Product:    Microsoft® Windows® Operating System
   FileDesc:   OLEAUT32.DLL
   FileVer:    10.0.16299.15
   ProdVer:    10.0.16299.15

Module 81
C:\WINDOWS\System32\SHLWAPI.dll
Image Base: 0x75910000  Image Size: 0x00045000
File Size:  279472      File Time:  2017-09-29_154226
Version:
   Company:    Microsoft Corporation
   Product:    Microsoft® Windows® Operating System
   FileDesc:   Shell Light-weight Utility Library
   FileVer:    10.0.16299.15
   ProdVer:    10.0.16299.15

Module 82
C:\WINDOWS\System32\gdi32full.dll
Image Base: 0x759c0000  Image Size: 0x0015e000
File Size:  1432816     File Time:  2017-12-12_110036
Version:
   Company:    Microsoft Corporation
   Product:    Microsoft® Windows® Operating System
   FileDesc:   GDI Client DLL
   FileVer:    10.0.16299.98
   ProdVer:    10.0.16299.98

Module 83
C:\WINDOWS\System32\kernel.appcore.dll
Image Base: 0x75b20000  Image Size: 0x0000e000
File Size:  47600       File Time:  2017-09-29_154212
Version:
   Company:    Microsoft Corporation
   Product:    Microsoft® Windows® Operating System
   FileDesc:   AppModel API Host
   FileVer:    10.0.16299.15
   ProdVer:    10.0.16299.15

Module 84
C:\WINDOWS\System32\WS2_32.dll
Image Base: 0x75b30000  Image Size: 0x00066000
File Size:  409168      File Time:  2017-09-29_154228
Version:
   Company:    Microsoft Corporation
   Product:    Microsoft® Windows® Operating System
   FileDesc:   Windows Socket 2.0 32-Bit DLL
   FileVer:    10.0.16299.15
   ProdVer:    10.0.16299.15

Module 85
C:\WINDOWS\System32\SHELL32.dll
Image Base: 0x75ba0000  Image Size: 0x01333000
File Size:  20286120    File Time:  2017-12-08_003218
Version:
   Company:    Microsoft Corporation
   Product:    Microsoft® Windows® Operating System
   FileDesc:   Windows Shell Common Dll
   FileVer:    10.0.16299.125
   ProdVer:    10.0.16299.125

Module 86
C:\WINDOWS\System32\imagehlp.dll
Image Base: 0x76ee0000  Image Size: 0x00019000
File Size:  95576       File Time:  2017-09-29_154146
Version:
   Company:    Microsoft Corporation
   Product:    Microsoft® Windows® Operating System
   FileDesc:   Windows NT Image Helper
   FileVer:    10.0.16299.15
   ProdVer:    10.0.16299.15

Module 87
C:\WINDOWS\System32\combase.dll
Image Base: 0x76f00000  Image Size: 0x00246000
File Size:  2386312     File Time:  2017-09-29_154216
Version:
   Company:    Microsoft Corporation
   Product:    Microsoft® Windows® Operating System
   FileDesc:   Microsoft COM for Windows
   FileVer:    10.0.16299.15
   ProdVer:    10.0.16299.15

Module 88
C:\WINDOWS\System32\ADVAPI32.dll
Image Base: 0x77150000  Image Size: 0x00078000
File Size:  481464      File Time:  2017-09-29_154228
Version:
   Company:    Microsoft Corporation
   Product:    Microsoft® Windows® Operating System
   FileDesc:   Advanced Windows 32 Base API
   FileVer:    10.0.16299.15
   ProdVer:    10.0.16299.15

Module 89
C:\WINDOWS\System32\PSAPI.DLL
Image Base: 0x771d0000  Image Size: 0x00006000
File Size:  17104       File Time:  2017-09-29_154214
Version:
   Company:    Microsoft Corporation
   Product:    Microsoft® Windows® Operating System
   FileDesc:   Process Status Helper
   FileVer:    10.0.16299.15
   ProdVer:    10.0.16299.15

Module 90
C:\WINDOWS\System32\shcore.dll
Image Base: 0x77360000  Image Size: 0x00088000
File Size:  550168      File Time:  2017-09-29_154214
Version:
   Company:    Microsoft Corporation
   Product:    Microsoft® Windows® Operating System
   FileDesc:   SHCORE
   FileVer:    10.0.16299.15
   ProdVer:    10.0.16299.15

Module 91
C:\WINDOWS\System32\GDI32.dll
Image Base: 0x77400000  Image Size: 0x00022000
File Size:  133824      File Time:  2017-09-29_154212
Version:
   Company:    Microsoft Corporation
   Product:    Microsoft® Windows® Operating System
   FileDesc:   GDI Client DLL
   FileVer:    10.0.16299.15
   ProdVer:    10.0.16299.15

Module 92
C:\WINDOWS\System32\cfgmgr32.dll
Image Base: 0x77430000  Image Size: 0x00038000
File Size:  224216      File Time:  2017-09-29_154218
Version:
   Company:    Microsoft Corporation
   Product:    Microsoft® Windows® Operating System
   FileDesc:   Configuration Manager DLL
   FileVer:    10.0.16299.15
   ProdVer:    10.0.16299.15

Module 93
C:\WINDOWS\System32\NSI.dll
Image Base: 0x77470000  Image Size: 0x00007000
File Size:  20216       File Time:  2017-09-29_154144
Version:
   Company:    Microsoft Corporation
   Product:    Microsoft® Windows® Operating System
   FileDesc:   NSI User-mode interface DLL
   FileVer:    10.0.16299.15
   ProdVer:    10.0.16299.15

Module 94
C:\WINDOWS\System32\clbcatq.dll
Image Base: 0x77480000  Image Size: 0x00082000
File Size:  519640      File Time:  2017-09-29_154216
Version:
   Company:    Microsoft Corporation
   Product:    Microsoft® Windows® Operating System
   FileDesc:   COM+ Configuration Catalog
   FileVer:    2001.12.10941.16384
   ProdVer:    10.0.16299.15

Module 95
C:\WINDOWS\System32\ole32.dll
Image Base: 0x77570000  Image Size: 0x000f7000
File Size:  1003152     File Time:  2017-09-29_154214
Version:
   Company:    Microsoft Corporation
   Product:    Microsoft® Windows® Operating System
   FileDesc:   Microsoft OLE for Windows
   FileVer:    10.0.16299.15
   ProdVer:    10.0.16299.15

Module 96
C:\WINDOWS\System32\powrprof.dll
Image Base: 0x77670000  Image Size: 0x00045000
File Size:  273840      File Time:  2017-09-29_154216
Version:
   Company:    Microsoft Corporation
   Product:    Microsoft® Windows® Operating System
   FileDesc:   Power Profile Helper DLL
   FileVer:    10.0.16299.15
   ProdVer:    10.0.16299.15

Module 97
C:\WINDOWS\System32\msvcrt.dll
Image Base: 0x776c0000  Image Size: 0x000bd000
File Size:  769096      File Time:  2017-12-08_003648
Version:
   Company:    Microsoft Corporation
   Product:    Microsoft® Windows® Operating System
   FileDesc:   Windows NT CRT DLL
   FileVer:    7.0.16299.125
   ProdVer:    10.0.16299.125

Module 98
C:\WINDOWS\SYSTEM32\ntdll.dll
Image Base: 0x77810000  Image Size: 0x0018d000
File Size:  1615720     File Time:  2017-12-12_105806
Version:
   Company:    Microsoft Corporation
   Product:    Microsoft® Windows® Operating System
   FileDesc:   NT Layer DLL
   FileVer:    10.0.16299.64
   ProdVer:    10.0.16299.64

Module 99
C:\WINDOWS\SYSTEM32\ksuser.dll
Image Base: 0x77b80000  Image Size: 0x00007000
File Size:  19840       File Time:  2017-09-29_154210
Version:
   Company:    Microsoft Corporation
   Product:    Microsoft® Windows® Operating System
   FileDesc:   User CSA Library
   FileVer:    10.0.16299.15
   ProdVer:    10.0.16299.15


== [end of error.log] ==
