Unity Player [version: Unity 5.6.0f3_497a0f351392]

mono.dll caused an Access Violation (0xc0000005)
  in module mono.dll at 0023:100f15ea.

Error occurred at 2018-01-10_204004.
D:\MyProjects\Speech-Recognition-Unity\SpeechRecognitionUnity\test.exe, run by drsor.
60% memory in use.
0 MB physical memory [4034 MB free].
0 MB paging file [0 MB free].
0 MB user address space [3679 MB free].
Read from location 10ccc020 caused an access violation.

Context:
EDI:    0x10ccc020  ESI: 0x00010000  EAX:   0x00000000
EBX:    0x00000000  ECX: 0x002e3000  EDX:   0x10ccaf00
EIP:    0x100f15ea  EBP: 0x004ff098  SegCs: 0x00000023
EFlags: 0x00210246  ESP: 0x004ff088  SegSs: 0x0000002b

Bytes at CS:EIP:
f6 07 10 75 1e f6 47 14 fc 75 18 68 2c a9 1b 10 

Stack:
0x004ff088: 10ccc020 00000020 00000000 1024a5d0  ... .........$.
0x004ff098: 004ff0bc 1005d865 10ccc020 00000000 ..O.e... .......
0x004ff0a8: 004ff180 004ff21c 10ccc020 00000000 ..O...O. .......
0x004ff0b8: 00000000 004ff0dc 017420e0 10ccc020 ......O.. t. ...
0x004ff0c8: 00000000 004ff180 004ff21c 004ff21c ......O...O...O.
0x004ff0d8: 004ff120 004ff108 0173ec42 004ff114  .O...O.B.s...O.
0x004ff0e8: 10ccc020 10ccaf00 00000000 004ff120  ........... .O.
0x004ff0f8: 004ff21c 00000000 05cbe750 00000001 ..O.....P.......
0x004ff108: 004ff214 019eefb5 004ff210 004ff21c ..O.......O...O.
0x004ff118: 00000000 05cbe700 00000001 77707250 ............Prpw
0x004ff128: 001a0000 00000000 00000004 10248c30 ............0.$.
0x004ff138: 00000004 1024a754 004ff14c 11fa6614 ....T.$.L.O..f..
0x004ff148: 00000004 004ff17c 11fa7065 11fa707a ....|.O.ep..zp..
0x004ff158: d5db50b6 10248c30 102529b0 102529b8 .P..0.$..)%..)%.
0x004ff168: c46f50fa 004ff158 11ed8faa d5db50b2 .Po.X.O......P..
0x004ff178: 00000000 11edd59e 004ff120 00000000 ........ .O.....
0x004ff188: 00000000 00000000 00000000 00000000 ................
0x004ff198: 00000000 00000000 00000000 00000000 ................
0x004ff1a8: 00000000 00000000 00000001 0605dcf8 ................
0x004ff1b8: 0583fdf0 004ff1e8 0143b250 004ff1f0 ......O.P.C...O.
0x004ff1c8: 05880ca0 05cbe77c 0605dcf8 0605bcc0 ....|...........
0x004ff1d8: 0c084af5 0a6eb180 00000001 aea4dc84 .J....n.........
0x004ff1e8: 10ccc020 10ccaf00 00000000 00000000  ...............
0x004ff1f8: 00000000 00000000 00000000 00000000 ................
0x004ff208: 7b840101 aea4dc84 0605bcc0 004ff384 ...{..........O.
0x004ff218: 019f13e0 00000000 00000001 02225efc .............^".
0x004ff228: 02225ef0 00200001 00000000 00000000 .^"... .........
0x004ff238: 0000029e 00000000 00ef0818 00000086 ................
0x004ff248: 74d68d6a 00200001 002025c6 74d840a9 j..t.. ..% ..@.t
0x004ff258: 00000000 00000000 00000001 0452f2e0 ..............R.
0x004ff268: 004ff294 74d840a9 0452f2e0 00000000 ..O..@.t..R.....
0x004ff278: 062ad690 00000000 004ff288 017ecc04 ..*.......O...~.
0x004ff288: 004ff2a4 017edccf 00000003 062ad4e0 ..O...~.......*.
0x004ff298: 017f0665 00000000 02225bec 004ff2c0 e........["...O.
0x004ff2a8: 017f090f 00000003 3f27e714 3f27e714 ..........'?..'?
0x004ff2b8: 00015cfa 00000000 004ff2f4 017ed465 .\........O.e.~.
0x004ff2c8: 062ad4e0 00000003 3f27e714 3f27e714 ..*.......'?..'?
0x004ff2d8: 00015cfa 00000000 000002f4 05837b90 .\...........{..
0x004ff2e8: 00000000 02225bec 00000001 004ff378 .....[".....x.O.
0x004ff2f8: 017ee9e8 00000003 3f27e714 3f27e714 ..~.......'?..'?
0x004ff308: 00015cfa 00000000 00000000 02225ef0 .\...........^".
0x004ff318: 02225ef0 00200001 00000000 00000004 .^"... .........
0x004ff328: 000004b0 74d9e120 00000000 00000000 .... ..t........
0x004ff338: 00200001 00000000 004ff354 74462d89 .. .....T.O..-Ft
0x004ff348: 00000000 05858d00 00000000 00000000 ................
0x004ff358: 05ca3c40 00000000 004ff364 00000011 @<......d.O.....
0x004ff368: 00000030 00000006 00000004 020fc468 0...........h...
0x004ff378: 004ff384 1025fd58 1025fd60 004ff3a0 ..O.X.%.`.%...O.
0x004ff388: 01631d61 05cbe700 00000000 00000000 a.c.............
0x004ff398: 00000000 00000000 004ff3c0 018dc047 ..........O.G...
0x004ff3a8: 00000000 05c46040 00000006 fffffffe ....@`..........
0x004ff3b8: 004ff408 012645f4 004ff408 0126437c ..O..E&...O.|C&.
0x004ff3c8: 00000000 00000001 01264010 002025c6 .........@&..% .
0x004ff3d8: 00000000 000a2550 001025d6 b2e98897 ....P%...%......
0x004ff3e8: 004ff408 74d9ac4c 00000000 002025c6 ..O.L..t.....% .
0x004ff3f8: 7784cb1c 00000001 00003158 004ff4a4 ...w....X1....O.
0x004ff408: 004ff434 74d5e0bb 002025c6 00000006 4.O....t.% .....
0x004ff418: 00200001 00000000 002025c6 dcbaabcd .. ......% .....
0x004ff428: 00000000 01264010 002025c6 004ff458 .....@&..% .X.O.
0x004ff438: 74d68849 01264010 002025c6 00000006 I..t.@&..% .....
0x004ff448: 00200001 00000000 00000000 002025c6 .. ..........% .
0x004ff458: 004ff528 74d6b145 00000006 00200001 (.O.E..t...... .
0x004ff468: 00000000 b2e98e63 00000000 002025c6 ....c........% .
0x004ff478: 00000006 ffffffff 00000024 00000001 ........$.......
0x004ff488: 00000000 00000000 00000030 ffffffff ........0.......
0x004ff498: ffffffff 74d6b025 00000000 01151f11 ....%..t........
0x004ff4a8: 002025c6 dcbaabcd 00000000 01264010 .% ..........@&.
0x004ff4b8: 002025c6 004ff4e0 74d68849 80006011 .% ...O.I..t.`..
0x004ff4c8: 01264010 00000000 00000000 00000000 .@&.............
0x004ff4d8: 00000000 80006011 01264010 00000000 .....`...@&.....
0x004ff4e8: 00000000 00000000 00000000 00000000 ................
0x004ff4f8: 00000000 00000000 00000000 002025c6 .............% .
0x004ff508: 00000001 b2e98e63 004ff46c 004feab8 ....c...l.O...O.
0x004ff518: 004ff580 74d5fcf0 c67ddbf3 00000000 ..O....t..}.....
0x004ff528: 004ff590 74d58503 01264010 00000000 ..O....t.@&.....
0x004ff538: 00000006 00200001 00000000 002e1000 ...... .........
0x004ff548: 00000001 b2e98edb 004ff65c 77899420 ........\.O. ..w
0x004ff558: 00000004 00000000 004ff534 00000388 ........4.O.....
0x004ff568: 00000000 00000000 002025c6 00000000 .........% .....
0x004ff578: 004ff54c 004feab8 004ff5e8 74d5fcf0 L.O...O...O....t
0x004ff588: c67de6fb fffffffe 004ff5d8 74d58aa0 ..}.......O....t
0x004ff598: 0452f2e0 00000000 00000006 00200001 ..R........... .
0x004ff5a8: 00000000 01264010 002e1000 00000000 .....@&.........
0x004ff5b8: 00000001 00000000 00000000 77880bad ...............w
0x004ff5c8: 00000000 00000000 004ff868 b2e98eff ........h.O.....
0x004ff5d8: 004ff63c 77880bad 004ff5f4 00000020 <.O....w..O. ...
0x004ff5e8: 004ff868 77880ae0 004ff618 0452f2e0 h.O....w..O...R.
0x004ff5f8: 00000000 00000006 00200001 00000000 .......... .....
0x004ff608: 01264010 77899420 00000000 75742a3c .@&. ..w....<*tu
0x004ff618: 74d4fd51 004ff65c 00000000 00000000 Q..t\.O.........
0x004ff628: 00000000 74d4fc60 00000004 74d49500 ....`..t.......t
0x004ff638: b2e98d57 004ff67c 01258cc1 004ff65c W...|.O...%.\.O.
0x004ff648: 00000000 00000000 00000000 00000000 ................
0x004ff658: 00000001 002025c6 000000ff 00000001 .....% .........
0x004ff668: 01151f11 006818dd 000003cd 00000479 ......h.....y...
0x004ff678: 00000818 004ff7d0 0126759b 01a71b27 ......O..u&.'...
0x004ff688: 00000000 002e0000 0584fbb0 00000050 ............P...
0x004ff698: 0000000d 00000001 00000000 00000050 ............P...
0x004ff6a8: 00000042 00000000 00000400 001d0fd0 B...............
0x004ff6b8: 00000000 00000001 0000001a 001d20a0 ............. ..
0x004ff6c8: 0584fdf0 00000056 000206a7 01a918bd ....V...........
0x004ff6d8: 001d20a0 00000056 00000042 1c004121 . ..V...B...!A..
0x004ff6e8: 01c0003f 0000003f 00000000 1c004122 ?...?......."A..
0x004ff6f8: 01c0003f 0000003f 0583bc60 00000047 ?...?...`...G...
0x004ff708: 01c0003f 000001ff 00000000 00000047 ?...........G...
0x004ff718: 00000042 0584fb50 00000055 001d1748 B...P...U...H...
0x004ff728: 001d05a8 004ff700 00000055 00000042 ......O.U...B...
0x004ff738: 0583bbc0 0000004c 0000000f 00000000 ....L...........
0x004ff748: 001d1a24 0000004c 00000042 00c3f2b0 $...L...B.......
0x004ff758: 00000000 00637465 00646567 01a813d9 ....etc.ged.....
0x004ff768: 001d20a0 00000003 00000042 05837a90 . ......B....z..
0x004ff778: 05837ac8 05837ac8 002e0000 00000000 .z...z..........
0x004ff788: 65646968 646e6957 0000776f 01a78650 hideWindow..P...
0x004ff798: 0000000a 00000042 00000000 65726170 ....B.......pare
0x004ff7a8: 5748746e 0100444e 006c3917 0000000a ntHWND...9l.....
0x004ff7b8: 00000042 00c3f2b0 00000000 00000000 B...............
0x004ff7c8: 00000000 002e0001 004ff7e8 01a33e58 ..........O.X>..
0x004ff7d8: 011f0000 00000000 006c3919 00000001 .........9l.....
0x004ff7e8: 004ff878 01a71ad4 011f0000 00000000 x.O.............
0x004ff7f8: 006c3919 00000001 1d9da37a 01a71b27 .9l.....z...'...
0x004ff808: 01a71b27 002e0000 00000044 006c203c '.......D...< l.
0x004ff818: 006c201c 006c1f8e 00000000 00000000 . l...l.........
0x004ff828: 00000000 00000000 00000000 00000000 ................
0x004ff838: 00000000 00000401 00000001 00000000 ................
0x004ff848: 00000000 00010001 00000000 004ff864 ............d.O.
0x004ff858: 01a71b27 00000000 004ff800 4083234f '.........O.O#.@
0x004ff868: 004ff8c4 01a73a30 1fcf30c2 00000000 ..O.0:...0......
0x004ff878: 004ff88c 75388654 002e0000 75388630 ..O.T.8u....0.8u
0x004ff888: b3732f1d 004ff8d4 77874a47 002e0000 ./s...O.GJ.w....
0x004ff898: b1a0a644 00000000 00000000 002e0000 D...............
0x004ff8a8: 00000000 00000000 00000000 00000000 ................
0x004ff8b8: b1a0a644 004ff898 00000000 004ff8dc D.....O.......O.
0x004ff8c8: 77886a20 c67fa460 00000000 004ff8e4  j.w`.........O.
0x004ff8d8: 77874a17 ffffffff 77899ed0 00000000 .J.w.......w....
0x004ff8e8: 00000000 01a71b27 002e0000 00000000 ....'...........
0x004ff8f8: 00000000 00000000 00000000 00000000 ................
0x004ff908: 00000000 00000000 00000000 00000000 ................
0x004ff918: 00000000 00000000 00000000 00000000 ................
0x004ff928: 00000000 00000000 00000000 00000000 ................
0x004ff938: 00000000 00000000 00000000 00000000 ................
0x004ff948: 00000000 00000000 00000000 00000000 ................
0x004ff958: 00000000 00000000 00000000 00000000 ................
0x004ff968: 00000000 00000000 00000000 00000000 ................
0x004ff978: 00000000 00000000 00000000 00000000 ................
0x004ff988: 00000000 00000000 00000000 00000000 ................
0x004ff998: 00000000 00000000 00000000 00000000 ................
0x004ff9a8: 00000000 00000000 00000000 00000000 ................
0x004ff9b8: 00000000 00000000 00000000 00000000 ................
0x004ff9c8: 00000000 00000000 00000000 00000000 ................
0x004ff9d8: 00000000 00000000 00000000 00000000 ................
0x004ff9e8: 00000000 00000000 00000000 00000000 ................
0x004ff9f8: 00000000 00000000 00000000 00000000 ................
0x004ffa08: 00000000 00000000 00000000 00000000 ................
0x004ffa18: 00000000 00000000 00000000 00000000 ................
0x004ffa28: 00000000 00000000 00000000 00000000 ................
0x004ffa38: 00000000 00000000 00000000 00000000 ................
0x004ffa48: 00000000 00000000 00000000 00000000 ................
0x004ffa58: 00000000 00000000 00000000 00000000 ................
0x004ffa68: 00000000 00000000 00000000 00000000 ................
0x004ffa78: 00000000 00000000 00000000 00000000 ................
0x004ffa88: 00000000 00000000 00000000 00000000 ................
0x004ffa98: 00000000 00000000 00000000 00000000 ................
0x004ffaa8: 00000000 00000000 00000000 00000000 ................
0x004ffab8: 00000000 00000000 00000000 00000000 ................
0x004ffac8: 00000000 00000000 00000000 00000000 ................
0x004ffad8: 00000000 00000000 00000000 00000000 ................
0x004ffae8: 00000000 00000000 00000000 00000000 ................
0x004ffaf8: 00000000 00000000 00000000 00000000 ................
0x004ffb08: 00000000 00000000 00000000 00000000 ................
0x004ffb18: 00000000 00000000 00000000 00000000 ................
0x004ffb28: 00000000 00000000 00000000 00000000 ................
0x004ffb38: 00000000 00000000 00000000 00000000 ................
0x004ffb48: 00000000 00000000 00000000 00000000 ................
0x004ffb58: 00000000 00000000 00000000 00000000 ................
0x004ffb68: 00000000 00000000 00000000 00000000 ................
0x004ffb78: 00000000 00000000 00000000 00000000 ................
0x004ffb88: 00000000 00000000 00000000 00000000 ................
0x004ffb98: 00000000 00000000 00000000 00000000 ................
0x004ffba8: 00000000 00000000 00000000 00000000 ................
0x004ffbb8: 00000000 00000000 00000000 00000000 ................
0x004ffbc8: 00000000 00000000 00000000 00000000 ................
0x004ffbd8: 00000000 00000000 00000000 00000000 ................
0x004ffbe8: 00000000 00000000 00000000 00000000 ................
0x004ffbf8: 00000000 00000000 00000000 00000000 ................
0x004ffc08: 00000000 00000000 00000000 00000000 ................
0x004ffc18: 00000000 00000000 00000000 00000000 ................
0x004ffc28: 00000000 00000000 00000000 00000000 ................
0x004ffc38: 00000000 00000000 00000000 00000000 ................
0x004ffc48: 00000000 00000000 00000000 00000000 ................
0x004ffc58: 00000000 00000000 00000000 00000000 ................
0x004ffc68: 00000000 00000000 00000000 00000000 ................
0x004ffc78: 00000000 00000000 00000000 00000000 ................
0x004ffc88: 00000000 00000000 00000000 00000000 ................
0x004ffc98: 00000000 00000000 00000000 00000000 ................
0x004ffca8: 00000000 00000000 00000000 00000000 ................
0x004ffcb8: 00000000 00000000 00000000 00000000 ................
0x004ffcc8: 00000000 00000000 00000000 00000000 ................
0x004ffcd8: 00000000 00000000 00000000 00000000 ................
0x004ffce8: 00000000 00000000 00000000 00000000 ................
0x004ffcf8: 00000000 00000000 00000000 00000000 ................
0x004ffd08: 00000000 00000000 00000000 00000000 ................
0x004ffd18: 00000000 00000000 00000000 00000000 ................
0x004ffd28: 00000000 00000000 00000000 00000000 ................
0x004ffd38: 00000000 00000000 00000000 00000000 ................
0x004ffd48: 00000000 00000000 00000000 00000000 ................
0x004ffd58: 00000000 00000000 00000000 00000000 ................
0x004ffd68: 00000000 00000000 00000000 00000000 ................
0x004ffd78: 00000000 00000000 00000000 00000000 ................
0x004ffd88: 00000000 00000000 00000000 00000000 ................
0x004ffd98: 00000000 00000000 00000000 00000000 ................
0x004ffda8: 00000000 00000000 00000000 00000000 ................
0x004ffdb8: 00000000 00000000 00000000 00000000 ................
0x004ffdc8: 00000000 00000000 00000000 00000000 ................
0x004ffdd8: 00000000 00000000 00000000 00000000 ................
0x004ffde8: 00000000 00000000 00000000 00000000 ................
0x004ffdf8: 00000000 00000000 00000000 00000000 ................
0x004ffe08: 00000000 00000000 00000000 00000000 ................
0x004ffe18: 00000000 00000000 00000000 00000000 ................
0x004ffe28: 00000000 00000000 00000000 00000000 ................
0x004ffe38: 00000000 00000000 00000000 00000000 ................
0x004ffe48: 00000000 00000000 00000000 00000000 ................
0x004ffe58: 00000000 00000000 00000000 00000000 ................
0x004ffe68: 00000000 00000000 00000000 00000000 ................
0x004ffe78: 00000000 00000000 00000000 00000000 ................
0x004ffe88: 00000000 00000000 00000000 00000000 ................
0x004ffe98: 00000000 00000000 00000000 00000000 ................
0x004ffea8: 00000000 00000000 00000000 00000000 ................
0x004ffeb8: 00000000 00000000 00000000 00000000 ................
0x004ffec8: 00000000 00000000 00000000 00000000 ................
0x004ffed8: 00000000 00000000 00000000 00000000 ................
0x004ffee8: 00000000 00000000 00000000 00000000 ................
0x004ffef8: 00000000 00000000 00000000 00000000 ................
0x004fff08: 00000000 00000000 00000000 00000000 ................
0x004fff18: 00000000 00000000 00000000 00000000 ................
0x004fff28: 00000000 00000000 00000000 00000000 ................
0x004fff38: 00000000 00000000 00000000 00000000 ................
0x004fff48: 00000000 00000000 00000000 00000000 ................
0x004fff58: 00000000 00000000 00000000 00000000 ................
0x004fff68: 00000000 00000000 00000000 00000000 ................
0x004fff78: 00000000 00000000 00000000 00000000 ................
0x004fff88: 00000000 00000000 00000000 00000000 ................
0x004fff98: 00000000 00000000 00000000 00000000 ................
0x004fffa8: 00000000 00000000 00000000 00000000 ................
0x004fffb8: 00000000 00000000 00000000 00000000 ................
0x004fffc8: 00000000 00000000 00000000 00000000 ................
0x004fffd8: 00000000 00000000 00000000 00000000 ................
0x004fffe8: 00000000 00000000 00000000 00000000 ................
0x004ffff8: 00000000 00000000                   ........

Module 1
C:\Windows\System32\threadpoolwinrt.dll
Image Base: 0x010f0000  Image Size: 0x00012000
File Size:  60416       File Time:  2017-09-29_154210
Version:
   Company:    Microsoft Corporation
   Product:    Microsoft® Windows® Operating System
   FileDesc:   Windows WinRT Threadpool
   FileVer:    10.0.16299.15
   ProdVer:    10.0.16299.15

Module 2
D:\MyProjects\Speech-Recognition-Unity\SpeechRecognitionUnity\test.exe
Image Base: 0x011f0000  Image Size: 0x01219000
File Size:  18136576    File Time:  2017-03-30_092054
Version:
   Company:    
   Product:    
   FileDesc:   
   FileVer:    5.6.0.31247
   ProdVer:    5.6.0.31247

Module 3
C:\WINDOWS\SYSTEM32\atidxx32.dll
Image Base: 0x08770000  Image Size: 0x00a5c000
File Size:  11011528    File Time:  2016-04-23_025034
Version:
   Company:    Advanced Micro Devices, Inc. 
   Product:    Advanced Micro Devices, Inc. Radeon DirectX 11 Driver
   FileDesc:   atidxx32.dll
   FileVer:    8.17.10.644
   ProdVer:    8.17.10.644

Module 4
C:\WINDOWS\SYSTEM32\atiuxpag.dll
Image Base: 0x0fc50000  Image Size: 0x00023000
File Size:  143048      File Time:  2016-04-23_025034
Version:
   Company:    Advanced Micro Devices, Inc. 
   Product:    Advanced Micro Devices, Inc PowerXpress Vista DX10 User Mode Driver
   FileDesc:   atiuxpag.dll
   FileVer:    8.14.1.6489
   ProdVer:    8.14.1.6489

Module 5
D:\MyProjects\Speech-Recognition-Unity\SpeechRecognitionUnity\test_Data\Mono\mono.dll
Image Base: 0x10000000  Image Size: 0x00231000
File Size:  2115008     File Time:  2017-03-30_092856
Version:
   Company:    Unity Technologies
   Product:    libmono
   FileDesc:   Unity Technologies fork of mono runtime
   FileVer:    1.0.0.1
   ProdVer:    1.0.0.1

Module 6
C:\WINDOWS\SYSTEM32\AUDIOSES.DLL
Image Base: 0x10680000  Image Size: 0x000f4000
File Size:  982016      File Time:  2017-12-08_003128
Version:
   Company:    Microsoft Corporation
   Product:    Microsoft® Windows® Operating System
   FileDesc:   Audio Session
   FileVer:    10.0.16299.125
   ProdVer:    10.0.16299.125

Module 7
C:\Windows\System32\Windows.ApplicationModel.dll
Image Base: 0x11b90000  Image Size: 0x00081000
File Size:  521384      File Time:  2017-09-29_154210
Version:
   Company:    Microsoft Corporation
   Product:    Microsoft® Windows® Operating System
   FileDesc:   Windows ApplicationModel API Server
   FileVer:    10.0.16299.15
   ProdVer:    10.0.16299.15

Module 8
C:\Windows\System32\Windows.Media.Speech.dll
Image Base: 0x11ea0000  Image Size: 0x0013d000
File Size:  1280000     File Time:  2017-12-12_105806
Version:
   Company:    Microsoft Corporation
   Product:    Microsoft® Windows® Operating System
   FileDesc:   Windows Speech Runtime DLL
   FileVer:    10.0.16299.64
   ProdVer:    10.0.16299.64

Module 9
C:\Windows\System32\Windows.Globalization.dll
Image Base: 0x11fe0000  Image Size: 0x00134000
File Size:  1239552     File Time:  2017-09-29_154210
Version:
   Company:    Microsoft Corporation
   Product:    Microsoft® Windows® Operating System
   FileDesc:   Windows Globalization
   FileVer:    10.0.16299.15
   ProdVer:    10.0.16299.15

Module 10
C:\Windows\System32\Windows.Media.Devices.dll
Image Base: 0x14540000  Image Size: 0x00031000
File Size:  181248      File Time:  2017-09-29_154210
Version:
   Company:    Microsoft Corporation
   Product:    Microsoft® Windows® Operating System
   FileDesc:   Windows Runtime media device server DLL
   FileVer:    10.0.16299.15
   ProdVer:    10.0.16299.15

Module 11
C:\Windows\System32\Windows.Web.dll
Image Base: 0x14e30000  Image Size: 0x00095000
File Size:  593408      File Time:  2017-09-29_154212
Version:
   Company:    Microsoft Corporation
   Product:    Microsoft® Windows® Operating System
   FileDesc:   Web Client DLL
   FileVer:    10.0.16299.15
   ProdVer:    10.0.16299.15

Module 12
C:\WINDOWS\System32\Speech_OneCore\Common\sapi_onecore.dll
Image Base: 0x151b0000  Image Size: 0x00422000
File Size:  4296192     File Time:  2017-12-12_110036
Version:
   Company:    Microsoft Corporation
   Product:    Microsoft® Speech Recognizer 11.1
   FileDesc:   Speech API
   FileVer:    5.3.16299.98
   ProdVer:    5.3.16299.98

Module 13
C:\WINDOWS\System32\MMDevApi.dll
Image Base: 0x54a80000  Image Size: 0x0005b000
File Size:  361632      File Time:  2017-09-29_154210
Version:
   Company:    Microsoft Corporation
   Product:    Microsoft® Windows® Operating System
   FileDesc:   MMDevice API
   FileVer:    10.0.16299.15
   ProdVer:    10.0.16299.15

Module 14
C:\WINDOWS\SYSTEM32\OPENGL32.dll
Image Base: 0x55940000  Image Size: 0x000df000
File Size:  777216      File Time:  2017-09-29_154224
Version:
   Company:    Microsoft Corporation
   Product:    Microsoft® Windows® Operating System
   FileDesc:   OpenGL Client DLL
   FileVer:    10.0.16299.15
   ProdVer:    10.0.16299.15

Module 15
C:\WINDOWS\SYSTEM32\dxgi.dll
Image Base: 0x5f440000  Image Size: 0x00093000
File Size:  590944      File Time:  2017-12-12_110036
Version:
   Company:    Microsoft Corporation
   Product:    Microsoft® Windows® Operating System
   FileDesc:   DirectX Graphics Infrastructure
   FileVer:    10.0.16299.98
   ProdVer:    10.0.16299.98

Module 16
C:\WINDOWS\SYSTEM32\d3d11.dll
Image Base: 0x5f710000  Image Size: 0x0023e000
File Size:  2339296     File Time:  2017-12-12_110036
Version:
   Company:    Microsoft Corporation
   Product:    Microsoft® Windows® Operating System
   FileDesc:   Direct3D 11 Runtime
   FileVer:    10.0.16299.98
   ProdVer:    10.0.16299.98

Module 17
C:\WINDOWS\SYSTEM32\aticfx32.dll
Image Base: 0x60bc0000  Image Size: 0x0012f000
File Size:  1249632     File Time:  2016-04-23_025032
Version:
   Company:    Advanced Micro Devices, Inc. 
   Product:    AMD Inc. Radeon DirectX 11 Driver
   FileDesc:   aticfx32.dll
   FileVer:    8.17.10.1429
   ProdVer:    8.17.10.1429

Module 18
C:\Windows\System32\msvcp110_win.dll
Image Base: 0x60cf0000  Image Size: 0x00067000
File Size:  417360      File Time:  2017-09-29_154216
Version:
   Company:    Microsoft Corporation
   Product:    Microsoft® Windows® Operating System
   FileDesc:   Microsoft® STL110 C++ Runtime Library
   FileVer:    10.0.16299.15
   ProdVer:    10.0.16299.15

Module 19
C:\Windows\System32\Bcp47Langs.dll
Image Base: 0x611a0000  Image Size: 0x00050000
File Size:  318776      File Time:  2017-09-29_154212
Version:
   Company:    Microsoft Corporation
   Product:    Microsoft® Windows® Operating System
   FileDesc:   BCP47 Language Classes
   FileVer:    10.0.16299.15
   ProdVer:    10.0.16299.15

Module 20
C:\WINDOWS\SYSTEM32\GLU32.dll
Image Base: 0x61a20000  Image Size: 0x00025000
File Size:  138752      File Time:  2017-09-29_154224
Version:
   Company:    Microsoft Corporation
   Product:    Microsoft® Windows® Operating System
   FileDesc:   OpenGL Utility Library DLL
   FileVer:    10.0.16299.15
   ProdVer:    10.0.16299.15

Module 21
C:\Windows\System32\msxml6.dll
Image Base: 0x61ea0000  Image Size: 0x001e6000
File Size:  1990160     File Time:  2017-12-12_110030
Version:
   Company:    Microsoft Corporation
   Product:    Microsoft XML Core Services
   FileDesc:   MSXML 6.0
   FileVer:    6.30.16299.98
   ProdVer:    6.30.16299.98

Module 22
C:\WINDOWS\system32\dwmapi.dll
Image Base: 0x63a90000  Image Size: 0x00023000
File Size:  126872      File Time:  2017-09-29_154218
Version:
   Company:    Microsoft Corporation
   Product:    Microsoft® Windows® Operating System
   FileDesc:   Microsoft Desktop Window Manager API
   FileVer:    10.0.16299.15
   ProdVer:    10.0.16299.15

Module 23
C:\WINDOWS\SYSTEM32\wdmaud.drv
Image Base: 0x64950000  Image Size: 0x0003a000
File Size:  212480      File Time:  2017-09-29_154210
Version:
   Company:    Microsoft Corporation
   Product:    Microsoft® Windows® Operating System
   FileDesc:   Winmm  audio system driver
   FileVer:    10.0.16299.15
   ProdVer:    10.0.16299.15

Module 24
C:\WINDOWS\SYSTEM32\AVRT.dll
Image Base: 0x64fb0000  Image Size: 0x00008000
File Size:  27416       File Time:  2017-09-29_154210
Version:
   Company:    Microsoft Corporation
   Product:    Microsoft® Windows® Operating System
   FileDesc:   Multimedia Realtime Runtime
   FileVer:    10.0.16299.15
   ProdVer:    10.0.16299.15

Module 25
C:\WINDOWS\SYSTEM32\MSACM32.dll
Image Base: 0x64fd0000  Image Size: 0x00019000
File Size:  93568       File Time:  2017-09-29_154210
Version:
   Company:    Microsoft Corporation
   Product:    Microsoft® Windows® Operating System
   FileDesc:   Microsoft ACM Audio Filter
   FileVer:    10.0.16299.15
   ProdVer:    10.0.16299.15

Module 26
C:\WINDOWS\System32\PROPSYS.dll
Image Base: 0x656a0000  Image Size: 0x0017a000
File Size:  1555232     File Time:  2017-09-29_154212
Version:
   Company:    Microsoft Corporation
   Product:    Windows® Search
   FileDesc:   Microsoft Property System
   FileVer:    7.0.16299.15
   ProdVer:    7.0.16299.15

Module 27
C:\WINDOWS\SYSTEM32\CoreUIComponents.dll
Image Base: 0x65e90000  Image Size: 0x00234000
File Size:  2313472     File Time:  2017-09-29_154212
Version:
   Company:    Microsoft Corporation
   Product:    Microsoft® Windows® Operating System
   FileDesc:   Microsoft Core UI Components Dll
   FileVer:    10.0.16299.15
   ProdVer:    10.0.16299.15

Module 28
C:\WINDOWS\SYSTEM32\CoreMessaging.dll
Image Base: 0x660d0000  Image Size: 0x0008c000
File Size:  566664      File Time:  2017-09-29_154216
Version:
   Company:    Microsoft Corporation
   Product:    Microsoft® Windows® Operating System
   FileDesc:   Microsoft CoreMessaging Dll
   FileVer:    10.0.16299.15
   ProdVer:    10.0.16299.15

Module 29
C:\WINDOWS\SYSTEM32\TextInputFramework.dll
Image Base: 0x66160000  Image Size: 0x00077000
File Size:  480912      File Time:  2017-09-29_154212
Version:
   Company:    Microsoft Corporation
   Product:    Microsoft® Windows® Operating System
   FileDesc:   "TextInputFramework.DYNLINK"
   FileVer:    10.0.16299.15
   ProdVer:    10.0.16299.15

Module 30
C:\WINDOWS\SYSTEM32\wintypes.dll
Image Base: 0x67f40000  Image Size: 0x000cb000
File Size:  832648      File Time:  2017-09-29_154216
Version:
   Company:    Microsoft Corporation
   Product:    Microsoft® Windows® Operating System
   FileDesc:   Windows Base Types DLL
   FileVer:    10.0.16299.15
   ProdVer:    10.0.16299.15

Module 31
C:\Windows\System32\RMCLIENT.dll
Image Base: 0x68010000  Image Size: 0x0001a000
File Size:  98344       File Time:  2017-09-29_154212
Version:
   Company:    Microsoft Corporation
   Product:    Microsoft® Windows® Operating System
   FileDesc:   Resource Manager Client
   FileVer:    10.0.16299.15
   ProdVer:    10.0.16299.15

Module 32
C:\WINDOWS\system32\wbem\fastprox.dll
Image Base: 0x68030000  Image Size: 0x000c0000
File Size:  769536      File Time:  2017-09-29_154220
Version:
   Company:    Microsoft Corporation
   Product:    Microsoft® Windows® Operating System
   FileDesc:   WMI Custom Marshaller
   FileVer:    10.0.16299.15
   ProdVer:    10.0.16299.15

Module 33
C:\WINDOWS\system32\wbem\wbemsvc.dll
Image Base: 0x680f0000  Image Size: 0x00010000
File Size:  48640       File Time:  2017-09-29_154220
Version:
   Company:    Microsoft Corporation
   Product:    Microsoft® Windows® Operating System
   FileDesc:   WMI
   FileVer:    10.0.16299.15
   ProdVer:    10.0.16299.15

Module 34
C:\WINDOWS\SYSTEM32\wbemcomn.dll
Image Base: 0x68100000  Image Size: 0x00068000
File Size:  397824      File Time:  2017-09-29_154220
Version:
   Company:    Microsoft Corporation
   Product:    Microsoft® Windows® Operating System
   FileDesc:   WMI
   FileVer:    10.0.16299.15
   ProdVer:    10.0.16299.15

Module 35
C:\Windows\System32\urlmon.dll
Image Base: 0x689a0000  Image Size: 0x0018c000
File Size:  1559552     File Time:  2017-12-08_000326
Version:
   Company:    Microsoft Corporation
   Product:    Internet Explorer
   FileDesc:   OLE32 Extensions for Win32
   FileVer:    11.0.16299.125
   ProdVer:    11.0.16299.125

Module 36
C:\WINDOWS\SYSTEM32\WINMMBASE.dll
Image Base: 0x68b80000  Image Size: 0x00023000
File Size:  129864      File Time:  2017-09-29_154210
Version:
   Company:    Microsoft Corporation
   Product:    Microsoft® Windows® Operating System
   FileDesc:   Base Multimedia Extension API DLL
   FileVer:    10.0.16299.15
   ProdVer:    10.0.16299.15

Module 37
C:\WINDOWS\SYSTEM32\WINMM.dll
Image Base: 0x69110000  Image Size: 0x00024000
File Size:  135432      File Time:  2017-09-29_154210
Version:
   Company:    Microsoft Corporation
   Product:    Microsoft® Windows® Operating System
   FileDesc:   MCI API DLL
   FileVer:    10.0.16299.15
   ProdVer:    10.0.16299.15

Module 38
C:\WINDOWS\system32\uxtheme.dll
Image Base: 0x691a0000  Image Size: 0x00079000
File Size:  472576      File Time:  2017-09-29_154226
Version:
   Company:    Microsoft Corporation
   Product:    Microsoft® Windows® Operating System
   FileDesc:   Microsoft UxTheme Library
   FileVer:    10.0.16299.15
   ProdVer:    10.0.16299.15

Module 39
C:\WINDOWS\WinSxS\x86_microsoft.windows.common-controls_6595b64144ccf1df_6.0.16299.125_none_5d79065fa7de350f\comctl32.dll
Image Base: 0x69220000  Image Size: 0x00211000
File Size:  2150808     File Time:  2017-12-08_003120
Version:
   Company:    Microsoft Corporation
   Product:    Microsoft® Windows® Operating System
   FileDesc:   User Experience Controls Library
   FileVer:    6.10.16299.125
   ProdVer:    10.0.16299.125

Module 40
C:\WINDOWS\SYSTEM32\twinapi.appcore.dll
Image Base: 0x6a1f0000  Image Size: 0x00134000
File Size:  1261864     File Time:  2017-12-12_105806
Version:
   Company:    Microsoft Corporation
   Product:    Microsoft® Windows® Operating System
   FileDesc:   twinapi.appcore
   FileVer:    10.0.16299.19
   ProdVer:    10.0.16299.19

Module 41
C:\Program Files\AVAST Software\Avast\aswhookx.dll
Image Base: 0x6a330000  Image Size: 0x0002f000
File Size:  199936      File Time:  2018-01-06_205614
Version:
   Company:    AVAST Software
   Product:    Avast
   FileDesc:   Hook Library
   FileVer:    17.9.3.19960
   ProdVer:    17.9.3.19960

Module 42
C:\WINDOWS\System32\Speech_OneCore\Engines\SR\spsrx_onecore.dll
Image Base: 0x6a580000  Image Size: 0x00015000
File Size:  72704       File Time:  2017-09-29_154214
Version:
   Company:    Microsoft Corporation
   Product:    Microsoft® Speech Recognizer 11.1
   FileDesc:   Microsoft® Speech Recognition Engine Extensions
   FileVer:    11.1.16299.15
   ProdVer:    11.1.16299.15

Module 43
C:\Windows\System32\Speech_OneCore\Common\SpeechServiceWinRTApi.ProxyStub.dll
Image Base: 0x6a5a0000  Image Size: 0x0000f000
File Size:  46080       File Time:  2017-09-29_154212
Version:
   Company:    Microsoft Corporation
   Product:    Microsoft® Windows® Operating System
   FileDesc:   Speech Service Proxy/Stub System DLL
   FileVer:    10.0.16299.15
   ProdVer:    10.0.16299.15

Module 44
C:\WINDOWS\system32\wbem\wbemprox.dll
Image Base: 0x6a850000  Image Size: 0x0000d000
File Size:  35840       File Time:  2017-09-29_154220
Version:
   Company:    Microsoft Corporation
   Product:    Microsoft® Windows® Operating System
   FileDesc:   WMI
   FileVer:    10.0.16299.15
   ProdVer:    10.0.16299.15

Module 45
C:\WINDOWS\System32\fwpuclnt.dll
Image Base: 0x6a9f0000  Image Size: 0x0004e000
File Size:  300544      File Time:  2017-09-29_154212
Version:
   Company:    Microsoft Corporation
   Product:    Microsoft® Windows® Operating System
   FileDesc:   FWP/IPsec User-Mode API
   FileVer:    10.0.16299.15
   ProdVer:    10.0.16299.15

Module 46
C:\Windows\System32\rasadhlp.dll
Image Base: 0x6abf0000  Image Size: 0x00008000
File Size:  12800       File Time:  2017-09-29_154224
Version:
   Company:    Microsoft Corporation
   Product:    Microsoft® Windows® Operating System
   FileDesc:   Remote Access AutoDial Helper
   FileVer:    10.0.16299.15
   ProdVer:    10.0.16299.15

Module 47
C:\WINDOWS\SYSTEM32\midimap.dll
Image Base: 0x6af20000  Image Size: 0x00008000
File Size:  18944       File Time:  2017-09-29_154210
Version:
   Company:    Microsoft Corporation
   Product:    Microsoft® Windows® Operating System
   FileDesc:   Microsoft MIDI Mapper
   FileVer:    10.0.16299.15
   ProdVer:    10.0.16299.15

Module 48
C:\WINDOWS\SYSTEM32\msacm32.drv
Image Base: 0x6b700000  Image Size: 0x0000a000
File Size:  24576       File Time:  2017-09-29_154210
Version:
   Company:    Microsoft Corporation
   Product:    Microsoft® Windows® Operating System
   FileDesc:   Microsoft Sound Mapper
   FileVer:    10.0.16299.15
   ProdVer:    10.0.16299.15

Module 49
C:\WINDOWS\SYSTEM32\dhcpcsvc.DLL
Image Base: 0x6dde0000  Image Size: 0x00014000
File Size:  62976       File Time:  2017-09-29_154218
Version:
   Company:    Microsoft Corporation
   Product:    Microsoft® Windows® Operating System
   FileDesc:   DHCP Client Service
   FileVer:    10.0.16299.15
   ProdVer:    10.0.16299.15

Module 50
C:\WINDOWS\SYSTEM32\dhcpcsvc6.DLL
Image Base: 0x6de70000  Image Size: 0x00013000
File Size:  57856       File Time:  2017-09-29_154218
Version:
   Company:    Microsoft Corporation
   Product:    Microsoft® Windows® Operating System
   FileDesc:   DHCPv6 Client
   FileVer:    10.0.16299.15
   ProdVer:    10.0.16299.15

Module 51
C:\WINDOWS\SYSTEM32\MSWSOCK.dll
Image Base: 0x6dfb0000  Image Size: 0x00055000
File Size:  334744      File Time:  2017-09-29_154216
Version:
   Company:    Microsoft Corporation
   Product:    Microsoft® Windows® Operating System
   FileDesc:   Microsoft Windows Sockets 2.0 Service Provider
   FileVer:    10.0.16299.15
   ProdVer:    10.0.16299.15

Module 52
C:\Windows\System32\iertutil.dll
Image Base: 0x6ef80000  Image Size: 0x00219000
File Size:  2192112     File Time:  2017-12-08_003406
Version:
   Company:    Microsoft Corporation
   Product:    Internet Explorer
   FileDesc:   Run time utility for Internet Explorer
   FileVer:    11.0.16299.125
   ProdVer:    11.0.16299.125

Module 53
C:\WINDOWS\System32\DEVOBJ.dll
Image Base: 0x718b0000  Image Size: 0x00022000
File Size:  132288      File Time:  2017-09-29_154218
Version:
   Company:    Microsoft Corporation
   Product:    Microsoft® Windows® Operating System
   FileDesc:   Device Information Set DLL
   FileVer:    10.0.16299.15
   ProdVer:    10.0.16299.15

Module 54
C:\WINDOWS\SYSTEM32\ntmarta.dll
Image Base: 0x72030000  Image Size: 0x00028000
File Size:  152440      File Time:  2017-09-29_154216
Version:
   Company:    Microsoft Corporation
   Product:    Microsoft® Windows® Operating System
   FileDesc:   Windows NT MARTA provider
   FileVer:    10.0.16299.15
   ProdVer:    10.0.16299.15

Module 55
C:\WINDOWS\SYSTEM32\HID.DLL
Image Base: 0x72060000  Image Size: 0x0000a000
File Size:  25600       File Time:  2017-09-29_154218
Version:
   Company:    Microsoft Corporation
   Product:    Microsoft® Windows® Operating System
   FileDesc:   Hid User Library
   FileVer:    10.0.16299.15
   ProdVer:    10.0.16299.15

Module 56
C:\WINDOWS\SYSTEM32\USERENV.dll
Image Base: 0x72790000  Image Size: 0x00022000
File Size:  133312      File Time:  2017-09-29_154218
Version:
   Company:    Microsoft Corporation
   Product:    Microsoft® Windows® Operating System
   FileDesc:   Userenv
   FileVer:    10.0.16299.15
   ProdVer:    10.0.16299.15

Module 57
C:\WINDOWS\SYSTEM32\bcrypt.dll
Image Base: 0x733a0000  Image Size: 0x00019000
File Size:  97144       File Time:  2017-12-08_005546
Version:
   Company:    Microsoft Corporation
   Product:    Microsoft® Windows® Operating System
   FileDesc:   Windows Cryptographic Primitives Library
   FileVer:    10.0.16299.125
   ProdVer:    10.0.16299.125

Module 58
C:\WINDOWS\system32\rsaenh.dll
Image Base: 0x733c0000  Image Size: 0x0002f000
File Size:  184984      File Time:  2017-09-29_154216
Version:
   Company:    Microsoft Corporation
   Product:    Microsoft® Windows® Operating System
   FileDesc:   Microsoft Enhanced Cryptographic Provider
   FileVer:    10.0.16299.15
   ProdVer:    10.0.16299.15

Module 59
C:\WINDOWS\SYSTEM32\CRYPTSP.dll
Image Base: 0x733f0000  Image Size: 0x00013000
File Size:  68264       File Time:  2017-09-29_154216
Version:
   Company:    Microsoft Corporation
   Product:    Microsoft® Windows® Operating System
   FileDesc:   Cryptographic Service Provider API
   FileVer:    10.0.16299.15
   ProdVer:    10.0.16299.15

Module 60
C:\WINDOWS\SYSTEM32\dbghelp.dll
Image Base: 0x73500000  Image Size: 0x00181000
File Size:  1435136     File Time:  2017-09-29_154218
Version:
   Company:    Microsoft Corporation
   Product:    Microsoft® Windows® Operating System
   FileDesc:   Windows Image Helper
   FileVer:    10.0.16299.15
   ProdVer:    10.0.16299.15

Module 61
C:\WINDOWS\SYSTEM32\IPHLPAPI.DLL
Image Base: 0x736d0000  Image Size: 0x00030000
File Size:  189112      File Time:  2017-09-29_154216
Version:
   Company:    Microsoft Corporation
   Product:    Microsoft® Windows® Operating System
   FileDesc:   IP Helper API
   FileVer:    10.0.16299.15
   ProdVer:    10.0.16299.15

Module 62
C:\WINDOWS\SYSTEM32\DNSAPI.dll
Image Base: 0x73700000  Image Size: 0x00094000
File Size:  597160      File Time:  2017-12-12_105806
Version:
   Company:    Microsoft Corporation
   Product:    Microsoft® Windows® Operating System
   FileDesc:   DNS Client API DLL
   FileVer:    10.0.16299.19
   ProdVer:    10.0.16299.19

Module 63
C:\WINDOWS\SYSTEM32\WINHTTP.dll
Image Base: 0x737a0000  Image Size: 0x000ad000
File Size:  703568      File Time:  2017-12-12_110030
Version:
   Company:    Microsoft Corporation
   Product:    Microsoft® Windows® Operating System
   FileDesc:   Windows HTTP Services
   FileVer:    10.0.16299.98
   ProdVer:    10.0.16299.98

Module 64
C:\WINDOWS\SYSTEM32\VERSION.dll
Image Base: 0x73b30000  Image Size: 0x00008000
File Size:  27416       File Time:  2017-09-29_154226
Version:
   Company:    Microsoft Corporation
   Product:    Microsoft® Windows® Operating System
   FileDesc:   Version Checking and File Installation Libraries
   FileVer:    10.0.16299.15
   ProdVer:    10.0.16299.15

Module 65
C:\WINDOWS\System32\CRYPTBASE.dll
Image Base: 0x74220000  Image Size: 0x0000a000
File Size:  31584       File Time:  2017-09-29_154228
Version:
   Company:    Microsoft Corporation
   Product:    Microsoft® Windows® Operating System
   FileDesc:   Base cryptographic API DLL
   FileVer:    10.0.16299.15
   ProdVer:    10.0.16299.15

Module 66
C:\WINDOWS\System32\SspiCli.dll
Image Base: 0x74230000  Image Size: 0x00020000
File Size:  123512      File Time:  2017-12-08_005804
Version:
   Company:    Microsoft Corporation
   Product:    Microsoft® Windows® Operating System
   FileDesc:   Security Support Provider Interface
   FileVer:    10.0.16299.125
   ProdVer:    10.0.16299.125

Module 67
C:\WINDOWS\System32\msvcp_win.dll
Image Base: 0x743e0000  Image Size: 0x0007c000
File Size:  504272      File Time:  2017-09-29_154216
Version:
   Company:    Microsoft Corporation
   Product:    Microsoft® Windows® Operating System
   FileDesc:   Microsoft® C Runtime Library
   FileVer:    10.0.16299.15
   ProdVer:    10.0.16299.15

Module 68
C:\WINDOWS\System32\IMM32.dll
Image Base: 0x74460000  Image Size: 0x00025000
File Size:  143152      File Time:  2017-09-29_154216
Version:
   Company:    Microsoft Corporation
   Product:    Microsoft® Windows® Operating System
   FileDesc:   Multi-User Windows IMM32 API Client DLL
   FileVer:    10.0.16299.15
   ProdVer:    10.0.16299.15

Module 69
C:\WINDOWS\System32\windows.storage.dll
Image Base: 0x74570000  Image Size: 0x005c6000
File Size:  6092664     File Time:  2017-12-08_003956
Version:
   Company:    Microsoft Corporation
   Product:    Microsoft® Windows® Operating System
   FileDesc:   Microsoft WinRT Storage API
   FileVer:    10.0.16299.125
   ProdVer:    10.0.16299.125

Module 70
C:\WINDOWS\System32\bcryptPrimitives.dll
Image Base: 0x74b40000  Image Size: 0x00057000
File Size:  353848      File Time:  2017-12-12_110030
Version:
   Company:    Microsoft Corporation
   Product:    Microsoft® Windows® Operating System
   FileDesc:   Windows Cryptographic Primitives Library
   FileVer:    10.0.16299.98
   ProdVer:    10.0.16299.98

Module 71
C:\WINDOWS\System32\MSCTF.dll
Image Base: 0x74ba0000  Image Size: 0x00144000
File Size:  1323840     File Time:  2017-12-12_105806
Version:
   Company:    Microsoft Corporation
   Product:    Microsoft® Windows® Operating System
   FileDesc:   MSCTF Server DLL
   FileVer:    10.0.16299.19
   ProdVer:    10.0.16299.19

Module 72
C:\WINDOWS\System32\USER32.dll
Image Base: 0x74d40000  Image Size: 0x00175000
File Size:  1528904     File Time:  2017-12-08_005618
Version:
   Company:    Microsoft Corporation
   Product:    Microsoft® Windows® Operating System
   FileDesc:   Multi-User Windows USER API Client DLL
   FileVer:    10.0.16299.125
   ProdVer:    10.0.16299.125

Module 73
C:\WINDOWS\System32\profapi.dll
Image Base: 0x75350000  Image Size: 0x00014000
File Size:  73416       File Time:  2017-09-29_154228
Version:
   Company:    Microsoft Corporation
   Product:    Microsoft® Windows® Operating System
   FileDesc:   User Profile Basic API
   FileVer:    10.0.16299.15
   ProdVer:    10.0.16299.15

Module 74
C:\WINDOWS\System32\KERNEL32.DLL
Image Base: 0x75370000  Image Size: 0x000d0000
File Size:  594552      File Time:  2017-09-29_154228
Version:
   Company:    Microsoft Corporation
   Product:    Microsoft® Windows® Operating System
   FileDesc:   Windows NT BASE API Client DLL
   FileVer:    10.0.16299.15
   ProdVer:    10.0.16299.15

Module 75
C:\WINDOWS\System32\KERNELBASE.dll
Image Base: 0x75440000  Image Size: 0x001d7000
File Size:  1930224     File Time:  2017-09-29_154144
Version:
   Company:    Microsoft Corporation
   Product:    Microsoft® Windows® Operating System
   FileDesc:   Windows NT BASE API Client DLL
   FileVer:    10.0.16299.15
   ProdVer:    10.0.16299.15

Module 76
C:\WINDOWS\System32\ucrtbase.dll
Image Base: 0x75620000  Image Size: 0x00117000
File Size:  1145104     File Time:  2017-12-08_003728
Version:
   Company:    Microsoft Corporation
   Product:    Microsoft® Windows® Operating System
   FileDesc:   Microsoft® C Runtime Library
   FileVer:    10.0.16299.125
   ProdVer:    10.0.16299.125

Module 77
C:\WINDOWS\System32\win32u.dll
Image Base: 0x75740000  Image Size: 0x00016000
File Size:  83728       File Time:  2017-09-29_154210
Version:
   Company:    Microsoft Corporation
   Product:    Microsoft® Windows® Operating System
   FileDesc:   Win32u
   FileVer:    10.0.16299.15
   ProdVer:    10.0.16299.15

Module 78
C:\WINDOWS\System32\sechost.dll
Image Base: 0x75760000  Image Size: 0x00043000
File Size:  267112      File Time:  2017-09-29_154228
Version:
   Company:    Microsoft Corporation
   Product:    Microsoft® Windows® Operating System
   FileDesc:   Host for SCM/SDDL/LSA Lookup APIs
   FileVer:    10.0.16299.15
   ProdVer:    10.0.16299.15

Module 79
C:\WINDOWS\System32\RPCRT4.dll
Image Base: 0x757b0000  Image Size: 0x000be000
File Size:  777904      File Time:  2017-09-29_154228
Version:
   Company:    Microsoft Corporation
   Product:    Microsoft® Windows® Operating System
   FileDesc:   Remote Procedure Call Runtime
   FileVer:    10.0.16299.15
   ProdVer:    10.0.16299.15

Module 80
C:\WINDOWS\System32\OLEAUT32.dll
Image Base: 0x75870000  Image Size: 0x00093000
File Size:  593536      File Time:  2017-09-29_154216
Version:
   Company:    Microsoft Corporation
   Product:    Microsoft® Windows® Operating System
   FileDesc:   OLEAUT32.DLL
   FileVer:    10.0.16299.15
   ProdVer:    10.0.16299.15

Module 81
C:\WINDOWS\System32\SHLWAPI.dll
Image Base: 0x75910000  Image Size: 0x00045000
File Size:  279472      File Time:  2017-09-29_154226
Version:
   Company:    Microsoft Corporation
   Product:    Microsoft® Windows® Operating System
   FileDesc:   Shell Light-weight Utility Library
   FileVer:    10.0.16299.15
   ProdVer:    10.0.16299.15

Module 82
C:\WINDOWS\System32\gdi32full.dll
Image Base: 0x759c0000  Image Size: 0x0015e000
File Size:  1432816     File Time:  2017-12-12_110036
Version:
   Company:    Microsoft Corporation
   Product:    Microsoft® Windows® Operating System
   FileDesc:   GDI Client DLL
   FileVer:    10.0.16299.98
   ProdVer:    10.0.16299.98

Module 83
C:\WINDOWS\System32\kernel.appcore.dll
Image Base: 0x75b20000  Image Size: 0x0000e000
File Size:  47600       File Time:  2017-09-29_154212
Version:
   Company:    Microsoft Corporation
   Product:    Microsoft® Windows® Operating System
   FileDesc:   AppModel API Host
   FileVer:    10.0.16299.15
   ProdVer:    10.0.16299.15

Module 84
C:\WINDOWS\System32\WS2_32.dll
Image Base: 0x75b30000  Image Size: 0x00066000
File Size:  409168      File Time:  2017-09-29_154228
Version:
   Company:    Microsoft Corporation
   Product:    Microsoft® Windows® Operating System
   FileDesc:   Windows Socket 2.0 32-Bit DLL
   FileVer:    10.0.16299.15
   ProdVer:    10.0.16299.15

Module 85
C:\WINDOWS\System32\SHELL32.dll
Image Base: 0x75ba0000  Image Size: 0x01333000
File Size:  20286120    File Time:  2017-12-08_003218
Version:
   Company:    Microsoft Corporation
   Product:    Microsoft® Windows® Operating System
   FileDesc:   Windows Shell Common Dll
   FileVer:    10.0.16299.125
   ProdVer:    10.0.16299.125

Module 86
C:\WINDOWS\System32\imagehlp.dll
Image Base: 0x76ee0000  Image Size: 0x00019000
File Size:  95576       File Time:  2017-09-29_154146
Version:
   Company:    Microsoft Corporation
   Product:    Microsoft® Windows® Operating System
   FileDesc:   Windows NT Image Helper
   FileVer:    10.0.16299.15
   ProdVer:    10.0.16299.15

Module 87
C:\WINDOWS\System32\combase.dll
Image Base: 0x76f00000  Image Size: 0x00246000
File Size:  2386312     File Time:  2017-09-29_154216
Version:
   Company:    Microsoft Corporation
   Product:    Microsoft® Windows® Operating System
   FileDesc:   Microsoft COM for Windows
   FileVer:    10.0.16299.15
   ProdVer:    10.0.16299.15

Module 88
C:\WINDOWS\System32\ADVAPI32.dll
Image Base: 0x77150000  Image Size: 0x00078000
File Size:  481464      File Time:  2017-09-29_154228
Version:
   Company:    Microsoft Corporation
   Product:    Microsoft® Windows® Operating System
   FileDesc:   Advanced Windows 32 Base API
   FileVer:    10.0.16299.15
   ProdVer:    10.0.16299.15

Module 89
C:\WINDOWS\System32\PSAPI.DLL
Image Base: 0x771d0000  Image Size: 0x00006000
File Size:  17104       File Time:  2017-09-29_154214
Version:
   Company:    Microsoft Corporation
   Product:    Microsoft® Windows® Operating System
   FileDesc:   Process Status Helper
   FileVer:    10.0.16299.15
   ProdVer:    10.0.16299.15

Module 90
C:\WINDOWS\System32\shcore.dll
Image Base: 0x77360000  Image Size: 0x00088000
File Size:  550168      File Time:  2017-09-29_154214
Version:
   Company:    Microsoft Corporation
   Product:    Microsoft® Windows® Operating System
   FileDesc:   SHCORE
   FileVer:    10.0.16299.15
   ProdVer:    10.0.16299.15

Module 91
C:\WINDOWS\System32\GDI32.dll
Image Base: 0x77400000  Image Size: 0x00022000
File Size:  133824      File Time:  2017-09-29_154212
Version:
   Company:    Microsoft Corporation
   Product:    Microsoft® Windows® Operating System
   FileDesc:   GDI Client DLL
   FileVer:    10.0.16299.15
   ProdVer:    10.0.16299.15

Module 92
C:\WINDOWS\System32\cfgmgr32.dll
Image Base: 0x77430000  Image Size: 0x00038000
File Size:  224216      File Time:  2017-09-29_154218
Version:
   Company:    Microsoft Corporation
   Product:    Microsoft® Windows® Operating System
   FileDesc:   Configuration Manager DLL
   FileVer:    10.0.16299.15
   ProdVer:    10.0.16299.15

Module 93
C:\WINDOWS\System32\NSI.dll
Image Base: 0x77470000  Image Size: 0x00007000
File Size:  20216       File Time:  2017-09-29_154144
Version:
   Company:    Microsoft Corporation
   Product:    Microsoft® Windows® Operating System
   FileDesc:   NSI User-mode interface DLL
   FileVer:    10.0.16299.15
   ProdVer:    10.0.16299.15

Module 94
C:\WINDOWS\System32\clbcatq.dll
Image Base: 0x77480000  Image Size: 0x00082000
File Size:  519640      File Time:  2017-09-29_154216
Version:
   Company:    Microsoft Corporation
   Product:    Microsoft® Windows® Operating System
   FileDesc:   COM+ Configuration Catalog
   FileVer:    2001.12.10941.16384
   ProdVer:    10.0.16299.15

Module 95
C:\WINDOWS\System32\ole32.dll
Image Base: 0x77570000  Image Size: 0x000f7000
File Size:  1003152     File Time:  2017-09-29_154214
Version:
   Company:    Microsoft Corporation
   Product:    Microsoft® Windows® Operating System
   FileDesc:   Microsoft OLE for Windows
   FileVer:    10.0.16299.15
   ProdVer:    10.0.16299.15

Module 96
C:\WINDOWS\System32\powrprof.dll
Image Base: 0x77670000  Image Size: 0x00045000
File Size:  273840      File Time:  2017-09-29_154216
Version:
   Company:    Microsoft Corporation
   Product:    Microsoft® Windows® Operating System
   FileDesc:   Power Profile Helper DLL
   FileVer:    10.0.16299.15
   ProdVer:    10.0.16299.15

Module 97
C:\WINDOWS\System32\msvcrt.dll
Image Base: 0x776c0000  Image Size: 0x000bd000
File Size:  769096      File Time:  2017-12-08_003648
Version:
   Company:    Microsoft Corporation
   Product:    Microsoft® Windows® Operating System
   FileDesc:   Windows NT CRT DLL
   FileVer:    7.0.16299.125
   ProdVer:    10.0.16299.125

Module 98
C:\WINDOWS\SYSTEM32\ntdll.dll
Image Base: 0x77810000  Image Size: 0x0018d000
File Size:  1615720     File Time:  2017-12-12_105806
Version:
   Company:    Microsoft Corporation
   Product:    Microsoft® Windows® Operating System
   FileDesc:   NT Layer DLL
   FileVer:    10.0.16299.64
   ProdVer:    10.0.16299.64

Module 99
C:\WINDOWS\SYSTEM32\ksuser.dll
Image Base: 0x77b80000  Image Size: 0x00007000
File Size:  19840       File Time:  2017-09-29_154210
Version:
   Company:    Microsoft Corporation
   Product:    Microsoft® Windows® Operating System
   FileDesc:   User CSA Library
   FileVer:    10.0.16299.15
   ProdVer:    10.0.16299.15


== [end of error.log] ==
