Unity Player [version: Unity 5.6.0f3_497a0f351392]

mono.dll caused an Access Violation (0xc0000005)
  in module mono.dll at 0023:100f15ea.

Error occurred at 2018-01-10_204230.
D:\MyProjects\Speech-Recognition-Unity\SpeechRecognitionUnity\test.exe, run by drsor.
60% memory in use.
0 MB physical memory [3994 MB free].
0 MB paging file [0 MB free].
0 MB user address space [3682 MB free].
Read from location 118b0a68 caused an access violation.

Context:
EDI:    0x118b0a68  ESI: 0x00010000  EAX:   0x00000000
EBX:    0x00000000  ECX: 0x00f64000  EDX:   0x118af900
EIP:    0x100f15ea  EBP: 0x010ff030  SegCs: 0x00000023
EFlags: 0x00210246  ESP: 0x010ff020  SegSs: 0x0000002b

Bytes at CS:EIP:
f6 07 10 75 1e f6 47 14 fc 75 18 68 2c a9 1b 10 

Stack:
0x010ff020: 118b0a68 00000020 00000000 10d2a170 h... .......p...
0x010ff030: 010ff054 1005d865 118b0a68 00000000 T...e...h.......
0x010ff040: 010ff118 010ff1b4 118b0a68 00000000 ........h.......
0x010ff050: 00000000 010ff074 017c20e0 118b0a68 ....t.... |.h...
0x010ff060: 00000000 010ff118 010ff1b4 010ff1b4 ................
0x010ff070: 010ff0b8 010ff0a0 017bec42 010ff0ac ........B.{.....
0x010ff080: 118b0a68 118af900 00000000 010ff0b8 h...............
0x010ff090: 010ff1b4 00000000 067bb750 00000001 ........P.{.....
0x010ff0a0: 010ff1ac 01a6efb5 010ff1a8 010ff1b4 ................
0x010ff0b0: 00000000 067bb700 00000001 77707250 ......{.....Prpw
0x010ff0c0: 04840000 00000000 00000004 10d289f0 ................
0x010ff0d0: 00000004 10d2a514 010ff0e4 12b96614 .............f..
0x010ff0e0: 00000004 010ff114 12b97065 12b9707a ........ep..zp..
0x010ff0f0: 4923f003 10d289f0 10d2a514 00000004 ..#I............
0x010ff100: 10d27358 10d27360 12ac8faa 4923f007 Xs..`s........#I
0x010ff110: 010ff128 12acd59e 010ff0b8 00000000 (...............
0x010ff120: 00000000 00000000 00000000 00000000 ................
0x010ff130: 00000000 00000000 00000000 00000000 ................
0x010ff140: 00000000 00000000 00000001 06c57cf8 .............|..
0x010ff150: 0611bdf0 010ff180 014bb250 010ff188 ........P.K.....
0x010ff160: 0615cca0 067bb77c 06c57cf8 06c55cc0 ....|.{..|...\..
0x010ff170: 0c084af5 0a6eb180 00000001 aea4dc84 .J....n.........
0x010ff180: 118b0a68 118af900 00000000 00000000 h...............
0x010ff190: 00000000 00000000 00000000 00000000 ................
0x010ff1a0: 7b840101 aea4dc84 06c55cc0 010ff31c ...{.....\......
0x010ff1b0: 01a713e0 00000000 00000001 022a5efc .............^*.
0x010ff1c0: 022a5ef0 00200001 00000000 00000000 .^*... .........
0x010ff1d0: 0000029e 00000000 00d60818 00000086 ................
0x010ff1e0: 74d68d6a 00200001 001b258a 74d840a9 j..t.. ..%...@.t
0x010ff1f0: 00000000 00000000 00000001 04cc74c0 .............t..
0x010ff200: 010ff22c 74d840a9 04cc74c0 00000000 ,....@.t.t......
0x010ff210: 06ea7690 00000000 010ff220 0186cc04 .v...... .......
0x010ff220: 010ff23c 0186dccf 00000003 06ea74e0 <............t..
0x010ff230: 01870665 00000000 022a5bec 010ff258 e........[*.X...
0x010ff240: 0187090f 00000003 3f27e714 3f27e714 ..........'?..'?
0x010ff250: 0001a29e 00000000 010ff28c 0186d465 ............e...
0x010ff260: 06ea74e0 00000003 3f27e714 3f27e714 .t........'?..'?
0x010ff270: 0001a29e 00000000 000012f7 06113b90 .............;..
0x010ff280: 00000000 022a5bec 00000001 010ff310 .....[*.........
0x010ff290: 0186e9e8 00000003 3f27e714 3f27e714 ..........'?..'?
0x010ff2a0: 0001a29e 00000000 00000000 022a5ef0 .............^*.
0x010ff2b0: 022a5ef0 00200001 00000000 00000004 .^*... .........
0x010ff2c0: 000004b0 74d9e120 00000000 00000000 .... ..t........
0x010ff2d0: 00200001 00000000 010ff2ec 74462d89 .. ..........-Ft
0x010ff2e0: 00000000 06134d00 00000000 00000000 .....M..........
0x010ff2f0: 067a0c40 00000000 010ff2fc 00000011 @.z.............
0x010ff300: 00000030 00000006 00000004 0217c468 0...........h...
0x010ff310: 010ff31c 10d3b6c0 10d3b6c8 010ff338 ............8...
0x010ff320: 016b1d61 067bb700 00000000 00000000 a.k...{.........
0x010ff330: 00000000 00000000 010ff358 0195c047 ........X...G...
0x010ff340: 00000000 06743040 00000006 fffffffe ....@0t.........
0x010ff350: 010ff3a0 012e45f4 010ff3a0 012e437c .....E......|C..
0x010ff360: 00000000 00000001 012e4010 001b258a .........@...%..
0x010ff370: 00000000 000f2572 001225ea 536e7ff0 ....r%...%....nS
0x010ff380: 010ff3a0 74d9ac4c 00000000 001b258a ....L..t.....%..
0x010ff390: 7784cb1c 00000001 00003158 010ff43c ...w....X1..<...
0x010ff3a0: 010ff3cc 74d5e0bb 001b258a 00000006 .......t.%......
0x010ff3b0: 00200001 00000000 001b258a dcbaabcd .. ......%......
0x010ff3c0: 00000000 012e4010 001b258a 010ff3f0 .....@...%......
0x010ff3d0: 74d68849 012e4010 001b258a 00000006 I..t.@...%......
0x010ff3e0: 00200001 00000000 00000000 001b258a .. ..........%..
0x010ff3f0: 010ff4c0 74d6b145 00000006 00200001 ....E..t...... .
0x010ff400: 00000000 536e7844 00000000 001b258a ....DxnS.....%..
0x010ff410: 00000006 ffffffff 00000024 00000001 ........$.......
0x010ff420: 00000000 00000000 00000030 ffffffff ........0.......
0x010ff430: ffffffff 74d6b025 00000000 001b258a ....%..t.....%..
0x010ff440: dcbaabcd 00000000 012e4010 001b258a .........@...%..
0x010ff450: 010ff474 74d68849 012e4010 80006011 t...I..t.@...`..
0x010ff460: 012e4010 00000000 00000000 00000000 .@..............
0x010ff470: 00000000 80006011 012e4010 00000000 .....`...@......
0x010ff480: 00000000 00000000 00000000 00000000 ................
0x010ff490: 00000000 00000000 00000000 001b258a .............%..
0x010ff4a0: 00000001 536e7844 010ff404 010fea50 ....DxnS....P...
0x010ff4b0: 010ff518 74d5fcf0 26ba2c3c 00000000 .......t<,.&....
0x010ff4c0: 010ff528 74d58503 012e4010 00000000 (......t.@......
0x010ff4d0: 00000006 00200001 00000000 00f62000 ...... ...... ..
0x010ff4e0: 00000001 536e79ac 010ff5f0 77899420 .....ynS.... ..w
0x010ff4f0: 00000004 00000000 010ff4cc 00000388 ................
0x010ff500: 00000000 00000000 001b258a 00000000 .........%......
0x010ff510: 010ff4e4 010fea50 010ff580 74d5fcf0 ....P..........t
0x010ff520: 26ba1134 fffffffe 010ff570 74d58aa0 4..&....p......t
0x010ff530: 04cc74c0 00000000 00000006 00200001 .t............ .
0x010ff540: 00000000 012e4010 00f62000 00000000 .....@... ......
0x010ff550: 00000001 00000000 00000000 77880bad ...............w
0x010ff560: 00000000 00000000 010ff7fc 536e79c8 .............ynS
0x010ff570: 010ff5d0 77880bad 010ff58c 00000020 .......w.... ...
0x010ff580: 010ff7fc 77880ae0 010ff5ac 04cc74c0 .......w.....t..
0x010ff590: 00000000 00000006 00200001 00000000 .......... .....
0x010ff5a0: 012e4010 77899420 00000000 74d4fd51 .@.. ..w....Q..t
0x010ff5b0: 010ff5f0 00000000 00000000 00000000 ................
0x010ff5c0: 74d4fc60 00000004 74d49500 536e7934 `..t.......t4ynS
0x010ff5d0: 010ff610 012d8cc1 010ff5f0 00000000 ......-.........
0x010ff5e0: 00000000 00000000 00000000 00000001 ................
0x010ff5f0: 001b258a 000000ff 00000001 04860b69 .%..........i...
0x010ff600: 006a530e 000003c7 00000467 0000080c .Sj.....g.......
0x010ff610: 010ff764 012e759b 01af1b27 00000000 d....u..'.......
0x010ff620: 00f61000 0612bbb0 00000050 0000000d ........P.......
0x010ff630: 00000001 00000000 00000050 00000042 ........P...B...
0x010ff640: 00000400 047e0fd0 00000000 00000bf8 ......~.........
0x010ff650: 00000001 c6d750eb 047e20a0 0612bdf0 .....P... ~.....
0x010ff660: 00000056 000206a7 01b118bd 047e20a0 V............ ~.
0x010ff670: 00000056 00000042 1c004121 01c0003f V...B...!A..?...
0x010ff680: 0000003f 00000000 1c004122 01c0003f ?......."A..?...
0x010ff690: 0000003f 06117c60 00000047 01c0003f ?...`|..G...?...
0x010ff6a0: 000001ff 00000000 00000047 00000042 ........G...B...
0x010ff6b0: 0612bb50 00000055 047e1748 047e05a8 P...U...H.~...~.
0x010ff6c0: 010ff600 00000055 00000042 06117bc0 ....U...B....{..
0x010ff6d0: 0000004c 0000000f 00000000 047e1a24 L...........$.~.
0x010ff6e0: 0000004c 00000042 05ff62b0 00000000 L...B....b......
0x010ff6f0: 00637465 00646567 01b013d9 047e20a0 etc.ged...... ~.
0x010ff700: 00000003 00000042 06113a90 06113ac8 ....B....:...:..
0x010ff710: 06113ac8 00f61000 00000000 65646968 .:..........hide
0x010ff720: 646e6957 0100776f 01af8650 0000000a Window..P.......
0x010ff730: 00000042 00000000 65726170 5748746e B.......parentHW
0x010ff740: 0100444e 045e3917 0000000a 00000042 ND...9^.....B...
0x010ff750: 05ff62b0 00000000 00000000 00000000 .b..............
0x010ff760: 00f61001 010ff77c 01ab3e58 01270000 ....|...X>....'.
0x010ff770: 00000000 045e3919 00000001 010ff80c .....9^.........
0x010ff780: 01af1ad4 01270000 00000000 045e3919 ......'......9^.
0x010ff790: 00000001 dd777f12 01af1b27 01af1b27 ......w.'...'...
0x010ff7a0: 00f61000 00000044 045e203c 045e201c ....D...< ^.. ^.
0x010ff7b0: 045e1f8e 00000000 00000000 00000000 ..^.............
0x010ff7c0: 00000000 00000000 00000000 00000000 ................
0x010ff7d0: 00000401 00000001 00000000 00000000 ................
0x010ff7e0: 00010001 00000000 010ff7f8 01af1b27 ............'...
0x010ff7f0: 00000000 010ff794 6080ea3a 010ff858 ........:..`X...
0x010ff800: 01af3a30 de5decde 00000000 010ff820 0:....]..... ...
0x010ff810: 75388654 00f61000 75388630 52f30831 T.8u....0.8u1..R
0x010ff820: 010ff868 77874a47 00f61000 505f59bf h...GJ.w.....Y_P
0x010ff830: 00000000 00000000 00f61000 00000000 ................
0x010ff840: 00000000 00000000 00000000 505f59bf .............Y_P
0x010ff850: 010ff82c 00000000 010ff870 77886a20 ,.......p... j.w
0x010ff860: 26c05b27 00000000 010ff878 77874a17 '[.&....x....J.w
0x010ff870: ffffffff 77899ed9 00000000 00000000 .......w........
0x010ff880: 01af1b27 00f61000 00000000 00000000 '...............
0x010ff890: 00000000 00000000 00000000 00000000 ................
0x010ff8a0: 00000000 00000000 00000000 00000000 ................
0x010ff8b0: 00000000 00000000 00000000 00000000 ................
0x010ff8c0: 00000000 00000000 00000000 00000000 ................
0x010ff8d0: 00000000 00000000 00000000 00000000 ................
0x010ff8e0: 00000000 00000000 00000000 00000000 ................
0x010ff8f0: 00000000 00000000 00000000 00000000 ................
0x010ff900: 00000000 00000000 00000000 00000000 ................
0x010ff910: 00000000 00000000 00000000 00000000 ................
0x010ff920: 00000000 00000000 00000000 00000000 ................
0x010ff930: 00000000 00000000 00000000 00000000 ................
0x010ff940: 00000000 00000000 00000000 00000000 ................
0x010ff950: 00000000 00000000 00000000 00000000 ................
0x010ff960: 00000000 00000000 00000000 00000000 ................
0x010ff970: 00000000 00000000 00000000 00000000 ................
0x010ff980: 00000000 00000000 00000000 00000000 ................
0x010ff990: 00000000 00000000 00000000 00000000 ................
0x010ff9a0: 00000000 00000000 00000000 00000000 ................
0x010ff9b0: 00000000 00000000 00000000 00000000 ................
0x010ff9c0: 00000000 00000000 00000000 00000000 ................
0x010ff9d0: 00000000 00000000 00000000 00000000 ................
0x010ff9e0: 00000000 00000000 00000000 00000000 ................
0x010ff9f0: 00000000 00000000 00000000 00000000 ................
0x010ffa00: 00000000 00000000 00000000 00000000 ................
0x010ffa10: 00000000 00000000 00000000 00000000 ................
0x010ffa20: 00000000 00000000 00000000 00000000 ................
0x010ffa30: 00000000 00000000 00000000 00000000 ................
0x010ffa40: 00000000 00000000 00000000 00000000 ................
0x010ffa50: 00000000 00000000 00000000 00000000 ................
0x010ffa60: 00000000 00000000 00000000 00000000 ................
0x010ffa70: 00000000 00000000 00000000 00000000 ................
0x010ffa80: 00000000 00000000 00000000 00000000 ................
0x010ffa90: 00000000 00000000 00000000 00000000 ................
0x010ffaa0: 00000000 00000000 00000000 00000000 ................
0x010ffab0: 00000000 00000000 00000000 00000000 ................
0x010ffac0: 00000000 00000000 00000000 00000000 ................
0x010ffad0: 00000000 00000000 00000000 00000000 ................
0x010ffae0: 00000000 00000000 00000000 00000000 ................
0x010ffaf0: 00000000 00000000 00000000 00000000 ................
0x010ffb00: 00000000 00000000 00000000 00000000 ................
0x010ffb10: 00000000 00000000 00000000 00000000 ................
0x010ffb20: 00000000 00000000 00000000 00000000 ................
0x010ffb30: 00000000 00000000 00000000 00000000 ................
0x010ffb40: 00000000 00000000 00000000 00000000 ................
0x010ffb50: 00000000 00000000 00000000 00000000 ................
0x010ffb60: 00000000 00000000 00000000 00000000 ................
0x010ffb70: 00000000 00000000 00000000 00000000 ................
0x010ffb80: 00000000 00000000 00000000 00000000 ................
0x010ffb90: 00000000 00000000 00000000 00000000 ................
0x010ffba0: 00000000 00000000 00000000 00000000 ................
0x010ffbb0: 00000000 00000000 00000000 00000000 ................
0x010ffbc0: 00000000 00000000 00000000 00000000 ................
0x010ffbd0: 00000000 00000000 00000000 00000000 ................
0x010ffbe0: 00000000 00000000 00000000 00000000 ................
0x010ffbf0: 00000000 00000000 00000000 00000000 ................
0x010ffc00: 00000000 00000000 00000000 00000000 ................
0x010ffc10: 00000000 00000000 00000000 00000000 ................
0x010ffc20: 00000000 00000000 00000000 00000000 ................
0x010ffc30: 00000000 00000000 00000000 00000000 ................
0x010ffc40: 00000000 00000000 00000000 00000000 ................
0x010ffc50: 00000000 00000000 00000000 00000000 ................
0x010ffc60: 00000000 00000000 00000000 00000000 ................
0x010ffc70: 00000000 00000000 00000000 00000000 ................
0x010ffc80: 00000000 00000000 00000000 00000000 ................
0x010ffc90: 00000000 00000000 00000000 00000000 ................
0x010ffca0: 00000000 00000000 00000000 00000000 ................
0x010ffcb0: 00000000 00000000 00000000 00000000 ................
0x010ffcc0: 00000000 00000000 00000000 00000000 ................
0x010ffcd0: 00000000 00000000 00000000 00000000 ................
0x010ffce0: 00000000 00000000 00000000 00000000 ................
0x010ffcf0: 00000000 00000000 00000000 00000000 ................
0x010ffd00: 00000000 00000000 00000000 00000000 ................
0x010ffd10: 00000000 00000000 00000000 00000000 ................
0x010ffd20: 00000000 00000000 00000000 00000000 ................
0x010ffd30: 00000000 00000000 00000000 00000000 ................
0x010ffd40: 00000000 00000000 00000000 00000000 ................
0x010ffd50: 00000000 00000000 00000000 00000000 ................
0x010ffd60: 00000000 00000000 00000000 00000000 ................
0x010ffd70: 00000000 00000000 00000000 00000000 ................
0x010ffd80: 00000000 00000000 00000000 00000000 ................
0x010ffd90: 00000000 00000000 00000000 00000000 ................
0x010ffda0: 00000000 00000000 00000000 00000000 ................
0x010ffdb0: 00000000 00000000 00000000 00000000 ................
0x010ffdc0: 00000000 00000000 00000000 00000000 ................
0x010ffdd0: 00000000 00000000 00000000 00000000 ................
0x010ffde0: 00000000 00000000 00000000 00000000 ................
0x010ffdf0: 00000000 00000000 00000000 00000000 ................
0x010ffe00: 00000000 00000000 00000000 00000000 ................
0x010ffe10: 00000000 00000000 00000000 00000000 ................
0x010ffe20: 00000000 00000000 00000000 00000000 ................
0x010ffe30: 00000000 00000000 00000000 00000000 ................
0x010ffe40: 00000000 00000000 00000000 00000000 ................
0x010ffe50: 00000000 00000000 00000000 00000000 ................
0x010ffe60: 00000000 00000000 00000000 00000000 ................
0x010ffe70: 00000000 00000000 00000000 00000000 ................
0x010ffe80: 00000000 00000000 00000000 00000000 ................
0x010ffe90: 00000000 00000000 00000000 00000000 ................
0x010ffea0: 00000000 00000000 00000000 00000000 ................
0x010ffeb0: 00000000 00000000 00000000 00000000 ................
0x010ffec0: 00000000 00000000 00000000 00000000 ................
0x010ffed0: 00000000 00000000 00000000 00000000 ................
0x010ffee0: 00000000 00000000 00000000 00000000 ................
0x010ffef0: 00000000 00000000 00000000 00000000 ................
0x010fff00: 00000000 00000000 00000000 00000000 ................
0x010fff10: 00000000 00000000 00000000 00000000 ................
0x010fff20: 00000000 00000000 00000000 00000000 ................
0x010fff30: 00000000 00000000 00000000 00000000 ................
0x010fff40: 00000000 00000000 00000000 00000000 ................
0x010fff50: 00000000 00000000 00000000 00000000 ................
0x010fff60: 00000000 00000000 00000000 00000000 ................
0x010fff70: 00000000 00000000 00000000 00000000 ................
0x010fff80: 00000000 00000000 00000000 00000000 ................
0x010fff90: 00000000 00000000 00000000 00000000 ................
0x010fffa0: 00000000 00000000 00000000 00000000 ................
0x010fffb0: 00000000 00000000 00000000 00000000 ................
0x010fffc0: 00000000 00000000 00000000 00000000 ................
0x010fffd0: 00000000 00000000 00000000 00000000 ................
0x010fffe0: 00000000 00000000 00000000 00000000 ................
0x010ffff0: 00000000 00000000 00000000 00000000 ................

Module 1
D:\MyProjects\Speech-Recognition-Unity\SpeechRecognitionUnity\test.exe
Image Base: 0x01270000  Image Size: 0x01219000
File Size:  18136576    File Time:  2017-03-30_092054
Version:
   Company:    
   Product:    
   FileDesc:   
   FileVer:    5.6.0.31247
   ProdVer:    5.6.0.31247

Module 2
C:\WINDOWS\SYSTEM32\atidxx32.dll
Image Base: 0x09280000  Image Size: 0x00a5c000
File Size:  11011528    File Time:  2016-04-23_025034
Version:
   Company:    Advanced Micro Devices, Inc. 
   Product:    Advanced Micro Devices, Inc. Radeon DirectX 11 Driver
   FileDesc:   atidxx32.dll
   FileVer:    8.17.10.644
   ProdVer:    8.17.10.644

Module 3
C:\WINDOWS\SYSTEM32\atiuxpag.dll
Image Base: 0x0fc50000  Image Size: 0x00023000
File Size:  143048      File Time:  2016-04-23_025034
Version:
   Company:    Advanced Micro Devices, Inc. 
   Product:    Advanced Micro Devices, Inc PowerXpress Vista DX10 User Mode Driver
   FileDesc:   atiuxpag.dll
   FileVer:    8.14.1.6489
   ProdVer:    8.14.1.6489

Module 4
D:\MyProjects\Speech-Recognition-Unity\SpeechRecognitionUnity\test_Data\Mono\mono.dll
Image Base: 0x10000000  Image Size: 0x00231000
File Size:  2115008     File Time:  2017-03-30_092856
Version:
   Company:    Unity Technologies
   Product:    libmono
   FileDesc:   Unity Technologies fork of mono runtime
   FileVer:    1.0.0.1
   ProdVer:    1.0.0.1

Module 5
C:\WINDOWS\SYSTEM32\AUDIOSES.DLL
Image Base: 0x11210000  Image Size: 0x000f4000
File Size:  982016      File Time:  2017-12-08_003128
Version:
   Company:    Microsoft Corporation
   Product:    Microsoft® Windows® Operating System
   FileDesc:   Audio Session
   FileVer:    10.0.16299.125
   ProdVer:    10.0.16299.125

Module 6
C:\Windows\System32\Windows.ApplicationModel.dll
Image Base: 0x12770000  Image Size: 0x00081000
File Size:  521384      File Time:  2017-09-29_154210
Version:
   Company:    Microsoft Corporation
   Product:    Microsoft® Windows® Operating System
   FileDesc:   Windows ApplicationModel API Server
   FileVer:    10.0.16299.15
   ProdVer:    10.0.16299.15

Module 7
C:\Windows\System32\Windows.Media.Speech.dll
Image Base: 0x12a90000  Image Size: 0x0013d000
File Size:  1280000     File Time:  2017-12-12_105806
Version:
   Company:    Microsoft Corporation
   Product:    Microsoft® Windows® Operating System
   FileDesc:   Windows Speech Runtime DLL
   FileVer:    10.0.16299.64
   ProdVer:    10.0.16299.64

Module 8
C:\Windows\System32\Windows.Globalization.dll
Image Base: 0x12bd0000  Image Size: 0x00134000
File Size:  1239552     File Time:  2017-09-29_154210
Version:
   Company:    Microsoft Corporation
   Product:    Microsoft® Windows® Operating System
   FileDesc:   Windows Globalization
   FileVer:    10.0.16299.15
   ProdVer:    10.0.16299.15

Module 9
C:\Windows\System32\threadpoolwinrt.dll
Image Base: 0x12d10000  Image Size: 0x00012000
File Size:  60416       File Time:  2017-09-29_154210
Version:
   Company:    Microsoft Corporation
   Product:    Microsoft® Windows® Operating System
   FileDesc:   Windows WinRT Threadpool
   FileVer:    10.0.16299.15
   ProdVer:    10.0.16299.15

Module 10
C:\Windows\System32\Windows.Media.Devices.dll
Image Base: 0x15cd0000  Image Size: 0x00031000
File Size:  181248      File Time:  2017-09-29_154210
Version:
   Company:    Microsoft Corporation
   Product:    Microsoft® Windows® Operating System
   FileDesc:   Windows Runtime media device server DLL
   FileVer:    10.0.16299.15
   ProdVer:    10.0.16299.15

Module 11
C:\WINDOWS\System32\Speech_OneCore\Common\sapi_onecore.dll
Image Base: 0x15d50000  Image Size: 0x00422000
File Size:  4296192     File Time:  2017-12-12_110036
Version:
   Company:    Microsoft Corporation
   Product:    Microsoft® Speech Recognizer 11.1
   FileDesc:   Speech API
   FileVer:    5.3.16299.98
   ProdVer:    5.3.16299.98

Module 12
C:\Windows\System32\Windows.Web.dll
Image Base: 0x16390000  Image Size: 0x00095000
File Size:  593408      File Time:  2017-09-29_154212
Version:
   Company:    Microsoft Corporation
   Product:    Microsoft® Windows® Operating System
   FileDesc:   Web Client DLL
   FileVer:    10.0.16299.15
   ProdVer:    10.0.16299.15

Module 13
C:\WINDOWS\System32\MMDevApi.dll
Image Base: 0x54a80000  Image Size: 0x0005b000
File Size:  361632      File Time:  2017-09-29_154210
Version:
   Company:    Microsoft Corporation
   Product:    Microsoft® Windows® Operating System
   FileDesc:   MMDevice API
   FileVer:    10.0.16299.15
   ProdVer:    10.0.16299.15

Module 14
C:\WINDOWS\SYSTEM32\OPENGL32.dll
Image Base: 0x55940000  Image Size: 0x000df000
File Size:  777216      File Time:  2017-09-29_154224
Version:
   Company:    Microsoft Corporation
   Product:    Microsoft® Windows® Operating System
   FileDesc:   OpenGL Client DLL
   FileVer:    10.0.16299.15
   ProdVer:    10.0.16299.15

Module 15
C:\WINDOWS\SYSTEM32\dxgi.dll
Image Base: 0x5f440000  Image Size: 0x00093000
File Size:  590944      File Time:  2017-12-12_110036
Version:
   Company:    Microsoft Corporation
   Product:    Microsoft® Windows® Operating System
   FileDesc:   DirectX Graphics Infrastructure
   FileVer:    10.0.16299.98
   ProdVer:    10.0.16299.98

Module 16
C:\WINDOWS\SYSTEM32\d3d11.dll
Image Base: 0x5f710000  Image Size: 0x0023e000
File Size:  2339296     File Time:  2017-12-12_110036
Version:
   Company:    Microsoft Corporation
   Product:    Microsoft® Windows® Operating System
   FileDesc:   Direct3D 11 Runtime
   FileVer:    10.0.16299.98
   ProdVer:    10.0.16299.98

Module 17
C:\WINDOWS\SYSTEM32\aticfx32.dll
Image Base: 0x60bc0000  Image Size: 0x0012f000
File Size:  1249632     File Time:  2016-04-23_025032
Version:
   Company:    Advanced Micro Devices, Inc. 
   Product:    AMD Inc. Radeon DirectX 11 Driver
   FileDesc:   aticfx32.dll
   FileVer:    8.17.10.1429
   ProdVer:    8.17.10.1429

Module 18
C:\Windows\System32\msvcp110_win.dll
Image Base: 0x60cf0000  Image Size: 0x00067000
File Size:  417360      File Time:  2017-09-29_154216
Version:
   Company:    Microsoft Corporation
   Product:    Microsoft® Windows® Operating System
   FileDesc:   Microsoft® STL110 C++ Runtime Library
   FileVer:    10.0.16299.15
   ProdVer:    10.0.16299.15

Module 19
C:\Windows\System32\Bcp47Langs.dll
Image Base: 0x611a0000  Image Size: 0x00050000
File Size:  318776      File Time:  2017-09-29_154212
Version:
   Company:    Microsoft Corporation
   Product:    Microsoft® Windows® Operating System
   FileDesc:   BCP47 Language Classes
   FileVer:    10.0.16299.15
   ProdVer:    10.0.16299.15

Module 20
C:\WINDOWS\SYSTEM32\GLU32.dll
Image Base: 0x61a20000  Image Size: 0x00025000
File Size:  138752      File Time:  2017-09-29_154224
Version:
   Company:    Microsoft Corporation
   Product:    Microsoft® Windows® Operating System
   FileDesc:   OpenGL Utility Library DLL
   FileVer:    10.0.16299.15
   ProdVer:    10.0.16299.15

Module 21
C:\WINDOWS\system32\dwmapi.dll
Image Base: 0x63a90000  Image Size: 0x00023000
File Size:  126872      File Time:  2017-09-29_154218
Version:
   Company:    Microsoft Corporation
   Product:    Microsoft® Windows® Operating System
   FileDesc:   Microsoft Desktop Window Manager API
   FileVer:    10.0.16299.15
   ProdVer:    10.0.16299.15

Module 22
C:\WINDOWS\SYSTEM32\wdmaud.drv
Image Base: 0x64950000  Image Size: 0x0003a000
File Size:  212480      File Time:  2017-09-29_154210
Version:
   Company:    Microsoft Corporation
   Product:    Microsoft® Windows® Operating System
   FileDesc:   Winmm  audio system driver
   FileVer:    10.0.16299.15
   ProdVer:    10.0.16299.15

Module 23
C:\WINDOWS\SYSTEM32\AVRT.dll
Image Base: 0x64fb0000  Image Size: 0x00008000
File Size:  27416       File Time:  2017-09-29_154210
Version:
   Company:    Microsoft Corporation
   Product:    Microsoft® Windows® Operating System
   FileDesc:   Multimedia Realtime Runtime
   FileVer:    10.0.16299.15
   ProdVer:    10.0.16299.15

Module 24
C:\WINDOWS\SYSTEM32\MSACM32.dll
Image Base: 0x64fd0000  Image Size: 0x00019000
File Size:  93568       File Time:  2017-09-29_154210
Version:
   Company:    Microsoft Corporation
   Product:    Microsoft® Windows® Operating System
   FileDesc:   Microsoft ACM Audio Filter
   FileVer:    10.0.16299.15
   ProdVer:    10.0.16299.15

Module 25
C:\WINDOWS\System32\PROPSYS.dll
Image Base: 0x656a0000  Image Size: 0x0017a000
File Size:  1555232     File Time:  2017-09-29_154212
Version:
   Company:    Microsoft Corporation
   Product:    Windows® Search
   FileDesc:   Microsoft Property System
   FileVer:    7.0.16299.15
   ProdVer:    7.0.16299.15

Module 26
C:\WINDOWS\SYSTEM32\CoreUIComponents.dll
Image Base: 0x65e90000  Image Size: 0x00234000
File Size:  2313472     File Time:  2017-09-29_154212
Version:
   Company:    Microsoft Corporation
   Product:    Microsoft® Windows® Operating System
   FileDesc:   Microsoft Core UI Components Dll
   FileVer:    10.0.16299.15
   ProdVer:    10.0.16299.15

Module 27
C:\WINDOWS\SYSTEM32\CoreMessaging.dll
Image Base: 0x660d0000  Image Size: 0x0008c000
File Size:  566664      File Time:  2017-09-29_154216
Version:
   Company:    Microsoft Corporation
   Product:    Microsoft® Windows® Operating System
   FileDesc:   Microsoft CoreMessaging Dll
   FileVer:    10.0.16299.15
   ProdVer:    10.0.16299.15

Module 28
C:\WINDOWS\SYSTEM32\TextInputFramework.dll
Image Base: 0x66160000  Image Size: 0x00077000
File Size:  480912      File Time:  2017-09-29_154212
Version:
   Company:    Microsoft Corporation
   Product:    Microsoft® Windows® Operating System
   FileDesc:   "TextInputFramework.DYNLINK"
   FileVer:    10.0.16299.15
   ProdVer:    10.0.16299.15

Module 29
C:\WINDOWS\SYSTEM32\wintypes.dll
Image Base: 0x67f40000  Image Size: 0x000cb000
File Size:  832648      File Time:  2017-09-29_154216
Version:
   Company:    Microsoft Corporation
   Product:    Microsoft® Windows® Operating System
   FileDesc:   Windows Base Types DLL
   FileVer:    10.0.16299.15
   ProdVer:    10.0.16299.15

Module 30
C:\Windows\System32\RMCLIENT.dll
Image Base: 0x68010000  Image Size: 0x0001a000
File Size:  98344       File Time:  2017-09-29_154212
Version:
   Company:    Microsoft Corporation
   Product:    Microsoft® Windows® Operating System
   FileDesc:   Resource Manager Client
   FileVer:    10.0.16299.15
   ProdVer:    10.0.16299.15

Module 31
C:\WINDOWS\system32\wbem\fastprox.dll
Image Base: 0x68030000  Image Size: 0x000c0000
File Size:  769536      File Time:  2017-09-29_154220
Version:
   Company:    Microsoft Corporation
   Product:    Microsoft® Windows® Operating System
   FileDesc:   WMI Custom Marshaller
   FileVer:    10.0.16299.15
   ProdVer:    10.0.16299.15

Module 32
C:\WINDOWS\system32\wbem\wbemsvc.dll
Image Base: 0x680f0000  Image Size: 0x00010000
File Size:  48640       File Time:  2017-09-29_154220
Version:
   Company:    Microsoft Corporation
   Product:    Microsoft® Windows® Operating System
   FileDesc:   WMI
   FileVer:    10.0.16299.15
   ProdVer:    10.0.16299.15

Module 33
C:\WINDOWS\SYSTEM32\wbemcomn.dll
Image Base: 0x68100000  Image Size: 0x00068000
File Size:  397824      File Time:  2017-09-29_154220
Version:
   Company:    Microsoft Corporation
   Product:    Microsoft® Windows® Operating System
   FileDesc:   WMI
   FileVer:    10.0.16299.15
   ProdVer:    10.0.16299.15

Module 34
C:\Windows\System32\urlmon.dll
Image Base: 0x689a0000  Image Size: 0x0018c000
File Size:  1559552     File Time:  2017-12-08_000326
Version:
   Company:    Microsoft Corporation
   Product:    Internet Explorer
   FileDesc:   OLE32 Extensions for Win32
   FileVer:    11.0.16299.125
   ProdVer:    11.0.16299.125

Module 35
C:\WINDOWS\SYSTEM32\WINMMBASE.dll
Image Base: 0x68b80000  Image Size: 0x00023000
File Size:  129864      File Time:  2017-09-29_154210
Version:
   Company:    Microsoft Corporation
   Product:    Microsoft® Windows® Operating System
   FileDesc:   Base Multimedia Extension API DLL
   FileVer:    10.0.16299.15
   ProdVer:    10.0.16299.15

Module 36
C:\WINDOWS\SYSTEM32\WINMM.dll
Image Base: 0x69110000  Image Size: 0x00024000
File Size:  135432      File Time:  2017-09-29_154210
Version:
   Company:    Microsoft Corporation
   Product:    Microsoft® Windows® Operating System
   FileDesc:   MCI API DLL
   FileVer:    10.0.16299.15
   ProdVer:    10.0.16299.15

Module 37
C:\WINDOWS\system32\uxtheme.dll
Image Base: 0x691a0000  Image Size: 0x00079000
File Size:  472576      File Time:  2017-09-29_154226
Version:
   Company:    Microsoft Corporation
   Product:    Microsoft® Windows® Operating System
   FileDesc:   Microsoft UxTheme Library
   FileVer:    10.0.16299.15
   ProdVer:    10.0.16299.15

Module 38
C:\WINDOWS\WinSxS\x86_microsoft.windows.common-controls_6595b64144ccf1df_6.0.16299.125_none_5d79065fa7de350f\comctl32.dll
Image Base: 0x69220000  Image Size: 0x00211000
File Size:  2150808     File Time:  2017-12-08_003120
Version:
   Company:    Microsoft Corporation
   Product:    Microsoft® Windows® Operating System
   FileDesc:   User Experience Controls Library
   FileVer:    6.10.16299.125
   ProdVer:    10.0.16299.125

Module 39
C:\WINDOWS\SYSTEM32\twinapi.appcore.dll
Image Base: 0x6a1f0000  Image Size: 0x00134000
File Size:  1261864     File Time:  2017-12-12_105806
Version:
   Company:    Microsoft Corporation
   Product:    Microsoft® Windows® Operating System
   FileDesc:   twinapi.appcore
   FileVer:    10.0.16299.19
   ProdVer:    10.0.16299.19

Module 40
C:\Program Files\AVAST Software\Avast\aswhookx.dll
Image Base: 0x6a330000  Image Size: 0x0002f000
File Size:  199936      File Time:  2018-01-06_205614
Version:
   Company:    AVAST Software
   Product:    Avast
   FileDesc:   Hook Library
   FileVer:    17.9.3.19960
   ProdVer:    17.9.3.19960

Module 41
C:\WINDOWS\System32\Speech_OneCore\Engines\SR\spsrx_onecore.dll
Image Base: 0x6a580000  Image Size: 0x00015000
File Size:  72704       File Time:  2017-09-29_154214
Version:
   Company:    Microsoft Corporation
   Product:    Microsoft® Speech Recognizer 11.1
   FileDesc:   Microsoft® Speech Recognition Engine Extensions
   FileVer:    11.1.16299.15
   ProdVer:    11.1.16299.15

Module 42
C:\Windows\System32\Speech_OneCore\Common\SpeechServiceWinRTApi.ProxyStub.dll
Image Base: 0x6a5a0000  Image Size: 0x0000f000
File Size:  46080       File Time:  2017-09-29_154212
Version:
   Company:    Microsoft Corporation
   Product:    Microsoft® Windows® Operating System
   FileDesc:   Speech Service Proxy/Stub System DLL
   FileVer:    10.0.16299.15
   ProdVer:    10.0.16299.15

Module 43
C:\WINDOWS\system32\wbem\wbemprox.dll
Image Base: 0x6a850000  Image Size: 0x0000d000
File Size:  35840       File Time:  2017-09-29_154220
Version:
   Company:    Microsoft Corporation
   Product:    Microsoft® Windows® Operating System
   FileDesc:   WMI
   FileVer:    10.0.16299.15
   ProdVer:    10.0.16299.15

Module 44
C:\WINDOWS\System32\fwpuclnt.dll
Image Base: 0x6a9f0000  Image Size: 0x0004e000
File Size:  300544      File Time:  2017-09-29_154212
Version:
   Company:    Microsoft Corporation
   Product:    Microsoft® Windows® Operating System
   FileDesc:   FWP/IPsec User-Mode API
   FileVer:    10.0.16299.15
   ProdVer:    10.0.16299.15

Module 45
C:\Windows\System32\rasadhlp.dll
Image Base: 0x6abf0000  Image Size: 0x00008000
File Size:  12800       File Time:  2017-09-29_154224
Version:
   Company:    Microsoft Corporation
   Product:    Microsoft® Windows® Operating System
   FileDesc:   Remote Access AutoDial Helper
   FileVer:    10.0.16299.15
   ProdVer:    10.0.16299.15

Module 46
C:\WINDOWS\SYSTEM32\midimap.dll
Image Base: 0x6af20000  Image Size: 0x00008000
File Size:  18944       File Time:  2017-09-29_154210
Version:
   Company:    Microsoft Corporation
   Product:    Microsoft® Windows® Operating System
   FileDesc:   Microsoft MIDI Mapper
   FileVer:    10.0.16299.15
   ProdVer:    10.0.16299.15

Module 47
C:\WINDOWS\SYSTEM32\msacm32.drv
Image Base: 0x6b700000  Image Size: 0x0000a000
File Size:  24576       File Time:  2017-09-29_154210
Version:
   Company:    Microsoft Corporation
   Product:    Microsoft® Windows® Operating System
   FileDesc:   Microsoft Sound Mapper
   FileVer:    10.0.16299.15
   ProdVer:    10.0.16299.15

Module 48
C:\WINDOWS\SYSTEM32\dhcpcsvc.DLL
Image Base: 0x6dde0000  Image Size: 0x00014000
File Size:  62976       File Time:  2017-09-29_154218
Version:
   Company:    Microsoft Corporation
   Product:    Microsoft® Windows® Operating System
   FileDesc:   DHCP Client Service
   FileVer:    10.0.16299.15
   ProdVer:    10.0.16299.15

Module 49
C:\WINDOWS\SYSTEM32\dhcpcsvc6.DLL
Image Base: 0x6de70000  Image Size: 0x00013000
File Size:  57856       File Time:  2017-09-29_154218
Version:
   Company:    Microsoft Corporation
   Product:    Microsoft® Windows® Operating System
   FileDesc:   DHCPv6 Client
   FileVer:    10.0.16299.15
   ProdVer:    10.0.16299.15

Module 50
C:\WINDOWS\SYSTEM32\MSWSOCK.dll
Image Base: 0x6dfb0000  Image Size: 0x00055000
File Size:  334744      File Time:  2017-09-29_154216
Version:
   Company:    Microsoft Corporation
   Product:    Microsoft® Windows® Operating System
   FileDesc:   Microsoft Windows Sockets 2.0 Service Provider
   FileVer:    10.0.16299.15
   ProdVer:    10.0.16299.15

Module 51
C:\Windows\System32\iertutil.dll
Image Base: 0x6ef80000  Image Size: 0x00219000
File Size:  2192112     File Time:  2017-12-08_003406
Version:
   Company:    Microsoft Corporation
   Product:    Internet Explorer
   FileDesc:   Run time utility for Internet Explorer
   FileVer:    11.0.16299.125
   ProdVer:    11.0.16299.125

Module 52
C:\WINDOWS\System32\DEVOBJ.dll
Image Base: 0x718b0000  Image Size: 0x00022000
File Size:  132288      File Time:  2017-09-29_154218
Version:
   Company:    Microsoft Corporation
   Product:    Microsoft® Windows® Operating System
   FileDesc:   Device Information Set DLL
   FileVer:    10.0.16299.15
   ProdVer:    10.0.16299.15

Module 53
C:\WINDOWS\SYSTEM32\ntmarta.dll
Image Base: 0x72030000  Image Size: 0x00028000
File Size:  152440      File Time:  2017-09-29_154216
Version:
   Company:    Microsoft Corporation
   Product:    Microsoft® Windows® Operating System
   FileDesc:   Windows NT MARTA provider
   FileVer:    10.0.16299.15
   ProdVer:    10.0.16299.15

Module 54
C:\WINDOWS\SYSTEM32\HID.DLL
Image Base: 0x72060000  Image Size: 0x0000a000
File Size:  25600       File Time:  2017-09-29_154218
Version:
   Company:    Microsoft Corporation
   Product:    Microsoft® Windows® Operating System
   FileDesc:   Hid User Library
   FileVer:    10.0.16299.15
   ProdVer:    10.0.16299.15

Module 55
C:\WINDOWS\SYSTEM32\USERENV.dll
Image Base: 0x72790000  Image Size: 0x00022000
File Size:  133312      File Time:  2017-09-29_154218
Version:
   Company:    Microsoft Corporation
   Product:    Microsoft® Windows® Operating System
   FileDesc:   Userenv
   FileVer:    10.0.16299.15
   ProdVer:    10.0.16299.15

Module 56
C:\WINDOWS\SYSTEM32\bcrypt.dll
Image Base: 0x733a0000  Image Size: 0x00019000
File Size:  97144       File Time:  2017-12-08_005546
Version:
   Company:    Microsoft Corporation
   Product:    Microsoft® Windows® Operating System
   FileDesc:   Windows Cryptographic Primitives Library
   FileVer:    10.0.16299.125
   ProdVer:    10.0.16299.125

Module 57
C:\WINDOWS\system32\rsaenh.dll
Image Base: 0x733c0000  Image Size: 0x0002f000
File Size:  184984      File Time:  2017-09-29_154216
Version:
   Company:    Microsoft Corporation
   Product:    Microsoft® Windows® Operating System
   FileDesc:   Microsoft Enhanced Cryptographic Provider
   FileVer:    10.0.16299.15
   ProdVer:    10.0.16299.15

Module 58
C:\WINDOWS\SYSTEM32\CRYPTSP.dll
Image Base: 0x733f0000  Image Size: 0x00013000
File Size:  68264       File Time:  2017-09-29_154216
Version:
   Company:    Microsoft Corporation
   Product:    Microsoft® Windows® Operating System
   FileDesc:   Cryptographic Service Provider API
   FileVer:    10.0.16299.15
   ProdVer:    10.0.16299.15

Module 59
C:\WINDOWS\SYSTEM32\dbghelp.dll
Image Base: 0x73500000  Image Size: 0x00181000
File Size:  1435136     File Time:  2017-09-29_154218
Version:
   Company:    Microsoft Corporation
   Product:    Microsoft® Windows® Operating System
   FileDesc:   Windows Image Helper
   FileVer:    10.0.16299.15
   ProdVer:    10.0.16299.15

Module 60
C:\WINDOWS\SYSTEM32\IPHLPAPI.DLL
Image Base: 0x736d0000  Image Size: 0x00030000
File Size:  189112      File Time:  2017-09-29_154216
Version:
   Company:    Microsoft Corporation
   Product:    Microsoft® Windows® Operating System
   FileDesc:   IP Helper API
   FileVer:    10.0.16299.15
   ProdVer:    10.0.16299.15

Module 61
C:\WINDOWS\SYSTEM32\DNSAPI.dll
Image Base: 0x73700000  Image Size: 0x00094000
File Size:  597160      File Time:  2017-12-12_105806
Version:
   Company:    Microsoft Corporation
   Product:    Microsoft® Windows® Operating System
   FileDesc:   DNS Client API DLL
   FileVer:    10.0.16299.19
   ProdVer:    10.0.16299.19

Module 62
C:\WINDOWS\SYSTEM32\WINHTTP.dll
Image Base: 0x737a0000  Image Size: 0x000ad000
File Size:  703568      File Time:  2017-12-12_110030
Version:
   Company:    Microsoft Corporation
   Product:    Microsoft® Windows® Operating System
   FileDesc:   Windows HTTP Services
   FileVer:    10.0.16299.98
   ProdVer:    10.0.16299.98

Module 63
C:\WINDOWS\SYSTEM32\VERSION.dll
Image Base: 0x73b30000  Image Size: 0x00008000
File Size:  27416       File Time:  2017-09-29_154226
Version:
   Company:    Microsoft Corporation
   Product:    Microsoft® Windows® Operating System
   FileDesc:   Version Checking and File Installation Libraries
   FileVer:    10.0.16299.15
   ProdVer:    10.0.16299.15

Module 64
C:\WINDOWS\System32\CRYPTBASE.dll
Image Base: 0x74220000  Image Size: 0x0000a000
File Size:  31584       File Time:  2017-09-29_154228
Version:
   Company:    Microsoft Corporation
   Product:    Microsoft® Windows® Operating System
   FileDesc:   Base cryptographic API DLL
   FileVer:    10.0.16299.15
   ProdVer:    10.0.16299.15

Module 65
C:\WINDOWS\System32\SspiCli.dll
Image Base: 0x74230000  Image Size: 0x00020000
File Size:  123512      File Time:  2017-12-08_005804
Version:
   Company:    Microsoft Corporation
   Product:    Microsoft® Windows® Operating System
   FileDesc:   Security Support Provider Interface
   FileVer:    10.0.16299.125
   ProdVer:    10.0.16299.125

Module 66
C:\WINDOWS\System32\msvcp_win.dll
Image Base: 0x743e0000  Image Size: 0x0007c000
File Size:  504272      File Time:  2017-09-29_154216
Version:
   Company:    Microsoft Corporation
   Product:    Microsoft® Windows® Operating System
   FileDesc:   Microsoft® C Runtime Library
   FileVer:    10.0.16299.15
   ProdVer:    10.0.16299.15

Module 67
C:\WINDOWS\System32\IMM32.dll
Image Base: 0x74460000  Image Size: 0x00025000
File Size:  143152      File Time:  2017-09-29_154216
Version:
   Company:    Microsoft Corporation
   Product:    Microsoft® Windows® Operating System
   FileDesc:   Multi-User Windows IMM32 API Client DLL
   FileVer:    10.0.16299.15
   ProdVer:    10.0.16299.15

Module 68
C:\WINDOWS\System32\windows.storage.dll
Image Base: 0x74570000  Image Size: 0x005c6000
File Size:  6092664     File Time:  2017-12-08_003956
Version:
   Company:    Microsoft Corporation
   Product:    Microsoft® Windows® Operating System
   FileDesc:   Microsoft WinRT Storage API
   FileVer:    10.0.16299.125
   ProdVer:    10.0.16299.125

Module 69
C:\WINDOWS\System32\bcryptPrimitives.dll
Image Base: 0x74b40000  Image Size: 0x00057000
File Size:  353848      File Time:  2017-12-12_110030
Version:
   Company:    Microsoft Corporation
   Product:    Microsoft® Windows® Operating System
   FileDesc:   Windows Cryptographic Primitives Library
   FileVer:    10.0.16299.98
   ProdVer:    10.0.16299.98

Module 70
C:\WINDOWS\System32\MSCTF.dll
Image Base: 0x74ba0000  Image Size: 0x00144000
File Size:  1323840     File Time:  2017-12-12_105806
Version:
   Company:    Microsoft Corporation
   Product:    Microsoft® Windows® Operating System
   FileDesc:   MSCTF Server DLL
   FileVer:    10.0.16299.19
   ProdVer:    10.0.16299.19

Module 71
C:\WINDOWS\System32\USER32.dll
Image Base: 0x74d40000  Image Size: 0x00175000
File Size:  1528904     File Time:  2017-12-08_005618
Version:
   Company:    Microsoft Corporation
   Product:    Microsoft® Windows® Operating System
   FileDesc:   Multi-User Windows USER API Client DLL
   FileVer:    10.0.16299.125
   ProdVer:    10.0.16299.125

Module 72
C:\WINDOWS\System32\profapi.dll
Image Base: 0x75350000  Image Size: 0x00014000
File Size:  73416       File Time:  2017-09-29_154228
Version:
   Company:    Microsoft Corporation
   Product:    Microsoft® Windows® Operating System
   FileDesc:   User Profile Basic API
   FileVer:    10.0.16299.15
   ProdVer:    10.0.16299.15

Module 73
C:\WINDOWS\System32\KERNEL32.DLL
Image Base: 0x75370000  Image Size: 0x000d0000
File Size:  594552      File Time:  2017-09-29_154228
Version:
   Company:    Microsoft Corporation
   Product:    Microsoft® Windows® Operating System
   FileDesc:   Windows NT BASE API Client DLL
   FileVer:    10.0.16299.15
   ProdVer:    10.0.16299.15

Module 74
C:\WINDOWS\System32\KERNELBASE.dll
Image Base: 0x75440000  Image Size: 0x001d7000
File Size:  1930224     File Time:  2017-09-29_154144
Version:
   Company:    Microsoft Corporation
   Product:    Microsoft® Windows® Operating System
   FileDesc:   Windows NT BASE API Client DLL
   FileVer:    10.0.16299.15
   ProdVer:    10.0.16299.15

Module 75
C:\WINDOWS\System32\ucrtbase.dll
Image Base: 0x75620000  Image Size: 0x00117000
File Size:  1145104     File Time:  2017-12-08_003728
Version:
   Company:    Microsoft Corporation
   Product:    Microsoft® Windows® Operating System
   FileDesc:   Microsoft® C Runtime Library
   FileVer:    10.0.16299.125
   ProdVer:    10.0.16299.125

Module 76
C:\WINDOWS\System32\win32u.dll
Image Base: 0x75740000  Image Size: 0x00016000
File Size:  83728       File Time:  2017-09-29_154210
Version:
   Company:    Microsoft Corporation
   Product:    Microsoft® Windows® Operating System
   FileDesc:   Win32u
   FileVer:    10.0.16299.15
   ProdVer:    10.0.16299.15

Module 77
C:\WINDOWS\System32\sechost.dll
Image Base: 0x75760000  Image Size: 0x00043000
File Size:  267112      File Time:  2017-09-29_154228
Version:
   Company:    Microsoft Corporation
   Product:    Microsoft® Windows® Operating System
   FileDesc:   Host for SCM/SDDL/LSA Lookup APIs
   FileVer:    10.0.16299.15
   ProdVer:    10.0.16299.15

Module 78
C:\WINDOWS\System32\RPCRT4.dll
Image Base: 0x757b0000  Image Size: 0x000be000
File Size:  777904      File Time:  2017-09-29_154228
Version:
   Company:    Microsoft Corporation
   Product:    Microsoft® Windows® Operating System
   FileDesc:   Remote Procedure Call Runtime
   FileVer:    10.0.16299.15
   ProdVer:    10.0.16299.15

Module 79
C:\WINDOWS\System32\OLEAUT32.dll
Image Base: 0x75870000  Image Size: 0x00093000
File Size:  593536      File Time:  2017-09-29_154216
Version:
   Company:    Microsoft Corporation
   Product:    Microsoft® Windows® Operating System
   FileDesc:   OLEAUT32.DLL
   FileVer:    10.0.16299.15
   ProdVer:    10.0.16299.15

Module 80
C:\WINDOWS\System32\SHLWAPI.dll
Image Base: 0x75910000  Image Size: 0x00045000
File Size:  279472      File Time:  2017-09-29_154226
Version:
   Company:    Microsoft Corporation
   Product:    Microsoft® Windows® Operating System
   FileDesc:   Shell Light-weight Utility Library
   FileVer:    10.0.16299.15
   ProdVer:    10.0.16299.15

Module 81
C:\WINDOWS\System32\gdi32full.dll
Image Base: 0x759c0000  Image Size: 0x0015e000
File Size:  1432816     File Time:  2017-12-12_110036
Version:
   Company:    Microsoft Corporation
   Product:    Microsoft® Windows® Operating System
   FileDesc:   GDI Client DLL
   FileVer:    10.0.16299.98
   ProdVer:    10.0.16299.98

Module 82
C:\WINDOWS\System32\kernel.appcore.dll
Image Base: 0x75b20000  Image Size: 0x0000e000
File Size:  47600       File Time:  2017-09-29_154212
Version:
   Company:    Microsoft Corporation
   Product:    Microsoft® Windows® Operating System
   FileDesc:   AppModel API Host
   FileVer:    10.0.16299.15
   ProdVer:    10.0.16299.15

Module 83
C:\WINDOWS\System32\WS2_32.dll
Image Base: 0x75b30000  Image Size: 0x00066000
File Size:  409168      File Time:  2017-09-29_154228
Version:
   Company:    Microsoft Corporation
   Product:    Microsoft® Windows® Operating System
   FileDesc:   Windows Socket 2.0 32-Bit DLL
   FileVer:    10.0.16299.15
   ProdVer:    10.0.16299.15

Module 84
C:\WINDOWS\System32\SHELL32.dll
Image Base: 0x75ba0000  Image Size: 0x01333000
File Size:  20286120    File Time:  2017-12-08_003218
Version:
   Company:    Microsoft Corporation
   Product:    Microsoft® Windows® Operating System
   FileDesc:   Windows Shell Common Dll
   FileVer:    10.0.16299.125
   ProdVer:    10.0.16299.125

Module 85
C:\WINDOWS\System32\imagehlp.dll
Image Base: 0x76ee0000  Image Size: 0x00019000
File Size:  95576       File Time:  2017-09-29_154146
Version:
   Company:    Microsoft Corporation
   Product:    Microsoft® Windows® Operating System
   FileDesc:   Windows NT Image Helper
   FileVer:    10.0.16299.15
   ProdVer:    10.0.16299.15

Module 86
C:\WINDOWS\System32\combase.dll
Image Base: 0x76f00000  Image Size: 0x00246000
File Size:  2386312     File Time:  2017-09-29_154216
Version:
   Company:    Microsoft Corporation
   Product:    Microsoft® Windows® Operating System
   FileDesc:   Microsoft COM for Windows
   FileVer:    10.0.16299.15
   ProdVer:    10.0.16299.15

Module 87
C:\WINDOWS\System32\ADVAPI32.dll
Image Base: 0x77150000  Image Size: 0x00078000
File Size:  481464      File Time:  2017-09-29_154228
Version:
   Company:    Microsoft Corporation
   Product:    Microsoft® Windows® Operating System
   FileDesc:   Advanced Windows 32 Base API
   FileVer:    10.0.16299.15
   ProdVer:    10.0.16299.15

Module 88
C:\WINDOWS\System32\PSAPI.DLL
Image Base: 0x771d0000  Image Size: 0x00006000
File Size:  17104       File Time:  2017-09-29_154214
Version:
   Company:    Microsoft Corporation
   Product:    Microsoft® Windows® Operating System
   FileDesc:   Process Status Helper
   FileVer:    10.0.16299.15
   ProdVer:    10.0.16299.15

Module 89
C:\WINDOWS\System32\shcore.dll
Image Base: 0x77360000  Image Size: 0x00088000
File Size:  550168      File Time:  2017-09-29_154214
Version:
   Company:    Microsoft Corporation
   Product:    Microsoft® Windows® Operating System
   FileDesc:   SHCORE
   FileVer:    10.0.16299.15
   ProdVer:    10.0.16299.15

Module 90
C:\WINDOWS\System32\GDI32.dll
Image Base: 0x77400000  Image Size: 0x00022000
File Size:  133824      File Time:  2017-09-29_154212
Version:
   Company:    Microsoft Corporation
   Product:    Microsoft® Windows® Operating System
   FileDesc:   GDI Client DLL
   FileVer:    10.0.16299.15
   ProdVer:    10.0.16299.15

Module 91
C:\WINDOWS\System32\cfgmgr32.dll
Image Base: 0x77430000  Image Size: 0x00038000
File Size:  224216      File Time:  2017-09-29_154218
Version:
   Company:    Microsoft Corporation
   Product:    Microsoft® Windows® Operating System
   FileDesc:   Configuration Manager DLL
   FileVer:    10.0.16299.15
   ProdVer:    10.0.16299.15

Module 92
C:\WINDOWS\System32\NSI.dll
Image Base: 0x77470000  Image Size: 0x00007000
File Size:  20216       File Time:  2017-09-29_154144
Version:
   Company:    Microsoft Corporation
   Product:    Microsoft® Windows® Operating System
   FileDesc:   NSI User-mode interface DLL
   FileVer:    10.0.16299.15
   ProdVer:    10.0.16299.15

Module 93
C:\WINDOWS\System32\clbcatq.dll
Image Base: 0x77480000  Image Size: 0x00082000
File Size:  519640      File Time:  2017-09-29_154216
Version:
   Company:    Microsoft Corporation
   Product:    Microsoft® Windows® Operating System
   FileDesc:   COM+ Configuration Catalog
   FileVer:    2001.12.10941.16384
   ProdVer:    10.0.16299.15

Module 94
C:\WINDOWS\System32\ole32.dll
Image Base: 0x77570000  Image Size: 0x000f7000
File Size:  1003152     File Time:  2017-09-29_154214
Version:
   Company:    Microsoft Corporation
   Product:    Microsoft® Windows® Operating System
   FileDesc:   Microsoft OLE for Windows
   FileVer:    10.0.16299.15
   ProdVer:    10.0.16299.15

Module 95
C:\WINDOWS\System32\powrprof.dll
Image Base: 0x77670000  Image Size: 0x00045000
File Size:  273840      File Time:  2017-09-29_154216
Version:
   Company:    Microsoft Corporation
   Product:    Microsoft® Windows® Operating System
   FileDesc:   Power Profile Helper DLL
   FileVer:    10.0.16299.15
   ProdVer:    10.0.16299.15

Module 96
C:\WINDOWS\System32\msvcrt.dll
Image Base: 0x776c0000  Image Size: 0x000bd000
File Size:  769096      File Time:  2017-12-08_003648
Version:
   Company:    Microsoft Corporation
   Product:    Microsoft® Windows® Operating System
   FileDesc:   Windows NT CRT DLL
   FileVer:    7.0.16299.125
   ProdVer:    10.0.16299.125

Module 97
C:\WINDOWS\SYSTEM32\ntdll.dll
Image Base: 0x77810000  Image Size: 0x0018d000
File Size:  1615720     File Time:  2017-12-12_105806
Version:
   Company:    Microsoft Corporation
   Product:    Microsoft® Windows® Operating System
   FileDesc:   NT Layer DLL
   FileVer:    10.0.16299.64
   ProdVer:    10.0.16299.64

Module 98
C:\WINDOWS\SYSTEM32\ksuser.dll
Image Base: 0x77b80000  Image Size: 0x00007000
File Size:  19840       File Time:  2017-09-29_154210
Version:
   Company:    Microsoft Corporation
   Product:    Microsoft® Windows® Operating System
   FileDesc:   User CSA Library
   FileVer:    10.0.16299.15
   ProdVer:    10.0.16299.15


== [end of error.log] ==
