Unity Player [version: Unity 5.6.0f3_497a0f351392]

mono.dll caused an Access Violation (0xc0000005)
  in module mono.dll at 0023:100f15ea.

Error occurred at 2018-01-10_204900.
D:\MyProjects\Speech-Recognition-Unity\SpeechRecognitionUnity\test.exe, run by drsor.
61% memory in use.
0 MB physical memory [3978 MB free].
0 MB paging file [0 MB free].
0 MB user address space [3682 MB free].
Read from location 10e71ff8 caused an access violation.

Context:
EDI:    0x10e71ff8  ESI: 0x00010000  EAX:   0x00000000
EBX:    0x00000000  ECX: 0x01646000  EDX:   0x10e70f00
EIP:    0x100f15ea  EBP: 0x015ff048  SegCs: 0x00000023
EFlags: 0x00210246  ESP: 0x015ff038  SegSs: 0x0000002b

Bytes at CS:EIP:
f6 07 10 75 1e f6 47 14 fc 75 18 68 2c a9 1b 10 

Stack:
0x015ff038: 10e71ff8 00000020 00000000 10349d68 .... .......h.4.
0x015ff048: 015ff06c 1005d865 10e71ff8 00000000 l._.e...........
0x015ff058: 015ff130 015ff1cc 10e71ff8 00000000 0._..._.........
0x015ff068: 00000000 015ff08c 007a20e0 10e71ff8 ......_.. z.....
0x015ff078: 00000000 015ff130 015ff1cc 015ff1cc ....0._..._..._.
0x015ff088: 015ff0d0 015ff0b8 0079ec42 015ff0c4 .._..._.B.y..._.
0x015ff098: 10e71ff8 10e70f00 00000000 015ff0d0 .............._.
0x015ff0a8: 015ff1cc 00000000 05c3b750 00000001 .._.....P.......
0x015ff0b8: 015ff1c4 00a4efb5 015ff1c0 015ff1cc .._......._..._.
0x015ff0c8: 00000000 05c3b700 00000001 77707250 ............Prpw
0x015ff0d8: 03cb0000 00000000 00000004 103486b0 ..............4.
0x015ff0e8: 00000004 10349e0c 015ff0fc 12146614 ......4..._..f..
0x015ff0f8: 00000004 015ff12c 12147065 1214707a ....,._.ep..zp..
0x015ff108: 00cb3320 103486b0 103500a0 103500a8  3....4...5...5.
0x015ff118: 1381333c 015ff108 12078faa 00cb3324 <3...._.....$3..
0x015ff128: 00000000 1207d59e 015ff0d0 00000000 .........._.....
0x015ff138: 00000000 00000000 00000000 00000000 ................
0x015ff148: 00000000 00000000 00000000 00000000 ................
0x015ff158: 00000000 00000000 00000001 060dacf8 ................
0x015ff168: 0559bdf0 015ff198 0049b250 015ff1a0 ..Y..._.P.I..._.
0x015ff178: 055dcca0 05c3b77c 060dacf8 060d8cc0 ..].|...........
0x015ff188: 0c084af5 0a6eb180 00000001 aea4dc84 .J....n.........
0x015ff198: 10e71ff8 10e70f00 00000000 00000000 ................
0x015ff1a8: 00000000 00000000 00000000 00000000 ................
0x015ff1b8: 7b840101 aea4dc84 060d8cc0 015ff334 ...{........4._.
0x015ff1c8: 00a513e0 00000000 00000001 01285efc .............^(.
0x015ff1d8: 01285ef0 00200001 00000000 00000000 .^(... .........
0x015ff1e8: 0000029e 00000000 03900818 00000086 ................
0x015ff1f8: 74d68d6a 00200001 003d0c9a 74d840a9 j..t.. ...=..@.t
0x015ff208: 00000000 00000000 00000001 04118410 ................
0x015ff218: 015ff244 74d840a9 04118410 00000000 D._..@.t........
0x015ff228: 0632a690 00000000 015ff238 0084cc04 ..2.....8._.....
0x015ff238: 015ff254 0084dccf 00000003 0632a4e0 T._...........2.
0x015ff248: 00850665 00000000 01285bec 015ff270 e........[(.p._.
0x015ff258: 0085090f 00000003 3f27e714 3f27e714 ..........'?..'?
0x015ff268: 0002bb14 00000000 015ff2a4 0084d465 .........._.e...
0x015ff278: 0632a4e0 00000003 3f27e714 3f27e714 ..2.......'?..'?
0x015ff288: 0002bb14 00000000 0000145c 05593b90 ........\....;Y.
0x015ff298: 00000000 01285bec 00000001 015ff328 .....[(.....(._.
0x015ff2a8: 0084e9e8 00000003 3f27e714 3f27e714 ..........'?..'?
0x015ff2b8: 0002bb14 00000000 00000000 01285ef0 .............^(.
0x015ff2c8: 01285ef0 00200001 00000000 00000004 .^(... .........
0x015ff2d8: 000004b0 74d9e120 00000000 00000000 .... ..t........
0x015ff2e8: 00200001 00000000 015ff304 74462d89 .. ......._..-Ft
0x015ff2f8: 00000000 055b4d00 00000000 00000000 .....M[.........
0x015ff308: 05c20c40 00000000 015ff314 00000011 @........._.....
0x015ff318: 00000030 00000006 00000004 0115c468 0...........h...
0x015ff328: 015ff334 10377650 10377658 015ff350 4._.Pv7.Xv7.P._.
0x015ff338: 00691d61 05c3b700 00000000 00000000 a.i.............
0x015ff348: 00000000 00000000 015ff370 0093c047 ........p._.G...
0x015ff358: 00000000 05bc3040 00000006 fffffffe ....@0..........
0x015ff368: 015ff3b8 002c45f4 015ff3b8 002c437c .._..E,..._.|C,.
0x015ff378: 00000000 00000001 002c4010 003d0c9a .........@,...=.
0x015ff388: 00000000 0012254a 001c254c 660c1242 ....J%..L%..B..f
0x015ff398: 015ff3b8 74d9ac4c 00000000 003d0c9a .._.L..t......=.
0x015ff3a8: 7784cb1c 00000001 00003158 015ff454 ...w....X1..T._.
0x015ff3b8: 015ff3e4 74d5e0bb 003d0c9a 00000006 .._....t..=.....
0x015ff3c8: 00200001 00000000 003d0c9a dcbaabcd .. .......=.....
0x015ff3d8: 00000000 002c4010 003d0c9a 015ff408 .....@,...=..._.
0x015ff3e8: 74d68849 002c4010 003d0c9a 00000006 I..t.@,...=.....
0x015ff3f8: 00200001 00000000 00000000 003d0c9a .. ...........=.
0x015ff408: 015ff4d8 74d6b145 00000006 00200001 .._.E..t...... .
0x015ff418: 00000000 660c1516 00000000 003d0c9a .......f......=.
0x015ff428: 00000006 ffffffff 00000024 00000001 ........$.......
0x015ff438: 00000000 00000000 00000030 ffffffff ........0.......
0x015ff448: ffffffff 74d6b025 00000000 055f0b69 ....%..t....i._.
0x015ff458: 003d0c9a dcbaabcd 00000000 002c4010 ..=..........@,.
0x015ff468: 003d0c9a 015ff490 74d68849 80006011 ..=..._.I..t.`..
0x015ff478: 002c4010 00000000 00000000 00000000 .@,.............
0x015ff488: 00000000 80006011 002c4010 00000000 .....`...@,.....
0x015ff498: 00000000 00000000 00000000 00000000 ................
0x015ff4a8: 00000000 00000000 00000000 003d0c9a ..............=.
0x015ff4b8: 00000001 660c1516 015ff41c 015fea68 .......f.._.h._.
0x015ff4c8: 015ff530 74d5fcf0 13884176 00000000 0._....tvA......
0x015ff4d8: 015ff540 74d58503 002c4010 00000000 @._....t.@,.....
0x015ff4e8: 00000006 00200001 00000000 01644000 ...... ......@d.
0x015ff4f8: 00000001 660c148e 015ff60c 77899420 .......f.._. ..w
0x015ff508: 00000004 00000000 015ff4e4 00000388 .........._.....
0x015ff518: 00000000 00000000 003d0c9a 00000000 ..........=.....
0x015ff528: 015ff4fc 015fea68 015ff598 74d5fcf0 .._.h._..._....t
0x015ff538: 13887c7e fffffffe 015ff588 74d58aa0 ~|........_....t
0x015ff548: 04118410 00000000 00000006 00200001 .............. .
0x015ff558: 00000000 002c4010 01644000 00000000 .....@,..@d.....
0x015ff568: 00000001 00000000 00000000 77880bad ...............w
0x015ff578: 00000000 00000000 015ff818 660c14aa .........._....f
0x015ff588: 015ff5ec 77880bad 015ff5a4 00000020 .._....w.._. ...
0x015ff598: 015ff818 77880ae0 015ff5c8 04118410 .._....w.._.....
0x015ff5a8: 00000000 00000006 00200001 00000000 .......... .....
0x015ff5b8: 002c4010 77899420 00000000 75742a3c .@,. ..w....<*tu
0x015ff5c8: 74d4fd51 015ff60c 00000000 00000000 Q..t.._.........
0x015ff5d8: 00000000 74d4fc60 00000004 74d49500 ....`..t.......t
0x015ff5e8: 660c1402 015ff62c 002b8cc1 015ff60c ...f,._...+..._.
0x015ff5f8: 00000000 00000000 00000000 00000000 ................
0x015ff608: 00000001 003d0c9a 000000ff 00000001 ......=.........
0x015ff618: 055f0b69 00704593 000003c4 0000047a i._..Ep.....z...
0x015ff628: 0000080c 015ff780 002c759b 00ad1b27 ......_..u,.'...
0x015ff638: 00000000 01643000 055abbb0 00000050 .....0d...Z.P...
0x015ff648: 0000000d 00000001 00000000 00000050 ............P...
0x015ff658: 00000042 00000000 00000400 038b0fd0 B...............
0x015ff668: 00000000 00000001 0000001a 038b20a0 ............. ..
0x015ff678: 055abdf0 00000056 000206a7 00af18bd ..Z.V...........
0x015ff688: 038b20a0 00000056 00000042 1c004121 . ..V...B...!A..
0x015ff698: 01c0003f 0000003f 00000000 1c004122 ?...?......."A..
0x015ff6a8: 01c0003f 0000003f 05597c60 00000047 ?...?...`|Y.G...
0x015ff6b8: 01c0003f 000001ff 00000000 00000047 ?...........G...
0x015ff6c8: 00000042 055abb50 00000055 038b1748 B...P.Z.U...H...
0x015ff6d8: 038b05a8 015ff700 00000055 00000042 ......_.U...B...
0x015ff6e8: 05597bc0 0000004c 0000000f 00000000 .{Y.L...........
0x015ff6f8: 038b1a24 0000004c 00000042 054702b0 $...L...B.....G.
0x015ff708: 00000000 00637465 00646567 00ae13d9 ....etc.ged.....
0x015ff718: 038b20a0 00000003 00000042 05593a90 . ......B....:Y.
0x015ff728: 05593ac8 05593ac8 01643000 00000000 .:Y..:Y..0d.....
0x015ff738: 65646968 646e6957 0100776f 00ad8650 hideWindow..P...
0x015ff748: 0000000a 00000042 00000000 65726170 ....B.......pare
0x015ff758: 5748746e 0000444e 03933917 0000000a ntHWND...9......
0x015ff768: 00000042 054702b0 00000000 00000000 B.....G.........
0x015ff778: 00000000 00643001 015ff798 00a93e58 .....0d..._.X>..
0x015ff788: 00250000 00000000 03933919 00000001 ..%......9......
0x015ff798: 015ff828 00ad1ad4 00250000 00000000 (._.......%.....
0x015ff7a8: 03933919 00000001 0985665b 00ad1b27 .9......[f..'...
0x015ff7b8: 00ad1b27 01643000 00000044 0393203c '....0d.D...< ..
0x015ff7c8: 0393201c 03931f8e 00000000 00000000 . ..............
0x015ff7d8: 00000000 00000000 00000000 00000000 ................
0x015ff7e8: 00000000 00000401 00000001 00000000 ................
0x015ff7f8: 00000000 00010001 00000000 015ff814 .............._.
0x015ff808: 00ad1b27 00000000 015ff7b0 ad362912 '........._..)6.
0x015ff818: 015ff874 00ad3a30 09f9f5b3 00000000 t._.0:..........
0x015ff828: 015ff83c 75388654 01643000 75388630 <._.T.8u.0d.0.8u
0x015ff838: 679177dc 015ff884 77874a47 01643000 .w.g.._.GJ.w.0d.
0x015ff848: 6543243f 00000000 00000000 01643000 ?$Ce.........0d.
0x015ff858: 00000000 00000000 00000000 00000000 ................
0x015ff868: 6543243f 015ff848 00000000 015ff88c ?$CeH._......._.
0x015ff878: 77886a20 138c264b 00000000 015ff894  j.wK&........_.
0x015ff888: 77874a17 ffffffff 77899ecf 00000000 .J.w.......w....
0x015ff898: 00000000 00ad1b27 01643000 00000000 ....'....0d.....
0x015ff8a8: 00000000 00000000 00000000 00000000 ................
0x015ff8b8: 00000000 00000000 00000000 00000000 ................
0x015ff8c8: 00000000 00000000 00000000 00000000 ................
0x015ff8d8: 00000000 00000000 00000000 00000000 ................
0x015ff8e8: 00000000 00000000 00000000 00000000 ................
0x015ff8f8: 00000000 00000000 00000000 00000000 ................
0x015ff908: 00000000 00000000 00000000 00000000 ................
0x015ff918: 00000000 00000000 00000000 00000000 ................
0x015ff928: 00000000 00000000 00000000 00000000 ................
0x015ff938: 00000000 00000000 00000000 00000000 ................
0x015ff948: 00000000 00000000 00000000 00000000 ................
0x015ff958: 00000000 00000000 00000000 00000000 ................
0x015ff968: 00000000 00000000 00000000 00000000 ................
0x015ff978: 00000000 00000000 00000000 00000000 ................
0x015ff988: 00000000 00000000 00000000 00000000 ................
0x015ff998: 00000000 00000000 00000000 00000000 ................
0x015ff9a8: 00000000 00000000 00000000 00000000 ................
0x015ff9b8: 00000000 00000000 00000000 00000000 ................
0x015ff9c8: 00000000 00000000 00000000 00000000 ................
0x015ff9d8: 00000000 00000000 00000000 00000000 ................
0x015ff9e8: 00000000 00000000 00000000 00000000 ................
0x015ff9f8: 00000000 00000000 00000000 00000000 ................
0x015ffa08: 00000000 00000000 00000000 00000000 ................
0x015ffa18: 00000000 00000000 00000000 00000000 ................
0x015ffa28: 00000000 00000000 00000000 00000000 ................
0x015ffa38: 00000000 00000000 00000000 00000000 ................
0x015ffa48: 00000000 00000000 00000000 00000000 ................
0x015ffa58: 00000000 00000000 00000000 00000000 ................
0x015ffa68: 00000000 00000000 00000000 00000000 ................
0x015ffa78: 00000000 00000000 00000000 00000000 ................
0x015ffa88: 00000000 00000000 00000000 00000000 ................
0x015ffa98: 00000000 00000000 00000000 00000000 ................
0x015ffaa8: 00000000 00000000 00000000 00000000 ................
0x015ffab8: 00000000 00000000 00000000 00000000 ................
0x015ffac8: 00000000 00000000 00000000 00000000 ................
0x015ffad8: 00000000 00000000 00000000 00000000 ................
0x015ffae8: 00000000 00000000 00000000 00000000 ................
0x015ffaf8: 00000000 00000000 00000000 00000000 ................
0x015ffb08: 00000000 00000000 00000000 00000000 ................
0x015ffb18: 00000000 00000000 00000000 00000000 ................
0x015ffb28: 00000000 00000000 00000000 00000000 ................
0x015ffb38: 00000000 00000000 00000000 00000000 ................
0x015ffb48: 00000000 00000000 00000000 00000000 ................
0x015ffb58: 00000000 00000000 00000000 00000000 ................
0x015ffb68: 00000000 00000000 00000000 00000000 ................
0x015ffb78: 00000000 00000000 00000000 00000000 ................
0x015ffb88: 00000000 00000000 00000000 00000000 ................
0x015ffb98: 00000000 00000000 00000000 00000000 ................
0x015ffba8: 00000000 00000000 00000000 00000000 ................
0x015ffbb8: 00000000 00000000 00000000 00000000 ................
0x015ffbc8: 00000000 00000000 00000000 00000000 ................
0x015ffbd8: 00000000 00000000 00000000 00000000 ................
0x015ffbe8: 00000000 00000000 00000000 00000000 ................
0x015ffbf8: 00000000 00000000 00000000 00000000 ................
0x015ffc08: 00000000 00000000 00000000 00000000 ................
0x015ffc18: 00000000 00000000 00000000 00000000 ................
0x015ffc28: 00000000 00000000 00000000 00000000 ................
0x015ffc38: 00000000 00000000 00000000 00000000 ................
0x015ffc48: 00000000 00000000 00000000 00000000 ................
0x015ffc58: 00000000 00000000 00000000 00000000 ................
0x015ffc68: 00000000 00000000 00000000 00000000 ................
0x015ffc78: 00000000 00000000 00000000 00000000 ................
0x015ffc88: 00000000 00000000 00000000 00000000 ................
0x015ffc98: 00000000 00000000 00000000 00000000 ................
0x015ffca8: 00000000 00000000 00000000 00000000 ................
0x015ffcb8: 00000000 00000000 00000000 00000000 ................
0x015ffcc8: 00000000 00000000 00000000 00000000 ................
0x015ffcd8: 00000000 00000000 00000000 00000000 ................
0x015ffce8: 00000000 00000000 00000000 00000000 ................
0x015ffcf8: 00000000 00000000 00000000 00000000 ................
0x015ffd08: 00000000 00000000 00000000 00000000 ................
0x015ffd18: 00000000 00000000 00000000 00000000 ................
0x015ffd28: 00000000 00000000 00000000 00000000 ................
0x015ffd38: 00000000 00000000 00000000 00000000 ................
0x015ffd48: 00000000 00000000 00000000 00000000 ................
0x015ffd58: 00000000 00000000 00000000 00000000 ................
0x015ffd68: 00000000 00000000 00000000 00000000 ................
0x015ffd78: 00000000 00000000 00000000 00000000 ................
0x015ffd88: 00000000 00000000 00000000 00000000 ................
0x015ffd98: 00000000 00000000 00000000 00000000 ................
0x015ffda8: 00000000 00000000 00000000 00000000 ................
0x015ffdb8: 00000000 00000000 00000000 00000000 ................
0x015ffdc8: 00000000 00000000 00000000 00000000 ................
0x015ffdd8: 00000000 00000000 00000000 00000000 ................
0x015ffde8: 00000000 00000000 00000000 00000000 ................
0x015ffdf8: 00000000 00000000 00000000 00000000 ................
0x015ffe08: 00000000 00000000 00000000 00000000 ................
0x015ffe18: 00000000 00000000 00000000 00000000 ................
0x015ffe28: 00000000 00000000 00000000 00000000 ................
0x015ffe38: 00000000 00000000 00000000 00000000 ................
0x015ffe48: 00000000 00000000 00000000 00000000 ................
0x015ffe58: 00000000 00000000 00000000 00000000 ................
0x015ffe68: 00000000 00000000 00000000 00000000 ................
0x015ffe78: 00000000 00000000 00000000 00000000 ................
0x015ffe88: 00000000 00000000 00000000 00000000 ................
0x015ffe98: 00000000 00000000 00000000 00000000 ................
0x015ffea8: 00000000 00000000 00000000 00000000 ................
0x015ffeb8: 00000000 00000000 00000000 00000000 ................
0x015ffec8: 00000000 00000000 00000000 00000000 ................
0x015ffed8: 00000000 00000000 00000000 00000000 ................
0x015ffee8: 00000000 00000000 00000000 00000000 ................
0x015ffef8: 00000000 00000000 00000000 00000000 ................
0x015fff08: 00000000 00000000 00000000 00000000 ................
0x015fff18: 00000000 00000000 00000000 00000000 ................
0x015fff28: 00000000 00000000 00000000 00000000 ................
0x015fff38: 00000000 00000000 00000000 00000000 ................
0x015fff48: 00000000 00000000 00000000 00000000 ................
0x015fff58: 00000000 00000000 00000000 00000000 ................
0x015fff68: 00000000 00000000 00000000 00000000 ................
0x015fff78: 00000000 00000000 00000000 00000000 ................
0x015fff88: 00000000 00000000 00000000 00000000 ................
0x015fff98: 00000000 00000000 00000000 00000000 ................
0x015fffa8: 00000000 00000000 00000000 00000000 ................
0x015fffb8: 00000000 00000000 00000000 00000000 ................
0x015fffc8: 00000000 00000000 00000000 00000000 ................
0x015fffd8: 00000000 00000000 00000000 00000000 ................
0x015fffe8: 00000000 00000000 00000000 00000000 ................
0x015ffff8: 00000000 00000000                   ........

Module 1
D:\MyProjects\Speech-Recognition-Unity\SpeechRecognitionUnity\test.exe
Image Base: 0x00250000  Image Size: 0x01219000
File Size:  18136576    File Time:  2017-03-30_092054
Version:
   Company:    
   Product:    
   FileDesc:   
   FileVer:    5.6.0.31247
   ProdVer:    5.6.0.31247

Module 2
C:\Windows\System32\threadpoolwinrt.dll
Image Base: 0x060b0000  Image Size: 0x00012000
File Size:  60416       File Time:  2017-09-29_154210
Version:
   Company:    Microsoft Corporation
   Product:    Microsoft® Windows® Operating System
   FileDesc:   Windows WinRT Threadpool
   FileVer:    10.0.16299.15
   ProdVer:    10.0.16299.15

Module 3
C:\WINDOWS\SYSTEM32\atidxx32.dll
Image Base: 0x08890000  Image Size: 0x00a5c000
File Size:  11011528    File Time:  2016-04-23_025034
Version:
   Company:    Advanced Micro Devices, Inc. 
   Product:    Advanced Micro Devices, Inc. Radeon DirectX 11 Driver
   FileDesc:   atidxx32.dll
   FileVer:    8.17.10.644
   ProdVer:    8.17.10.644

Module 4
C:\WINDOWS\SYSTEM32\atiuxpag.dll
Image Base: 0x0fc50000  Image Size: 0x00023000
File Size:  143048      File Time:  2016-04-23_025034
Version:
   Company:    Advanced Micro Devices, Inc. 
   Product:    Advanced Micro Devices, Inc PowerXpress Vista DX10 User Mode Driver
   FileDesc:   atiuxpag.dll
   FileVer:    8.14.1.6489
   ProdVer:    8.14.1.6489

Module 5
D:\MyProjects\Speech-Recognition-Unity\SpeechRecognitionUnity\test_Data\Mono\mono.dll
Image Base: 0x10000000  Image Size: 0x00231000
File Size:  2115008     File Time:  2017-03-30_092856
Version:
   Company:    Unity Technologies
   Product:    libmono
   FileDesc:   Unity Technologies fork of mono runtime
   FileVer:    1.0.0.1
   ProdVer:    1.0.0.1

Module 6
C:\WINDOWS\SYSTEM32\AUDIOSES.DLL
Image Base: 0x10800000  Image Size: 0x000f4000
File Size:  982016      File Time:  2017-12-08_003128
Version:
   Company:    Microsoft Corporation
   Product:    Microsoft® Windows® Operating System
   FileDesc:   Audio Session
   FileVer:    10.0.16299.125
   ProdVer:    10.0.16299.125

Module 7
C:\Windows\System32\Windows.ApplicationModel.dll
Image Base: 0x11d30000  Image Size: 0x00081000
File Size:  521384      File Time:  2017-09-29_154210
Version:
   Company:    Microsoft Corporation
   Product:    Microsoft® Windows® Operating System
   FileDesc:   Windows ApplicationModel API Server
   FileVer:    10.0.16299.15
   ProdVer:    10.0.16299.15

Module 8
C:\Windows\System32\Windows.Media.Speech.dll
Image Base: 0x12040000  Image Size: 0x0013d000
File Size:  1280000     File Time:  2017-12-12_105806
Version:
   Company:    Microsoft Corporation
   Product:    Microsoft® Windows® Operating System
   FileDesc:   Windows Speech Runtime DLL
   FileVer:    10.0.16299.64
   ProdVer:    10.0.16299.64

Module 9
C:\Windows\System32\Windows.Globalization.dll
Image Base: 0x12180000  Image Size: 0x00134000
File Size:  1239552     File Time:  2017-09-29_154210
Version:
   Company:    Microsoft Corporation
   Product:    Microsoft® Windows® Operating System
   FileDesc:   Windows Globalization
   FileVer:    10.0.16299.15
   ProdVer:    10.0.16299.15

Module 10
C:\Windows\System32\Windows.Media.Devices.dll
Image Base: 0x151b0000  Image Size: 0x00031000
File Size:  181248      File Time:  2017-09-29_154210
Version:
   Company:    Microsoft Corporation
   Product:    Microsoft® Windows® Operating System
   FileDesc:   Windows Runtime media device server DLL
   FileVer:    10.0.16299.15
   ProdVer:    10.0.16299.15

Module 11
C:\WINDOWS\System32\Speech_OneCore\Common\sapi_onecore.dll
Image Base: 0x15230000  Image Size: 0x00422000
File Size:  4296192     File Time:  2017-12-12_110036
Version:
   Company:    Microsoft Corporation
   Product:    Microsoft® Speech Recognizer 11.1
   FileDesc:   Speech API
   FileVer:    5.3.16299.98
   ProdVer:    5.3.16299.98

Module 12
C:\Windows\System32\Windows.Web.dll
Image Base: 0x15970000  Image Size: 0x00095000
File Size:  593408      File Time:  2017-09-29_154212
Version:
   Company:    Microsoft Corporation
   Product:    Microsoft® Windows® Operating System
   FileDesc:   Web Client DLL
   FileVer:    10.0.16299.15
   ProdVer:    10.0.16299.15

Module 13
C:\WINDOWS\System32\MMDevApi.dll
Image Base: 0x54a80000  Image Size: 0x0005b000
File Size:  361632      File Time:  2017-09-29_154210
Version:
   Company:    Microsoft Corporation
   Product:    Microsoft® Windows® Operating System
   FileDesc:   MMDevice API
   FileVer:    10.0.16299.15
   ProdVer:    10.0.16299.15

Module 14
C:\WINDOWS\SYSTEM32\OPENGL32.dll
Image Base: 0x55940000  Image Size: 0x000df000
File Size:  777216      File Time:  2017-09-29_154224
Version:
   Company:    Microsoft Corporation
   Product:    Microsoft® Windows® Operating System
   FileDesc:   OpenGL Client DLL
   FileVer:    10.0.16299.15
   ProdVer:    10.0.16299.15

Module 15
C:\WINDOWS\SYSTEM32\dxgi.dll
Image Base: 0x5f440000  Image Size: 0x00093000
File Size:  590944      File Time:  2017-12-12_110036
Version:
   Company:    Microsoft Corporation
   Product:    Microsoft® Windows® Operating System
   FileDesc:   DirectX Graphics Infrastructure
   FileVer:    10.0.16299.98
   ProdVer:    10.0.16299.98

Module 16
C:\WINDOWS\SYSTEM32\d3d11.dll
Image Base: 0x5f710000  Image Size: 0x0023e000
File Size:  2339296     File Time:  2017-12-12_110036
Version:
   Company:    Microsoft Corporation
   Product:    Microsoft® Windows® Operating System
   FileDesc:   Direct3D 11 Runtime
   FileVer:    10.0.16299.98
   ProdVer:    10.0.16299.98

Module 17
C:\WINDOWS\SYSTEM32\aticfx32.dll
Image Base: 0x60bc0000  Image Size: 0x0012f000
File Size:  1249632     File Time:  2016-04-23_025032
Version:
   Company:    Advanced Micro Devices, Inc. 
   Product:    AMD Inc. Radeon DirectX 11 Driver
   FileDesc:   aticfx32.dll
   FileVer:    8.17.10.1429
   ProdVer:    8.17.10.1429

Module 18
C:\Windows\System32\msvcp110_win.dll
Image Base: 0x60cf0000  Image Size: 0x00067000
File Size:  417360      File Time:  2017-09-29_154216
Version:
   Company:    Microsoft Corporation
   Product:    Microsoft® Windows® Operating System
   FileDesc:   Microsoft® STL110 C++ Runtime Library
   FileVer:    10.0.16299.15
   ProdVer:    10.0.16299.15

Module 19
C:\Windows\System32\Bcp47Langs.dll
Image Base: 0x611a0000  Image Size: 0x00050000
File Size:  318776      File Time:  2017-09-29_154212
Version:
   Company:    Microsoft Corporation
   Product:    Microsoft® Windows® Operating System
   FileDesc:   BCP47 Language Classes
   FileVer:    10.0.16299.15
   ProdVer:    10.0.16299.15

Module 20
C:\WINDOWS\SYSTEM32\GLU32.dll
Image Base: 0x61a20000  Image Size: 0x00025000
File Size:  138752      File Time:  2017-09-29_154224
Version:
   Company:    Microsoft Corporation
   Product:    Microsoft® Windows® Operating System
   FileDesc:   OpenGL Utility Library DLL
   FileVer:    10.0.16299.15
   ProdVer:    10.0.16299.15

Module 21
C:\WINDOWS\system32\dwmapi.dll
Image Base: 0x63a90000  Image Size: 0x00023000
File Size:  126872      File Time:  2017-09-29_154218
Version:
   Company:    Microsoft Corporation
   Product:    Microsoft® Windows® Operating System
   FileDesc:   Microsoft Desktop Window Manager API
   FileVer:    10.0.16299.15
   ProdVer:    10.0.16299.15

Module 22
C:\WINDOWS\SYSTEM32\wdmaud.drv
Image Base: 0x64950000  Image Size: 0x0003a000
File Size:  212480      File Time:  2017-09-29_154210
Version:
   Company:    Microsoft Corporation
   Product:    Microsoft® Windows® Operating System
   FileDesc:   Winmm  audio system driver
   FileVer:    10.0.16299.15
   ProdVer:    10.0.16299.15

Module 23
C:\WINDOWS\SYSTEM32\AVRT.dll
Image Base: 0x64fb0000  Image Size: 0x00008000
File Size:  27416       File Time:  2017-09-29_154210
Version:
   Company:    Microsoft Corporation
   Product:    Microsoft® Windows® Operating System
   FileDesc:   Multimedia Realtime Runtime
   FileVer:    10.0.16299.15
   ProdVer:    10.0.16299.15

Module 24
C:\WINDOWS\SYSTEM32\MSACM32.dll
Image Base: 0x64fd0000  Image Size: 0x00019000
File Size:  93568       File Time:  2017-09-29_154210
Version:
   Company:    Microsoft Corporation
   Product:    Microsoft® Windows® Operating System
   FileDesc:   Microsoft ACM Audio Filter
   FileVer:    10.0.16299.15
   ProdVer:    10.0.16299.15

Module 25
C:\WINDOWS\System32\PROPSYS.dll
Image Base: 0x656a0000  Image Size: 0x0017a000
File Size:  1555232     File Time:  2017-09-29_154212
Version:
   Company:    Microsoft Corporation
   Product:    Windows® Search
   FileDesc:   Microsoft Property System
   FileVer:    7.0.16299.15
   ProdVer:    7.0.16299.15

Module 26
C:\WINDOWS\SYSTEM32\CoreUIComponents.dll
Image Base: 0x65e90000  Image Size: 0x00234000
File Size:  2313472     File Time:  2017-09-29_154212
Version:
   Company:    Microsoft Corporation
   Product:    Microsoft® Windows® Operating System
   FileDesc:   Microsoft Core UI Components Dll
   FileVer:    10.0.16299.15
   ProdVer:    10.0.16299.15

Module 27
C:\WINDOWS\SYSTEM32\CoreMessaging.dll
Image Base: 0x660d0000  Image Size: 0x0008c000
File Size:  566664      File Time:  2017-09-29_154216
Version:
   Company:    Microsoft Corporation
   Product:    Microsoft® Windows® Operating System
   FileDesc:   Microsoft CoreMessaging Dll
   FileVer:    10.0.16299.15
   ProdVer:    10.0.16299.15

Module 28
C:\WINDOWS\SYSTEM32\TextInputFramework.dll
Image Base: 0x66160000  Image Size: 0x00077000
File Size:  480912      File Time:  2017-09-29_154212
Version:
   Company:    Microsoft Corporation
   Product:    Microsoft® Windows® Operating System
   FileDesc:   "TextInputFramework.DYNLINK"
   FileVer:    10.0.16299.15
   ProdVer:    10.0.16299.15

Module 29
C:\WINDOWS\SYSTEM32\wintypes.dll
Image Base: 0x67f40000  Image Size: 0x000cb000
File Size:  832648      File Time:  2017-09-29_154216
Version:
   Company:    Microsoft Corporation
   Product:    Microsoft® Windows® Operating System
   FileDesc:   Windows Base Types DLL
   FileVer:    10.0.16299.15
   ProdVer:    10.0.16299.15

Module 30
C:\Windows\System32\RMCLIENT.dll
Image Base: 0x68010000  Image Size: 0x0001a000
File Size:  98344       File Time:  2017-09-29_154212
Version:
   Company:    Microsoft Corporation
   Product:    Microsoft® Windows® Operating System
   FileDesc:   Resource Manager Client
   FileVer:    10.0.16299.15
   ProdVer:    10.0.16299.15

Module 31
C:\WINDOWS\system32\wbem\fastprox.dll
Image Base: 0x68030000  Image Size: 0x000c0000
File Size:  769536      File Time:  2017-09-29_154220
Version:
   Company:    Microsoft Corporation
   Product:    Microsoft® Windows® Operating System
   FileDesc:   WMI Custom Marshaller
   FileVer:    10.0.16299.15
   ProdVer:    10.0.16299.15

Module 32
C:\WINDOWS\system32\wbem\wbemsvc.dll
Image Base: 0x680f0000  Image Size: 0x00010000
File Size:  48640       File Time:  2017-09-29_154220
Version:
   Company:    Microsoft Corporation
   Product:    Microsoft® Windows® Operating System
   FileDesc:   WMI
   FileVer:    10.0.16299.15
   ProdVer:    10.0.16299.15

Module 33
C:\WINDOWS\SYSTEM32\wbemcomn.dll
Image Base: 0x68100000  Image Size: 0x00068000
File Size:  397824      File Time:  2017-09-29_154220
Version:
   Company:    Microsoft Corporation
   Product:    Microsoft® Windows® Operating System
   FileDesc:   WMI
   FileVer:    10.0.16299.15
   ProdVer:    10.0.16299.15

Module 34
C:\Windows\System32\urlmon.dll
Image Base: 0x689a0000  Image Size: 0x0018c000
File Size:  1559552     File Time:  2017-12-08_000326
Version:
   Company:    Microsoft Corporation
   Product:    Internet Explorer
   FileDesc:   OLE32 Extensions for Win32
   FileVer:    11.0.16299.125
   ProdVer:    11.0.16299.125

Module 35
C:\WINDOWS\SYSTEM32\WINMMBASE.dll
Image Base: 0x68b80000  Image Size: 0x00023000
File Size:  129864      File Time:  2017-09-29_154210
Version:
   Company:    Microsoft Corporation
   Product:    Microsoft® Windows® Operating System
   FileDesc:   Base Multimedia Extension API DLL
   FileVer:    10.0.16299.15
   ProdVer:    10.0.16299.15

Module 36
C:\WINDOWS\SYSTEM32\WINMM.dll
Image Base: 0x69110000  Image Size: 0x00024000
File Size:  135432      File Time:  2017-09-29_154210
Version:
   Company:    Microsoft Corporation
   Product:    Microsoft® Windows® Operating System
   FileDesc:   MCI API DLL
   FileVer:    10.0.16299.15
   ProdVer:    10.0.16299.15

Module 37
C:\WINDOWS\system32\uxtheme.dll
Image Base: 0x691a0000  Image Size: 0x00079000
File Size:  472576      File Time:  2017-09-29_154226
Version:
   Company:    Microsoft Corporation
   Product:    Microsoft® Windows® Operating System
   FileDesc:   Microsoft UxTheme Library
   FileVer:    10.0.16299.15
   ProdVer:    10.0.16299.15

Module 38
C:\WINDOWS\WinSxS\x86_microsoft.windows.common-controls_6595b64144ccf1df_6.0.16299.125_none_5d79065fa7de350f\comctl32.dll
Image Base: 0x69220000  Image Size: 0x00211000
File Size:  2150808     File Time:  2017-12-08_003120
Version:
   Company:    Microsoft Corporation
   Product:    Microsoft® Windows® Operating System
   FileDesc:   User Experience Controls Library
   FileVer:    6.10.16299.125
   ProdVer:    10.0.16299.125

Module 39
C:\WINDOWS\SYSTEM32\twinapi.appcore.dll
Image Base: 0x6a1f0000  Image Size: 0x00134000
File Size:  1261864     File Time:  2017-12-12_105806
Version:
   Company:    Microsoft Corporation
   Product:    Microsoft® Windows® Operating System
   FileDesc:   twinapi.appcore
   FileVer:    10.0.16299.19
   ProdVer:    10.0.16299.19

Module 40
C:\Program Files\AVAST Software\Avast\aswhookx.dll
Image Base: 0x6a330000  Image Size: 0x0002f000
File Size:  199936      File Time:  2018-01-06_205614
Version:
   Company:    AVAST Software
   Product:    Avast
   FileDesc:   Hook Library
   FileVer:    17.9.3.19960
   ProdVer:    17.9.3.19960

Module 41
C:\WINDOWS\System32\Speech_OneCore\Engines\SR\spsrx_onecore.dll
Image Base: 0x6a580000  Image Size: 0x00015000
File Size:  72704       File Time:  2017-09-29_154214
Version:
   Company:    Microsoft Corporation
   Product:    Microsoft® Speech Recognizer 11.1
   FileDesc:   Microsoft® Speech Recognition Engine Extensions
   FileVer:    11.1.16299.15
   ProdVer:    11.1.16299.15

Module 42
C:\Windows\System32\Speech_OneCore\Common\SpeechServiceWinRTApi.ProxyStub.dll
Image Base: 0x6a5a0000  Image Size: 0x0000f000
File Size:  46080       File Time:  2017-09-29_154212
Version:
   Company:    Microsoft Corporation
   Product:    Microsoft® Windows® Operating System
   FileDesc:   Speech Service Proxy/Stub System DLL
   FileVer:    10.0.16299.15
   ProdVer:    10.0.16299.15

Module 43
C:\WINDOWS\system32\wbem\wbemprox.dll
Image Base: 0x6a850000  Image Size: 0x0000d000
File Size:  35840       File Time:  2017-09-29_154220
Version:
   Company:    Microsoft Corporation
   Product:    Microsoft® Windows® Operating System
   FileDesc:   WMI
   FileVer:    10.0.16299.15
   ProdVer:    10.0.16299.15

Module 44
C:\WINDOWS\System32\fwpuclnt.dll
Image Base: 0x6a9f0000  Image Size: 0x0004e000
File Size:  300544      File Time:  2017-09-29_154212
Version:
   Company:    Microsoft Corporation
   Product:    Microsoft® Windows® Operating System
   FileDesc:   FWP/IPsec User-Mode API
   FileVer:    10.0.16299.15
   ProdVer:    10.0.16299.15

Module 45
C:\Windows\System32\rasadhlp.dll
Image Base: 0x6abf0000  Image Size: 0x00008000
File Size:  12800       File Time:  2017-09-29_154224
Version:
   Company:    Microsoft Corporation
   Product:    Microsoft® Windows® Operating System
   FileDesc:   Remote Access AutoDial Helper
   FileVer:    10.0.16299.15
   ProdVer:    10.0.16299.15

Module 46
C:\WINDOWS\SYSTEM32\midimap.dll
Image Base: 0x6af20000  Image Size: 0x00008000
File Size:  18944       File Time:  2017-09-29_154210
Version:
   Company:    Microsoft Corporation
   Product:    Microsoft® Windows® Operating System
   FileDesc:   Microsoft MIDI Mapper
   FileVer:    10.0.16299.15
   ProdVer:    10.0.16299.15

Module 47
C:\WINDOWS\SYSTEM32\msacm32.drv
Image Base: 0x6b700000  Image Size: 0x0000a000
File Size:  24576       File Time:  2017-09-29_154210
Version:
   Company:    Microsoft Corporation
   Product:    Microsoft® Windows® Operating System
   FileDesc:   Microsoft Sound Mapper
   FileVer:    10.0.16299.15
   ProdVer:    10.0.16299.15

Module 48
C:\WINDOWS\SYSTEM32\dhcpcsvc.DLL
Image Base: 0x6dde0000  Image Size: 0x00014000
File Size:  62976       File Time:  2017-09-29_154218
Version:
   Company:    Microsoft Corporation
   Product:    Microsoft® Windows® Operating System
   FileDesc:   DHCP Client Service
   FileVer:    10.0.16299.15
   ProdVer:    10.0.16299.15

Module 49
C:\WINDOWS\SYSTEM32\dhcpcsvc6.DLL
Image Base: 0x6de70000  Image Size: 0x00013000
File Size:  57856       File Time:  2017-09-29_154218
Version:
   Company:    Microsoft Corporation
   Product:    Microsoft® Windows® Operating System
   FileDesc:   DHCPv6 Client
   FileVer:    10.0.16299.15
   ProdVer:    10.0.16299.15

Module 50
C:\WINDOWS\SYSTEM32\MSWSOCK.dll
Image Base: 0x6dfb0000  Image Size: 0x00055000
File Size:  334744      File Time:  2017-09-29_154216
Version:
   Company:    Microsoft Corporation
   Product:    Microsoft® Windows® Operating System
   FileDesc:   Microsoft Windows Sockets 2.0 Service Provider
   FileVer:    10.0.16299.15
   ProdVer:    10.0.16299.15

Module 51
C:\Windows\System32\iertutil.dll
Image Base: 0x6ef80000  Image Size: 0x00219000
File Size:  2192112     File Time:  2017-12-08_003406
Version:
   Company:    Microsoft Corporation
   Product:    Internet Explorer
   FileDesc:   Run time utility for Internet Explorer
   FileVer:    11.0.16299.125
   ProdVer:    11.0.16299.125

Module 52
C:\WINDOWS\System32\DEVOBJ.dll
Image Base: 0x718b0000  Image Size: 0x00022000
File Size:  132288      File Time:  2017-09-29_154218
Version:
   Company:    Microsoft Corporation
   Product:    Microsoft® Windows® Operating System
   FileDesc:   Device Information Set DLL
   FileVer:    10.0.16299.15
   ProdVer:    10.0.16299.15

Module 53
C:\WINDOWS\SYSTEM32\ntmarta.dll
Image Base: 0x72030000  Image Size: 0x00028000
File Size:  152440      File Time:  2017-09-29_154216
Version:
   Company:    Microsoft Corporation
   Product:    Microsoft® Windows® Operating System
   FileDesc:   Windows NT MARTA provider
   FileVer:    10.0.16299.15
   ProdVer:    10.0.16299.15

Module 54
C:\WINDOWS\SYSTEM32\HID.DLL
Image Base: 0x72060000  Image Size: 0x0000a000
File Size:  25600       File Time:  2017-09-29_154218
Version:
   Company:    Microsoft Corporation
   Product:    Microsoft® Windows® Operating System
   FileDesc:   Hid User Library
   FileVer:    10.0.16299.15
   ProdVer:    10.0.16299.15

Module 55
C:\WINDOWS\SYSTEM32\USERENV.dll
Image Base: 0x72790000  Image Size: 0x00022000
File Size:  133312      File Time:  2017-09-29_154218
Version:
   Company:    Microsoft Corporation
   Product:    Microsoft® Windows® Operating System
   FileDesc:   Userenv
   FileVer:    10.0.16299.15
   ProdVer:    10.0.16299.15

Module 56
C:\WINDOWS\SYSTEM32\bcrypt.dll
Image Base: 0x733a0000  Image Size: 0x00019000
File Size:  97144       File Time:  2017-12-08_005546
Version:
   Company:    Microsoft Corporation
   Product:    Microsoft® Windows® Operating System
   FileDesc:   Windows Cryptographic Primitives Library
   FileVer:    10.0.16299.125
   ProdVer:    10.0.16299.125

Module 57
C:\WINDOWS\system32\rsaenh.dll
Image Base: 0x733c0000  Image Size: 0x0002f000
File Size:  184984      File Time:  2017-09-29_154216
Version:
   Company:    Microsoft Corporation
   Product:    Microsoft® Windows® Operating System
   FileDesc:   Microsoft Enhanced Cryptographic Provider
   FileVer:    10.0.16299.15
   ProdVer:    10.0.16299.15

Module 58
C:\WINDOWS\SYSTEM32\CRYPTSP.dll
Image Base: 0x733f0000  Image Size: 0x00013000
File Size:  68264       File Time:  2017-09-29_154216
Version:
   Company:    Microsoft Corporation
   Product:    Microsoft® Windows® Operating System
   FileDesc:   Cryptographic Service Provider API
   FileVer:    10.0.16299.15
   ProdVer:    10.0.16299.15

Module 59
C:\WINDOWS\SYSTEM32\dbghelp.dll
Image Base: 0x73500000  Image Size: 0x00181000
File Size:  1435136     File Time:  2017-09-29_154218
Version:
   Company:    Microsoft Corporation
   Product:    Microsoft® Windows® Operating System
   FileDesc:   Windows Image Helper
   FileVer:    10.0.16299.15
   ProdVer:    10.0.16299.15

Module 60
C:\WINDOWS\SYSTEM32\IPHLPAPI.DLL
Image Base: 0x736d0000  Image Size: 0x00030000
File Size:  189112      File Time:  2017-09-29_154216
Version:
   Company:    Microsoft Corporation
   Product:    Microsoft® Windows® Operating System
   FileDesc:   IP Helper API
   FileVer:    10.0.16299.15
   ProdVer:    10.0.16299.15

Module 61
C:\WINDOWS\SYSTEM32\DNSAPI.dll
Image Base: 0x73700000  Image Size: 0x00094000
File Size:  597160      File Time:  2017-12-12_105806
Version:
   Company:    Microsoft Corporation
   Product:    Microsoft® Windows® Operating System
   FileDesc:   DNS Client API DLL
   FileVer:    10.0.16299.19
   ProdVer:    10.0.16299.19

Module 62
C:\WINDOWS\SYSTEM32\WINHTTP.dll
Image Base: 0x737a0000  Image Size: 0x000ad000
File Size:  703568      File Time:  2017-12-12_110030
Version:
   Company:    Microsoft Corporation
   Product:    Microsoft® Windows® Operating System
   FileDesc:   Windows HTTP Services
   FileVer:    10.0.16299.98
   ProdVer:    10.0.16299.98

Module 63
C:\WINDOWS\SYSTEM32\VERSION.dll
Image Base: 0x73b30000  Image Size: 0x00008000
File Size:  27416       File Time:  2017-09-29_154226
Version:
   Company:    Microsoft Corporation
   Product:    Microsoft® Windows® Operating System
   FileDesc:   Version Checking and File Installation Libraries
   FileVer:    10.0.16299.15
   ProdVer:    10.0.16299.15

Module 64
C:\WINDOWS\System32\CRYPTBASE.dll
Image Base: 0x74220000  Image Size: 0x0000a000
File Size:  31584       File Time:  2017-09-29_154228
Version:
   Company:    Microsoft Corporation
   Product:    Microsoft® Windows® Operating System
   FileDesc:   Base cryptographic API DLL
   FileVer:    10.0.16299.15
   ProdVer:    10.0.16299.15

Module 65
C:\WINDOWS\System32\SspiCli.dll
Image Base: 0x74230000  Image Size: 0x00020000
File Size:  123512      File Time:  2017-12-08_005804
Version:
   Company:    Microsoft Corporation
   Product:    Microsoft® Windows® Operating System
   FileDesc:   Security Support Provider Interface
   FileVer:    10.0.16299.125
   ProdVer:    10.0.16299.125

Module 66
C:\WINDOWS\System32\msvcp_win.dll
Image Base: 0x743e0000  Image Size: 0x0007c000
File Size:  504272      File Time:  2017-09-29_154216
Version:
   Company:    Microsoft Corporation
   Product:    Microsoft® Windows® Operating System
   FileDesc:   Microsoft® C Runtime Library
   FileVer:    10.0.16299.15
   ProdVer:    10.0.16299.15

Module 67
C:\WINDOWS\System32\IMM32.dll
Image Base: 0x74460000  Image Size: 0x00025000
File Size:  143152      File Time:  2017-09-29_154216
Version:
   Company:    Microsoft Corporation
   Product:    Microsoft® Windows® Operating System
   FileDesc:   Multi-User Windows IMM32 API Client DLL
   FileVer:    10.0.16299.15
   ProdVer:    10.0.16299.15

Module 68
C:\WINDOWS\System32\windows.storage.dll
Image Base: 0x74570000  Image Size: 0x005c6000
File Size:  6092664     File Time:  2017-12-08_003956
Version:
   Company:    Microsoft Corporation
   Product:    Microsoft® Windows® Operating System
   FileDesc:   Microsoft WinRT Storage API
   FileVer:    10.0.16299.125
   ProdVer:    10.0.16299.125

Module 69
C:\WINDOWS\System32\bcryptPrimitives.dll
Image Base: 0x74b40000  Image Size: 0x00057000
File Size:  353848      File Time:  2017-12-12_110030
Version:
   Company:    Microsoft Corporation
   Product:    Microsoft® Windows® Operating System
   FileDesc:   Windows Cryptographic Primitives Library
   FileVer:    10.0.16299.98
   ProdVer:    10.0.16299.98

Module 70
C:\WINDOWS\System32\MSCTF.dll
Image Base: 0x74ba0000  Image Size: 0x00144000
File Size:  1323840     File Time:  2017-12-12_105806
Version:
   Company:    Microsoft Corporation
   Product:    Microsoft® Windows® Operating System
   FileDesc:   MSCTF Server DLL
   FileVer:    10.0.16299.19
   ProdVer:    10.0.16299.19

Module 71
C:\WINDOWS\System32\USER32.dll
Image Base: 0x74d40000  Image Size: 0x00175000
File Size:  1528904     File Time:  2017-12-08_005618
Version:
   Company:    Microsoft Corporation
   Product:    Microsoft® Windows® Operating System
   FileDesc:   Multi-User Windows USER API Client DLL
   FileVer:    10.0.16299.125
   ProdVer:    10.0.16299.125

Module 72
C:\WINDOWS\System32\profapi.dll
Image Base: 0x75350000  Image Size: 0x00014000
File Size:  73416       File Time:  2017-09-29_154228
Version:
   Company:    Microsoft Corporation
   Product:    Microsoft® Windows® Operating System
   FileDesc:   User Profile Basic API
   FileVer:    10.0.16299.15
   ProdVer:    10.0.16299.15

Module 73
C:\WINDOWS\System32\KERNEL32.DLL
Image Base: 0x75370000  Image Size: 0x000d0000
File Size:  594552      File Time:  2017-09-29_154228
Version:
   Company:    Microsoft Corporation
   Product:    Microsoft® Windows® Operating System
   FileDesc:   Windows NT BASE API Client DLL
   FileVer:    10.0.16299.15
   ProdVer:    10.0.16299.15

Module 74
C:\WINDOWS\System32\KERNELBASE.dll
Image Base: 0x75440000  Image Size: 0x001d7000
File Size:  1930224     File Time:  2017-09-29_154144
Version:
   Company:    Microsoft Corporation
   Product:    Microsoft® Windows® Operating System
   FileDesc:   Windows NT BASE API Client DLL
   FileVer:    10.0.16299.15
   ProdVer:    10.0.16299.15

Module 75
C:\WINDOWS\System32\ucrtbase.dll
Image Base: 0x75620000  Image Size: 0x00117000
File Size:  1145104     File Time:  2017-12-08_003728
Version:
   Company:    Microsoft Corporation
   Product:    Microsoft® Windows® Operating System
   FileDesc:   Microsoft® C Runtime Library
   FileVer:    10.0.16299.125
   ProdVer:    10.0.16299.125

Module 76
C:\WINDOWS\System32\win32u.dll
Image Base: 0x75740000  Image Size: 0x00016000
File Size:  83728       File Time:  2017-09-29_154210
Version:
   Company:    Microsoft Corporation
   Product:    Microsoft® Windows® Operating System
   FileDesc:   Win32u
   FileVer:    10.0.16299.15
   ProdVer:    10.0.16299.15

Module 77
C:\WINDOWS\System32\sechost.dll
Image Base: 0x75760000  Image Size: 0x00043000
File Size:  267112      File Time:  2017-09-29_154228
Version:
   Company:    Microsoft Corporation
   Product:    Microsoft® Windows® Operating System
   FileDesc:   Host for SCM/SDDL/LSA Lookup APIs
   FileVer:    10.0.16299.15
   ProdVer:    10.0.16299.15

Module 78
C:\WINDOWS\System32\RPCRT4.dll
Image Base: 0x757b0000  Image Size: 0x000be000
File Size:  777904      File Time:  2017-09-29_154228
Version:
   Company:    Microsoft Corporation
   Product:    Microsoft® Windows® Operating System
   FileDesc:   Remote Procedure Call Runtime
   FileVer:    10.0.16299.15
   ProdVer:    10.0.16299.15

Module 79
C:\WINDOWS\System32\OLEAUT32.dll
Image Base: 0x75870000  Image Size: 0x00093000
File Size:  593536      File Time:  2017-09-29_154216
Version:
   Company:    Microsoft Corporation
   Product:    Microsoft® Windows® Operating System
   FileDesc:   OLEAUT32.DLL
   FileVer:    10.0.16299.15
   ProdVer:    10.0.16299.15

Module 80
C:\WINDOWS\System32\SHLWAPI.dll
Image Base: 0x75910000  Image Size: 0x00045000
File Size:  279472      File Time:  2017-09-29_154226
Version:
   Company:    Microsoft Corporation
   Product:    Microsoft® Windows® Operating System
   FileDesc:   Shell Light-weight Utility Library
   FileVer:    10.0.16299.15
   ProdVer:    10.0.16299.15

Module 81
C:\WINDOWS\System32\gdi32full.dll
Image Base: 0x759c0000  Image Size: 0x0015e000
File Size:  1432816     File Time:  2017-12-12_110036
Version:
   Company:    Microsoft Corporation
   Product:    Microsoft® Windows® Operating System
   FileDesc:   GDI Client DLL
   FileVer:    10.0.16299.98
   ProdVer:    10.0.16299.98

Module 82
C:\WINDOWS\System32\kernel.appcore.dll
Image Base: 0x75b20000  Image Size: 0x0000e000
File Size:  47600       File Time:  2017-09-29_154212
Version:
   Company:    Microsoft Corporation
   Product:    Microsoft® Windows® Operating System
   FileDesc:   AppModel API Host
   FileVer:    10.0.16299.15
   ProdVer:    10.0.16299.15

Module 83
C:\WINDOWS\System32\WS2_32.dll
Image Base: 0x75b30000  Image Size: 0x00066000
File Size:  409168      File Time:  2017-09-29_154228
Version:
   Company:    Microsoft Corporation
   Product:    Microsoft® Windows® Operating System
   FileDesc:   Windows Socket 2.0 32-Bit DLL
   FileVer:    10.0.16299.15
   ProdVer:    10.0.16299.15

Module 84
C:\WINDOWS\System32\SHELL32.dll
Image Base: 0x75ba0000  Image Size: 0x01333000
File Size:  20286120    File Time:  2017-12-08_003218
Version:
   Company:    Microsoft Corporation
   Product:    Microsoft® Windows® Operating System
   FileDesc:   Windows Shell Common Dll
   FileVer:    10.0.16299.125
   ProdVer:    10.0.16299.125

Module 85
C:\WINDOWS\System32\imagehlp.dll
Image Base: 0x76ee0000  Image Size: 0x00019000
File Size:  95576       File Time:  2017-09-29_154146
Version:
   Company:    Microsoft Corporation
   Product:    Microsoft® Windows® Operating System
   FileDesc:   Windows NT Image Helper
   FileVer:    10.0.16299.15
   ProdVer:    10.0.16299.15

Module 86
C:\WINDOWS\System32\combase.dll
Image Base: 0x76f00000  Image Size: 0x00246000
File Size:  2386312     File Time:  2017-09-29_154216
Version:
   Company:    Microsoft Corporation
   Product:    Microsoft® Windows® Operating System
   FileDesc:   Microsoft COM for Windows
   FileVer:    10.0.16299.15
   ProdVer:    10.0.16299.15

Module 87
C:\WINDOWS\System32\ADVAPI32.dll
Image Base: 0x77150000  Image Size: 0x00078000
File Size:  481464      File Time:  2017-09-29_154228
Version:
   Company:    Microsoft Corporation
   Product:    Microsoft® Windows® Operating System
   FileDesc:   Advanced Windows 32 Base API
   FileVer:    10.0.16299.15
   ProdVer:    10.0.16299.15

Module 88
C:\WINDOWS\System32\PSAPI.DLL
Image Base: 0x771d0000  Image Size: 0x00006000
File Size:  17104       File Time:  2017-09-29_154214
Version:
   Company:    Microsoft Corporation
   Product:    Microsoft® Windows® Operating System
   FileDesc:   Process Status Helper
   FileVer:    10.0.16299.15
   ProdVer:    10.0.16299.15

Module 89
C:\WINDOWS\System32\shcore.dll
Image Base: 0x77360000  Image Size: 0x00088000
File Size:  550168      File Time:  2017-09-29_154214
Version:
   Company:    Microsoft Corporation
   Product:    Microsoft® Windows® Operating System
   FileDesc:   SHCORE
   FileVer:    10.0.16299.15
   ProdVer:    10.0.16299.15

Module 90
C:\WINDOWS\System32\GDI32.dll
Image Base: 0x77400000  Image Size: 0x00022000
File Size:  133824      File Time:  2017-09-29_154212
Version:
   Company:    Microsoft Corporation
   Product:    Microsoft® Windows® Operating System
   FileDesc:   GDI Client DLL
   FileVer:    10.0.16299.15
   ProdVer:    10.0.16299.15

Module 91
C:\WINDOWS\System32\cfgmgr32.dll
Image Base: 0x77430000  Image Size: 0x00038000
File Size:  224216      File Time:  2017-09-29_154218
Version:
   Company:    Microsoft Corporation
   Product:    Microsoft® Windows® Operating System
   FileDesc:   Configuration Manager DLL
   FileVer:    10.0.16299.15
   ProdVer:    10.0.16299.15

Module 92
C:\WINDOWS\System32\NSI.dll
Image Base: 0x77470000  Image Size: 0x00007000
File Size:  20216       File Time:  2017-09-29_154144
Version:
   Company:    Microsoft Corporation
   Product:    Microsoft® Windows® Operating System
   FileDesc:   NSI User-mode interface DLL
   FileVer:    10.0.16299.15
   ProdVer:    10.0.16299.15

Module 93
C:\WINDOWS\System32\clbcatq.dll
Image Base: 0x77480000  Image Size: 0x00082000
File Size:  519640      File Time:  2017-09-29_154216
Version:
   Company:    Microsoft Corporation
   Product:    Microsoft® Windows® Operating System
   FileDesc:   COM+ Configuration Catalog
   FileVer:    2001.12.10941.16384
   ProdVer:    10.0.16299.15

Module 94
C:\WINDOWS\System32\ole32.dll
Image Base: 0x77570000  Image Size: 0x000f7000
File Size:  1003152     File Time:  2017-09-29_154214
Version:
   Company:    Microsoft Corporation
   Product:    Microsoft® Windows® Operating System
   FileDesc:   Microsoft OLE for Windows
   FileVer:    10.0.16299.15
   ProdVer:    10.0.16299.15

Module 95
C:\WINDOWS\System32\powrprof.dll
Image Base: 0x77670000  Image Size: 0x00045000
File Size:  273840      File Time:  2017-09-29_154216
Version:
   Company:    Microsoft Corporation
   Product:    Microsoft® Windows® Operating System
   FileDesc:   Power Profile Helper DLL
   FileVer:    10.0.16299.15
   ProdVer:    10.0.16299.15

Module 96
C:\WINDOWS\System32\msvcrt.dll
Image Base: 0x776c0000  Image Size: 0x000bd000
File Size:  769096      File Time:  2017-12-08_003648
Version:
   Company:    Microsoft Corporation
   Product:    Microsoft® Windows® Operating System
   FileDesc:   Windows NT CRT DLL
   FileVer:    7.0.16299.125
   ProdVer:    10.0.16299.125

Module 97
C:\WINDOWS\SYSTEM32\ntdll.dll
Image Base: 0x77810000  Image Size: 0x0018d000
File Size:  1615720     File Time:  2017-12-12_105806
Version:
   Company:    Microsoft Corporation
   Product:    Microsoft® Windows® Operating System
   FileDesc:   NT Layer DLL
   FileVer:    10.0.16299.64
   ProdVer:    10.0.16299.64

Module 98
C:\WINDOWS\SYSTEM32\ksuser.dll
Image Base: 0x77b80000  Image Size: 0x00007000
File Size:  19840       File Time:  2017-09-29_154210
Version:
   Company:    Microsoft Corporation
   Product:    Microsoft® Windows® Operating System
   FileDesc:   User CSA Library
   FileVer:    10.0.16299.15
   ProdVer:    10.0.16299.15


== [end of error.log] ==
