Unity Player [version: Unity 5.6.0f3_497a0f351392]

mono.dll caused an Access Violation (0xc0000005)
  in module mono.dll at 0023:100f15ea.

Error occurred at 2018-01-11_201208.
D:\MyProjects\Speech-Recognition-Unity\SpeechRecognitionUnity\test.exe, run by drsor.
58% memory in use.
0 MB physical memory [0 MB free].
0 MB paging file [0 MB free].
0 MB user address space [3682 MB free].
Read from location 11624000 caused an access violation.

Context:
EDI:    0x11624000  ESI: 0x00010000  EAX:   0x00000000
EBX:    0x00000000  ECX: 0x00c31000  EDX:   0x11622f00
EIP:    0x100f15ea  EBP: 0x00b9eff0  SegCs: 0x00000023
EFlags: 0x00210246  ESP: 0x00b9efe0  SegSs: 0x0000002b

Bytes at CS:EIP:
f6 07 10 75 1e f6 47 14 fc 75 18 68 2c a9 1b 10 

Stack:
0x00b9efe0: 11624000 00000020 00000000 10b69d90 .@b. ...........
0x00b9eff0: 00b9f014 1005d865 11624000 00000000 ....e....@b.....
0x00b9f000: 00b9f0d8 00b9f174 11624000 00000000 ....t....@b.....
0x00b9f010: 00000000 00b9f034 017920e0 11624000 ....4.... y..@b.
0x00b9f020: 00000000 00b9f0d8 00b9f174 00b9f174 ........t...t...
0x00b9f030: 00b9f078 00b9f060 0178ec42 00b9f06c x...`...B.x.l...
0x00b9f040: 11624000 11622f00 00000000 00b9f078 .@b../b.....x...
0x00b9f050: 00b9f174 00000000 0644def0 00000001 t.........D.....
0x00b9f060: 00b9f16c 01a3efb5 00b9f168 00b9f174 l.......h...t...
0x00b9f070: 00000000 0644dea0 00000001 75f97250 ......D.....Pr.u
0x00b9f080: 01210000 00000000 00000004 10b68948 ..!.........H...
0x00b9f090: 00000004 10b69e54 00b9f0a4 12a26614 ....T........f..
0x00b9f0a0: 00000004 00b9f0d4 12a27065 12a2707a ........ep..zp..
0x00b9f0b0: eeaba0e0 10b68948 10b69e54 00000004 ....H...T.......
0x00b9f0c0: 10b6feb8 10b6fec0 12958faa eeaba0e4 ................
0x00b9f0d0: 00b9f0e8 1295d59e 00b9f078 00000000 ........x.......
0x00b9f0e0: 00000000 00000000 00000000 00000000 ................
0x00b9f0f0: 00000000 00000000 00000000 00000000 ................
0x00b9f100: 00000000 00000000 00000001 068e7cf8 .............|..
0x00b9f110: 05dabdf0 00b9f140 0148b250 00b9f148 ....@...P.H.H...
0x00b9f120: 05df3790 0644df1c 068e7cf8 068e5cc0 .7....D..|...\..
0x00b9f130: 0c084af5 0a6eb180 00000001 aea4dc84 .J....n.........
0x00b9f140: 11624000 11622f00 00000000 00000000 .@b../b.........
0x00b9f150: 00000000 00000000 00000000 00000000 ................
0x00b9f160: 7b840101 aea4dc84 068e5cc0 00b9f2dc ...{.....\......
0x00b9f170: 01a413e0 00000000 00000001 02275efc .............^'.
0x00b9f180: 02275ef0 00200001 00000000 00000000 .^'... .........
0x00b9f190: 0000029e 00000000 011f0818 00000086 ................
0x00b9f1a0: 75c88d6a 00200001 000301e0 75ca40a9 j..u.. ......@.u
0x00b9f1b0: 00000000 00000000 00000001 0490ae10 ................
0x00b9f1c0: 00b9f1ec 75ca40a9 0490ae10 00000000 .....@.u........
0x00b9f1d0: 06b376d0 00000000 00b9f1e0 0183cc04 .v..............
0x00b9f1e0: 00b9f1fc 0183dccf 00000003 06b37520 ............ u..
0x00b9f1f0: 01840665 00000000 02275bec 00b9f218 e........['.....
0x00b9f200: 0184090f 00000003 49d44780 49d44780 .........G.I.G.I
0x00b9f210: 00003307 00000000 00b9f24c 0183d465 .3......L...e...
0x00b9f220: 06b37520 00000003 49d44780 49d44780  u.......G.I.G.I
0x00b9f230: 00003307 00000000 00000592 05da3b90 .3...........;..
0x00b9f240: 00000000 02275bec 00000001 00b9f2d0 .....['.........
0x00b9f250: 0183e9e8 00000003 49d44780 49d44780 .........G.I.G.I
0x00b9f260: 00003307 00000000 00000000 02275ef0 .3...........^'.
0x00b9f270: 02275ef0 00200001 00000000 00000004 .^'... .........
0x00b9f280: 000004b0 75cbe120 00000000 00000000 .... ..u........
0x00b9f290: 00200001 00000000 00b9f2ac 77682d89 .. ..........-hw
0x00b9f2a0: 00000000 05dc4d00 00000000 00000000 .....M..........
0x00b9f2b0: 06432be0 00000000 00b9f2bc 00000011 .+C.............
0x00b9f2c0: 00000030 00000006 00000004 0214c468 0...........h...
0x00b9f2d0: 00b9f2dc 10b75290 10b75298 00b9f2f8 .....R...R......
0x00b9f2e0: 01681d61 0644dea0 00000000 00000000 a.h...D.........
0x00b9f2f0: 00000000 00000000 00b9f318 0192c047 ............G...
0x00b9f300: 00000000 063d5040 00000006 fffffffe ....@P=.........
0x00b9f310: 00b9f360 012b45f4 00b9f360 012b437c `....E+.`...|C+.
0x00b9f320: 00000000 00000001 012b4010 000301e0 .........@+.....
0x00b9f330: 00000000 00032b1a 000301ea b8f25b06 .....+.......[..
0x00b9f340: 00b9f360 75cbac4c 00000000 000301e0 `...L..u........
0x00b9f350: 777ecb1c 00000001 00000514 00b9f3fc ..~w............
0x00b9f360: 00b9f38c 75c7e0bb 000301e0 00000006 .......u........
0x00b9f370: 00200001 00000000 000301e0 dcbaabcd .. .............
0x00b9f380: 00000000 012b4010 000301e0 00b9f3b0 .....@+.........
0x00b9f390: 75c88849 012b4010 000301e0 00000006 I..u.@+.........
0x00b9f3a0: 00200001 00000000 00000000 000301e0 .. .............
0x00b9f3b0: 00b9f480 75c8b145 00000006 00200001 ....E..u...... .
0x00b9f3c0: 00000000 b8f25cb2 00000000 000301e0 .....\..........
0x00b9f3d0: 00000006 ffffffff 00000024 00000001 ........$.......
0x00b9f3e0: 00000000 00000000 00000030 ffffffff ........0.......
0x00b9f3f0: ffffffff 75c8b025 00000000 000301e0 ....%..u........
0x00b9f400: dcbaabcd 00000000 012b4010 000301e0 .........@+.....
0x00b9f410: 00b9f434 75c88849 012b4010 80006011 4...I..u.@+..`..
0x00b9f420: 012b4010 00000000 00000000 00000000 .@+.............
0x00b9f430: 00000000 80006011 012b4010 00000000 .....`...@+.....
0x00b9f440: 00000000 00000000 00000000 00000000 ................
0x00b9f450: 00000000 00000000 00000000 000301e0 ................
0x00b9f460: 00000001 b8f25cb2 00b9f3c4 00b9ea10 .....\..........
0x00b9f470: 00b9f4d8 75c7fcf0 cd86088a 00000000 .......u........
0x00b9f480: 00b9f4e8 75c78503 012b4010 00000000 .......u.@+.....
0x00b9f490: 00000006 00200001 00000000 00c2f000 ...... .........
0x00b9f4a0: 00000001 b8f25cda 00b9f5b0 77839450 .....\......P..w
0x00b9f4b0: 00000004 00000000 00b9f48c 00000388 ................
0x00b9f4c0: 00000000 00000000 000301e0 00000000 ................
0x00b9f4d0: 00b9f4a4 00b9ea10 00b9f540 75c7fcf0 ........@......u
0x00b9f4e0: cd863582 fffffffe 00b9f530 75c78aa0 .5......0......u
0x00b9f4f0: 0490ae10 00000000 00000006 00200001 .............. .
0x00b9f500: 00000000 012b4010 00c2f000 00000000 .....@+.........
0x00b9f510: 00000001 00000000 00000000 77820bcd ...............w
0x00b9f520: 00000000 00000000 00b9f7bc b8f25d3e ............>]..
0x00b9f530: 00b9f590 77820bcd 00b9f54c 00000020 .......wL... ...
0x00b9f540: 00b9f7bc 77820b00 00b9f56c 0490ae10 .......wl.......
0x00b9f550: 00000000 00000006 00200001 00000000 .......... .....
0x00b9f560: 012b4010 77839450 00000000 75c6fd51 .@+.P..w....Q..u
0x00b9f570: 00b9f5b0 00000000 00000000 00000000 ................
0x00b9f580: 75c6fc60 00000004 75c69500 b8f25d42 `..u.......uB]..
0x00b9f590: 00b9f5d0 012a8cc1 00b9f5b0 00000000 ......*.........
0x00b9f5a0: 00000000 00000000 00000000 00000001 ................
0x00b9f5b0: 000301e0 000000ff 00000001 017003e5 ..............p.
0x00b9f5c0: 001419ef 00000364 0000046d 00000828 ....d...m...(...
0x00b9f5d0: 00b9f724 012b759b 01ac1b27 00000000 $....u+.'.......
0x00b9f5e0: 00c2e000 05dbbbb0 00000050 0000000d ........P.......
0x00b9f5f0: 00000001 00000000 00000050 00000042 ........P...B...
0x00b9f600: 00000400 05d80fd0 00000000 00000bf8 ................
0x00b9f610: 00000001 c6d750eb 05d820a0 05dbbdf0 .....P... ......
0x00b9f620: 00000056 000206a7 01ae18bd 05d820a0 V............ ..
0x00b9f630: 00000056 00000042 1c004121 01c0003f V...B...!A..?...
0x00b9f640: 0000003f 00000000 1c004122 01c0003f ?......."A..?...
0x00b9f650: 0000003f 05da7c60 00000047 01c0003f ?...`|..G...?...
0x00b9f660: 000001ff 00000000 00000047 00000042 ........G...B...
0x00b9f670: 05dbbb50 00000055 05d81748 05d805a8 P...U...H.......
0x00b9f680: 00b9f600 00000055 00000042 05da7bc0 ....U...B....{..
0x00b9f690: 0000004c 0000000f 00000000 05d81a24 L...........$...
0x00b9f6a0: 0000004c 00000042 05c1c2b0 00000000 L...B...........
0x00b9f6b0: 00637465 00646567 01ad13d9 05d820a0 etc.ged...... ..
0x00b9f6c0: 00000003 00000042 05da3a90 05da3ac8 ....B....:...:..
0x00b9f6d0: 05da3ac8 00c2e000 00000000 65646968 .:..........hide
0x00b9f6e0: 646e6957 0000776f 01ac8650 0000000a Window..P.......
0x00b9f6f0: 00000042 00000000 65726170 5748746e B.......parentHW
0x00b9f700: 0100444e 00f23917 0000000a 00000042 ND...9......B...
0x00b9f710: 05c1c2b0 00000000 00000000 00000000 ................
0x00b9f720: 00c2e001 00b9f73c 01a83e58 01240000 ....<...X>....$.
0x00b9f730: 00000000 00f23919 00000001 00b9f7cc .....9..........
0x00b9f740: 01ac1ad4 01240000 00000000 00f23919 ......$......9..
0x00b9f750: 00000001 6b2e5d4e 01ac1b27 01ac1b27 ....N].k'...'...
0x00b9f760: 00c2e000 00000044 00f2203c 00f2201c ....D...< ... ..
0x00b9f770: 00f21f8e 00000000 00000000 00000000 ................
0x00b9f780: 00000000 00000000 00000000 00000000 ................
0x00b9f790: 00000401 00000001 00000000 00000000 ................
0x00b9f7a0: 00010001 00000000 00b9f7b8 01ac1b27 ............'...
0x00b9f7b0: 00000000 00b9f754 f6b73c9a 00b9f818 ....T....<......
0x00b9f7c0: 01ac3a30 69b5c142 00000000 00b9f7e0 0:..B..i........
0x00b9f7d0: 750e8654 00c2e000 750e8630 b82b2345 T..u....0..uE#+.
0x00b9f7e0: 00b9f828 77814a77 00c2e000 bab36ddf (...wJ.w.....m..
0x00b9f7f0: 00000000 00000000 00c2e000 00000000 ................
0x00b9f800: 00000000 00000000 00000000 bab36ddf .............m..
0x00b9f810: 00b9f7ec 00000000 00b9f830 77826a50 ........0...Pj.w
0x00b9f820: cd806e8f 00000000 00b9f838 77814a47 .n......8...GJ.w
0x00b9f830: ffffffff 77839f1c 00000000 00000000 .......w........
0x00b9f840: 01ac1b27 00c2e000 00000000 00000000 '...............
0x00b9f850: 00000000 00000000 00000000 00000000 ................
0x00b9f860: 00000000 00000000 00000000 00000000 ................
0x00b9f870: 00000000 00000000 00000000 00000000 ................
0x00b9f880: 00000000 00000000 00000000 00000000 ................
0x00b9f890: 00000000 00000000 00000000 00000000 ................
0x00b9f8a0: 00000000 00000000 00000000 00000000 ................
0x00b9f8b0: 00000000 00000000 00000000 00000000 ................
0x00b9f8c0: 00000000 00000000 00000000 00000000 ................
0x00b9f8d0: 00000000 00000000 00000000 00000000 ................
0x00b9f8e0: 00000000 00000000 00000000 00000000 ................
0x00b9f8f0: 00000000 00000000 00000000 00000000 ................
0x00b9f900: 00000000 00000000 00000000 00000000 ................
0x00b9f910: 00000000 00000000 00000000 00000000 ................
0x00b9f920: 00000000 00000000 00000000 00000000 ................
0x00b9f930: 00000000 00000000 00000000 00000000 ................
0x00b9f940: 00000000 00000000 00000000 00000000 ................
0x00b9f950: 00000000 00000000 00000000 00000000 ................
0x00b9f960: 00000000 00000000 00000000 00000000 ................
0x00b9f970: 00000000 00000000 00000000 00000000 ................
0x00b9f980: 00000000 00000000 00000000 00000000 ................
0x00b9f990: 00000000 00000000 00000000 00000000 ................
0x00b9f9a0: 00000000 00000000 00000000 00000000 ................
0x00b9f9b0: 00000000 00000000 00000000 00000000 ................
0x00b9f9c0: 00000000 00000000 00000000 00000000 ................
0x00b9f9d0: 00000000 00000000 00000000 00000000 ................
0x00b9f9e0: 00000000 00000000 00000000 00000000 ................
0x00b9f9f0: 00000000 00000000 00000000 00000000 ................
0x00b9fa00: 00000000 00000000 00000000 00000000 ................
0x00b9fa10: 00000000 00000000 00000000 00000000 ................
0x00b9fa20: 00000000 00000000 00000000 00000000 ................
0x00b9fa30: 00000000 00000000 00000000 00000000 ................
0x00b9fa40: 00000000 00000000 00000000 00000000 ................
0x00b9fa50: 00000000 00000000 00000000 00000000 ................
0x00b9fa60: 00000000 00000000 00000000 00000000 ................
0x00b9fa70: 00000000 00000000 00000000 00000000 ................
0x00b9fa80: 00000000 00000000 00000000 00000000 ................
0x00b9fa90: 00000000 00000000 00000000 00000000 ................
0x00b9faa0: 00000000 00000000 00000000 00000000 ................
0x00b9fab0: 00000000 00000000 00000000 00000000 ................
0x00b9fac0: 00000000 00000000 00000000 00000000 ................
0x00b9fad0: 00000000 00000000 00000000 00000000 ................
0x00b9fae0: 00000000 00000000 00000000 00000000 ................
0x00b9faf0: 00000000 00000000 00000000 00000000 ................
0x00b9fb00: 00000000 00000000 00000000 00000000 ................
0x00b9fb10: 00000000 00000000 00000000 00000000 ................
0x00b9fb20: 00000000 00000000 00000000 00000000 ................
0x00b9fb30: 00000000 00000000 00000000 00000000 ................
0x00b9fb40: 00000000 00000000 00000000 00000000 ................
0x00b9fb50: 00000000 00000000 00000000 00000000 ................
0x00b9fb60: 00000000 00000000 00000000 00000000 ................
0x00b9fb70: 00000000 00000000 00000000 00000000 ................
0x00b9fb80: 00000000 00000000 00000000 00000000 ................
0x00b9fb90: 00000000 00000000 00000000 00000000 ................
0x00b9fba0: 00000000 00000000 00000000 00000000 ................
0x00b9fbb0: 00000000 00000000 00000000 00000000 ................
0x00b9fbc0: 00000000 00000000 00000000 00000000 ................
0x00b9fbd0: 00000000 00000000 00000000 00000000 ................
0x00b9fbe0: 00000000 00000000 00000000 00000000 ................
0x00b9fbf0: 00000000 00000000 00000000 00000000 ................
0x00b9fc00: 00000000 00000000 00000000 00000000 ................
0x00b9fc10: 00000000 00000000 00000000 00000000 ................
0x00b9fc20: 00000000 00000000 00000000 00000000 ................
0x00b9fc30: 00000000 00000000 00000000 00000000 ................
0x00b9fc40: 00000000 00000000 00000000 00000000 ................
0x00b9fc50: 00000000 00000000 00000000 00000000 ................
0x00b9fc60: 00000000 00000000 00000000 00000000 ................
0x00b9fc70: 00000000 00000000 00000000 00000000 ................
0x00b9fc80: 00000000 00000000 00000000 00000000 ................
0x00b9fc90: 00000000 00000000 00000000 00000000 ................
0x00b9fca0: 00000000 00000000 00000000 00000000 ................
0x00b9fcb0: 00000000 00000000 00000000 00000000 ................
0x00b9fcc0: 00000000 00000000 00000000 00000000 ................
0x00b9fcd0: 00000000 00000000 00000000 00000000 ................
0x00b9fce0: 00000000 00000000 00000000 00000000 ................
0x00b9fcf0: 00000000 00000000 00000000 00000000 ................
0x00b9fd00: 00000000 00000000 00000000 00000000 ................
0x00b9fd10: 00000000 00000000 00000000 00000000 ................
0x00b9fd20: 00000000 00000000 00000000 00000000 ................
0x00b9fd30: 00000000 00000000 00000000 00000000 ................
0x00b9fd40: 00000000 00000000 00000000 00000000 ................
0x00b9fd50: 00000000 00000000 00000000 00000000 ................
0x00b9fd60: 00000000 00000000 00000000 00000000 ................
0x00b9fd70: 00000000 00000000 00000000 00000000 ................
0x00b9fd80: 00000000 00000000 00000000 00000000 ................
0x00b9fd90: 00000000 00000000 00000000 00000000 ................
0x00b9fda0: 00000000 00000000 00000000 00000000 ................
0x00b9fdb0: 00000000 00000000 00000000 00000000 ................
0x00b9fdc0: 00000000 00000000 00000000 00000000 ................
0x00b9fdd0: 00000000 00000000 00000000 00000000 ................
0x00b9fde0: 00000000 00000000 00000000 00000000 ................
0x00b9fdf0: 00000000 00000000 00000000 00000000 ................
0x00b9fe00: 00000000 00000000 00000000 00000000 ................
0x00b9fe10: 00000000 00000000 00000000 00000000 ................
0x00b9fe20: 00000000 00000000 00000000 00000000 ................
0x00b9fe30: 00000000 00000000 00000000 00000000 ................
0x00b9fe40: 00000000 00000000 00000000 00000000 ................
0x00b9fe50: 00000000 00000000 00000000 00000000 ................
0x00b9fe60: 00000000 00000000 00000000 00000000 ................
0x00b9fe70: 00000000 00000000 00000000 00000000 ................
0x00b9fe80: 00000000 00000000 00000000 00000000 ................
0x00b9fe90: 00000000 00000000 00000000 00000000 ................
0x00b9fea0: 00000000 00000000 00000000 00000000 ................
0x00b9feb0: 00000000 00000000 00000000 00000000 ................
0x00b9fec0: 00000000 00000000 00000000 00000000 ................
0x00b9fed0: 00000000 00000000 00000000 00000000 ................
0x00b9fee0: 00000000 00000000 00000000 00000000 ................
0x00b9fef0: 00000000 00000000 00000000 00000000 ................
0x00b9ff00: 00000000 00000000 00000000 00000000 ................
0x00b9ff10: 00000000 00000000 00000000 00000000 ................
0x00b9ff20: 00000000 00000000 00000000 00000000 ................
0x00b9ff30: 00000000 00000000 00000000 00000000 ................
0x00b9ff40: 00000000 00000000 00000000 00000000 ................
0x00b9ff50: 00000000 00000000 00000000 00000000 ................
0x00b9ff60: 00000000 00000000 00000000 00000000 ................
0x00b9ff70: 00000000 00000000 00000000 00000000 ................
0x00b9ff80: 00000000 00000000 00000000 00000000 ................
0x00b9ff90: 00000000 00000000 00000000 00000000 ................
0x00b9ffa0: 00000000 00000000 00000000 00000000 ................
0x00b9ffb0: 00000000 00000000 00000000 00000000 ................
0x00b9ffc0: 00000000 00000000 00000000 00000000 ................
0x00b9ffd0: 00000000 00000000 00000000 00000000 ................
0x00b9ffe0: 00000000 00000000 00000000 00000000 ................
0x00b9fff0: 00000000 00000000 00000000 00000000 ................

Module 1
D:\MyProjects\Speech-Recognition-Unity\SpeechRecognitionUnity\test.exe
Image Base: 0x01240000  Image Size: 0x01219000
File Size:  18136576    File Time:  2017-03-30_092054
Version:
   Company:    
   Product:    
   FileDesc:   
   FileVer:    5.6.0.31247
   ProdVer:    5.6.0.31247

Module 2
C:\Windows\System32\Speech_OneCore\Common\SpeechServiceWinRTApi.ProxyStub.dll
Image Base: 0x068b0000  Image Size: 0x0000f000
File Size:  46080       File Time:  2017-09-29_154212
Version:
   Company:    Microsoft Corporation
   Product:    Microsoft® Windows® Operating System
   FileDesc:   Speech Service Proxy/Stub System DLL
   FileVer:    10.0.16299.15
   ProdVer:    10.0.16299.15

Module 3
C:\WINDOWS\SYSTEM32\atidxx32.dll
Image Base: 0x0f290000  Image Size: 0x00a5c000
File Size:  11011528    File Time:  2016-04-23_025034
Version:
   Company:    Advanced Micro Devices, Inc. 
   Product:    Advanced Micro Devices, Inc. Radeon DirectX 11 Driver
   FileDesc:   atidxx32.dll
   FileVer:    8.17.10.644
   ProdVer:    8.17.10.644

Module 4
C:\WINDOWS\SYSTEM32\atiuxpag.dll
Image Base: 0x0fe20000  Image Size: 0x00023000
File Size:  143048      File Time:  2016-04-23_025034
Version:
   Company:    Advanced Micro Devices, Inc. 
   Product:    Advanced Micro Devices, Inc PowerXpress Vista DX10 User Mode Driver
   FileDesc:   atiuxpag.dll
   FileVer:    8.14.1.6489
   ProdVer:    8.14.1.6489

Module 5
D:\MyProjects\Speech-Recognition-Unity\SpeechRecognitionUnity\test_Data\Mono\mono.dll
Image Base: 0x10000000  Image Size: 0x00231000
File Size:  2115008     File Time:  2017-03-30_092856
Version:
   Company:    Unity Technologies
   Product:    libmono
   FileDesc:   Unity Technologies fork of mono runtime
   FileVer:    1.0.0.1
   ProdVer:    1.0.0.1

Module 6
C:\WINDOWS\SYSTEM32\AUDIOSES.DLL
Image Base: 0x11020000  Image Size: 0x000f4000
File Size:  982528      File Time:  2018-01-01_134258
Version:
   Company:    Microsoft Corporation
   Product:    Microsoft® Windows® Operating System
   FileDesc:   Audio Session
   FileVer:    10.0.16299.192
   ProdVer:    10.0.16299.192

Module 7
C:\WINDOWS\System32\Speech_OneCore\Engines\SR\spsrx_onecore.dll
Image Base: 0x12540000  Image Size: 0x00015000
File Size:  72704       File Time:  2017-09-29_154214
Version:
   Company:    Microsoft Corporation
   Product:    Microsoft® Speech Recognizer 11.1
   FileDesc:   Microsoft® Speech Recognition Engine Extensions
   FileVer:    11.1.16299.15
   ProdVer:    11.1.16299.15

Module 8
C:\Windows\System32\threadpoolwinrt.dll
Image Base: 0x12560000  Image Size: 0x00012000
File Size:  60416       File Time:  2017-09-29_154210
Version:
   Company:    Microsoft Corporation
   Product:    Microsoft® Windows® Operating System
   FileDesc:   Windows WinRT Threadpool
   FileVer:    10.0.16299.15
   ProdVer:    10.0.16299.15

Module 9
C:\Windows\System32\Windows.Media.Speech.dll
Image Base: 0x12920000  Image Size: 0x0013d000
File Size:  1280000     File Time:  2017-12-12_105806
Version:
   Company:    Microsoft Corporation
   Product:    Microsoft® Windows® Operating System
   FileDesc:   Windows Speech Runtime DLL
   FileVer:    10.0.16299.64
   ProdVer:    10.0.16299.64

Module 10
C:\Windows\System32\Windows.Media.Devices.dll
Image Base: 0x12ae0000  Image Size: 0x00031000
File Size:  181248      File Time:  2017-09-29_154210
Version:
   Company:    Microsoft Corporation
   Product:    Microsoft® Windows® Operating System
   FileDesc:   Windows Runtime media device server DLL
   FileVer:    10.0.16299.15
   ProdVer:    10.0.16299.15

Module 11
C:\WINDOWS\System32\Speech_OneCore\Common\sapi_onecore.dll
Image Base: 0x151f0000  Image Size: 0x00422000
File Size:  4296192     File Time:  2017-12-12_110036
Version:
   Company:    Microsoft Corporation
   Product:    Microsoft® Speech Recognizer 11.1
   FileDesc:   Speech API
   FileVer:    5.3.16299.98
   ProdVer:    5.3.16299.98

Module 12
C:\Windows\System32\Windows.Web.dll
Image Base: 0x15aa0000  Image Size: 0x00095000
File Size:  593408      File Time:  2017-09-29_154212
Version:
   Company:    Microsoft Corporation
   Product:    Microsoft® Windows® Operating System
   FileDesc:   Web Client DLL
   FileVer:    10.0.16299.15
   ProdVer:    10.0.16299.15

Module 13
C:\Windows\System32\Windows.Globalization.dll
Image Base: 0x15e20000  Image Size: 0x00134000
File Size:  1239552     File Time:  2017-09-29_154210
Version:
   Company:    Microsoft Corporation
   Product:    Microsoft® Windows® Operating System
   FileDesc:   Windows Globalization
   FileVer:    10.0.16299.15
   ProdVer:    10.0.16299.15

Module 14
C:\WINDOWS\SYSTEM32\ksuser.dll
Image Base: 0x50140000  Image Size: 0x00007000
File Size:  19840       File Time:  2017-09-29_154210
Version:
   Company:    Microsoft Corporation
   Product:    Microsoft® Windows® Operating System
   FileDesc:   User CSA Library
   FileVer:    10.0.16299.15
   ProdVer:    10.0.16299.15

Module 15
C:\WINDOWS\SYSTEM32\OPENGL32.dll
Image Base: 0x55f70000  Image Size: 0x000df000
File Size:  777216      File Time:  2017-09-29_154224
Version:
   Company:    Microsoft Corporation
   Product:    Microsoft® Windows® Operating System
   FileDesc:   OpenGL Client DLL
   FileVer:    10.0.16299.15
   ProdVer:    10.0.16299.15

Module 16
C:\WINDOWS\System32\MMDevApi.dll
Image Base: 0x5c0f0000  Image Size: 0x0005b000
File Size:  361632      File Time:  2017-09-29_154210
Version:
   Company:    Microsoft Corporation
   Product:    Microsoft® Windows® Operating System
   FileDesc:   MMDevice API
   FileVer:    10.0.16299.15
   ProdVer:    10.0.16299.15

Module 17
C:\WINDOWS\SYSTEM32\GLU32.dll
Image Base: 0x5c2a0000  Image Size: 0x00025000
File Size:  138752      File Time:  2017-09-29_154224
Version:
   Company:    Microsoft Corporation
   Product:    Microsoft® Windows® Operating System
   FileDesc:   OpenGL Utility Library DLL
   FileVer:    10.0.16299.15
   ProdVer:    10.0.16299.15

Module 18
C:\WINDOWS\SYSTEM32\dxgi.dll
Image Base: 0x600e0000  Image Size: 0x00093000
File Size:  590944      File Time:  2017-12-12_110036
Version:
   Company:    Microsoft Corporation
   Product:    Microsoft® Windows® Operating System
   FileDesc:   DirectX Graphics Infrastructure
   FileVer:    10.0.16299.98
   ProdVer:    10.0.16299.98

Module 19
C:\WINDOWS\SYSTEM32\d3d11.dll
Image Base: 0x60280000  Image Size: 0x0023e000
File Size:  2339296     File Time:  2017-12-12_110036
Version:
   Company:    Microsoft Corporation
   Product:    Microsoft® Windows® Operating System
   FileDesc:   Direct3D 11 Runtime
   FileVer:    10.0.16299.98
   ProdVer:    10.0.16299.98

Module 20
C:\WINDOWS\SYSTEM32\aticfx32.dll
Image Base: 0x61720000  Image Size: 0x0012f000
File Size:  1249632     File Time:  2016-04-23_025032
Version:
   Company:    Advanced Micro Devices, Inc. 
   Product:    AMD Inc. Radeon DirectX 11 Driver
   FileDesc:   aticfx32.dll
   FileVer:    8.17.10.1429
   ProdVer:    8.17.10.1429

Module 21
C:\Windows\System32\msvcp110_win.dll
Image Base: 0x61850000  Image Size: 0x00067000
File Size:  417360      File Time:  2017-09-29_154216
Version:
   Company:    Microsoft Corporation
   Product:    Microsoft® Windows® Operating System
   FileDesc:   Microsoft® STL110 C++ Runtime Library
   FileVer:    10.0.16299.15
   ProdVer:    10.0.16299.15

Module 22
C:\WINDOWS\SYSTEM32\AVRT.dll
Image Base: 0x62250000  Image Size: 0x00008000
File Size:  27416       File Time:  2017-09-29_154210
Version:
   Company:    Microsoft Corporation
   Product:    Microsoft® Windows® Operating System
   FileDesc:   Multimedia Realtime Runtime
   FileVer:    10.0.16299.15
   ProdVer:    10.0.16299.15

Module 23
C:\WINDOWS\SYSTEM32\MSACM32.dll
Image Base: 0x622f0000  Image Size: 0x00019000
File Size:  93568       File Time:  2017-09-29_154210
Version:
   Company:    Microsoft Corporation
   Product:    Microsoft® Windows® Operating System
   FileDesc:   Microsoft ACM Audio Filter
   FileVer:    10.0.16299.15
   ProdVer:    10.0.16299.15

Module 24
C:\WINDOWS\SYSTEM32\wdmaud.drv
Image Base: 0x64670000  Image Size: 0x0003a000
File Size:  212480      File Time:  2017-09-29_154210
Version:
   Company:    Microsoft Corporation
   Product:    Microsoft® Windows® Operating System
   FileDesc:   Winmm  audio system driver
   FileVer:    10.0.16299.15
   ProdVer:    10.0.16299.15

Module 25
C:\WINDOWS\System32\PROPSYS.dll
Image Base: 0x648c0000  Image Size: 0x0017a000
File Size:  1555232     File Time:  2017-09-29_154212
Version:
   Company:    Microsoft Corporation
   Product:    Windows® Search
   FileDesc:   Microsoft Property System
   FileVer:    7.0.16299.15
   ProdVer:    7.0.16299.15

Module 26
C:\WINDOWS\WinSxS\x86_microsoft.windows.common-controls_6595b64144ccf1df_6.0.16299.192_none_5d760485a7e0eb41\comctl32.dll
Image Base: 0x64ae0000  Image Size: 0x00211000
File Size:  2151320     File Time:  2018-01-01_134230
Version:
   Company:    Microsoft Corporation
   Product:    Microsoft® Windows® Operating System
   FileDesc:   User Experience Controls Library
   FileVer:    6.10.16299.192
   ProdVer:    10.0.16299.192

Module 27
C:\Windows\System32\Windows.ApplicationModel.dll
Image Base: 0x65e10000  Image Size: 0x00081000
File Size:  521384      File Time:  2017-09-29_154210
Version:
   Company:    Microsoft Corporation
   Product:    Microsoft® Windows® Operating System
   FileDesc:   Windows ApplicationModel API Server
   FileVer:    10.0.16299.15
   ProdVer:    10.0.16299.15

Module 28
C:\WINDOWS\SYSTEM32\WINMMBASE.dll
Image Base: 0x66150000  Image Size: 0x00023000
File Size:  129864      File Time:  2017-09-29_154210
Version:
   Company:    Microsoft Corporation
   Product:    Microsoft® Windows® Operating System
   FileDesc:   Base Multimedia Extension API DLL
   FileVer:    10.0.16299.15
   ProdVer:    10.0.16299.15

Module 29
C:\WINDOWS\system32\dwmapi.dll
Image Base: 0x66180000  Image Size: 0x00023000
File Size:  126872      File Time:  2017-09-29_154218
Version:
   Company:    Microsoft Corporation
   Product:    Microsoft® Windows® Operating System
   FileDesc:   Microsoft Desktop Window Manager API
   FileVer:    10.0.16299.15
   ProdVer:    10.0.16299.15

Module 30
C:\WINDOWS\SYSTEM32\WINMM.dll
Image Base: 0x661b0000  Image Size: 0x00024000
File Size:  135432      File Time:  2017-09-29_154210
Version:
   Company:    Microsoft Corporation
   Product:    Microsoft® Windows® Operating System
   FileDesc:   MCI API DLL
   FileVer:    10.0.16299.15
   ProdVer:    10.0.16299.15

Module 31
C:\Program Files\AVAST Software\Avast\aswhookx.dll
Image Base: 0x66f60000  Image Size: 0x0002f000
File Size:  199936      File Time:  2018-01-06_205614
Version:
   Company:    AVAST Software
   Product:    Avast
   FileDesc:   Hook Library
   FileVer:    17.9.3.19960
   ProdVer:    17.9.3.19960

Module 32
C:\WINDOWS\system32\uxtheme.dll
Image Base: 0x66f90000  Image Size: 0x00079000
File Size:  472576      File Time:  2017-09-29_154226
Version:
   Company:    Microsoft Corporation
   Product:    Microsoft® Windows® Operating System
   FileDesc:   Microsoft UxTheme Library
   FileVer:    10.0.16299.15
   ProdVer:    10.0.16299.15

Module 33
C:\Windows\System32\Bcp47Langs.dll
Image Base: 0x672d0000  Image Size: 0x00050000
File Size:  318776      File Time:  2017-09-29_154212
Version:
   Company:    Microsoft Corporation
   Product:    Microsoft® Windows® Operating System
   FileDesc:   BCP47 Language Classes
   FileVer:    10.0.16299.15
   ProdVer:    10.0.16299.15

Module 34
C:\WINDOWS\SYSTEM32\CoreUIComponents.dll
Image Base: 0x67460000  Image Size: 0x00234000
File Size:  2313472     File Time:  2017-09-29_154212
Version:
   Company:    Microsoft Corporation
   Product:    Microsoft® Windows® Operating System
   FileDesc:   Microsoft Core UI Components Dll
   FileVer:    10.0.16299.15
   ProdVer:    10.0.16299.15

Module 35
C:\WINDOWS\SYSTEM32\CoreMessaging.dll
Image Base: 0x676a0000  Image Size: 0x0008c000
File Size:  566664      File Time:  2018-01-01_140338
Version:
   Company:    Microsoft Corporation
   Product:    Microsoft® Windows® Operating System
   FileDesc:   Microsoft CoreMessaging Dll
   FileVer:    10.0.16299.192
   ProdVer:    10.0.16299.192

Module 36
C:\WINDOWS\SYSTEM32\TextInputFramework.dll
Image Base: 0x67730000  Image Size: 0x00077000
File Size:  480912      File Time:  2017-09-29_154212
Version:
   Company:    Microsoft Corporation
   Product:    Microsoft® Windows® Operating System
   FileDesc:   "TextInputFramework.DYNLINK"
   FileVer:    10.0.16299.15
   ProdVer:    10.0.16299.15

Module 37
C:\WINDOWS\SYSTEM32\twinapi.appcore.dll
Image Base: 0x68f80000  Image Size: 0x00134000
File Size:  1261864     File Time:  2017-12-12_105806
Version:
   Company:    Microsoft Corporation
   Product:    Microsoft® Windows® Operating System
   FileDesc:   twinapi.appcore
   FileVer:    10.0.16299.19
   ProdVer:    10.0.16299.19

Module 38
C:\WINDOWS\SYSTEM32\wintypes.dll
Image Base: 0x695a0000  Image Size: 0x000cb000
File Size:  832648      File Time:  2017-09-29_154216
Version:
   Company:    Microsoft Corporation
   Product:    Microsoft® Windows® Operating System
   FileDesc:   Windows Base Types DLL
   FileVer:    10.0.16299.15
   ProdVer:    10.0.16299.15

Module 39
C:\Windows\System32\RMCLIENT.dll
Image Base: 0x69670000  Image Size: 0x0001a000
File Size:  98344       File Time:  2017-09-29_154212
Version:
   Company:    Microsoft Corporation
   Product:    Microsoft® Windows® Operating System
   FileDesc:   Resource Manager Client
   FileVer:    10.0.16299.15
   ProdVer:    10.0.16299.15

Module 40
C:\WINDOWS\system32\wbem\fastprox.dll
Image Base: 0x696e0000  Image Size: 0x000c0000
File Size:  769536      File Time:  2017-09-29_154220
Version:
   Company:    Microsoft Corporation
   Product:    Microsoft® Windows® Operating System
   FileDesc:   WMI Custom Marshaller
   FileVer:    10.0.16299.15
   ProdVer:    10.0.16299.15

Module 41
C:\WINDOWS\system32\wbem\wbemsvc.dll
Image Base: 0x697a0000  Image Size: 0x00010000
File Size:  48640       File Time:  2017-09-29_154220
Version:
   Company:    Microsoft Corporation
   Product:    Microsoft® Windows® Operating System
   FileDesc:   WMI
   FileVer:    10.0.16299.15
   ProdVer:    10.0.16299.15

Module 42
C:\WINDOWS\SYSTEM32\wbemcomn.dll
Image Base: 0x697b0000  Image Size: 0x00068000
File Size:  397824      File Time:  2017-09-29_154220
Version:
   Company:    Microsoft Corporation
   Product:    Microsoft® Windows® Operating System
   FileDesc:   WMI
   FileVer:    10.0.16299.15
   ProdVer:    10.0.16299.15

Module 43
C:\WINDOWS\system32\wbem\wbemprox.dll
Image Base: 0x69820000  Image Size: 0x0000d000
File Size:  35840       File Time:  2017-09-29_154220
Version:
   Company:    Microsoft Corporation
   Product:    Microsoft® Windows® Operating System
   FileDesc:   WMI
   FileVer:    10.0.16299.15
   ProdVer:    10.0.16299.15

Module 44
C:\Windows\System32\urlmon.dll
Image Base: 0x6a420000  Image Size: 0x0018c000
File Size:  1559552     File Time:  2018-01-01_131348
Version:
   Company:    Microsoft Corporation
   Product:    Internet Explorer
   FileDesc:   OLE32 Extensions for Win32
   FileVer:    11.0.16299.192
   ProdVer:    11.0.16299.192

Module 45
C:\WINDOWS\System32\fwpuclnt.dll
Image Base: 0x6a5b0000  Image Size: 0x0004e000
File Size:  300544      File Time:  2017-09-29_154212
Version:
   Company:    Microsoft Corporation
   Product:    Microsoft® Windows® Operating System
   FileDesc:   FWP/IPsec User-Mode API
   FileVer:    10.0.16299.15
   ProdVer:    10.0.16299.15

Module 46
C:\Windows\System32\rasadhlp.dll
Image Base: 0x6ace0000  Image Size: 0x00008000
File Size:  12800       File Time:  2017-09-29_154224
Version:
   Company:    Microsoft Corporation
   Product:    Microsoft® Windows® Operating System
   FileDesc:   Remote Access AutoDial Helper
   FileVer:    10.0.16299.15
   ProdVer:    10.0.16299.15

Module 47
C:\WINDOWS\SYSTEM32\midimap.dll
Image Base: 0x6ae70000  Image Size: 0x00008000
File Size:  18944       File Time:  2017-09-29_154210
Version:
   Company:    Microsoft Corporation
   Product:    Microsoft® Windows® Operating System
   FileDesc:   Microsoft MIDI Mapper
   FileVer:    10.0.16299.15
   ProdVer:    10.0.16299.15

Module 48
C:\WINDOWS\SYSTEM32\MSWSOCK.dll
Image Base: 0x6f5d0000  Image Size: 0x00055000
File Size:  334744      File Time:  2017-09-29_154216
Version:
   Company:    Microsoft Corporation
   Product:    Microsoft® Windows® Operating System
   FileDesc:   Microsoft Windows Sockets 2.0 Service Provider
   FileVer:    10.0.16299.15
   ProdVer:    10.0.16299.15

Module 49
C:\WINDOWS\SYSTEM32\dhcpcsvc.DLL
Image Base: 0x6f6b0000  Image Size: 0x00014000
File Size:  62976       File Time:  2017-09-29_154218
Version:
   Company:    Microsoft Corporation
   Product:    Microsoft® Windows® Operating System
   FileDesc:   DHCP Client Service
   FileVer:    10.0.16299.15
   ProdVer:    10.0.16299.15

Module 50
C:\WINDOWS\SYSTEM32\dhcpcsvc6.DLL
Image Base: 0x6f760000  Image Size: 0x00013000
File Size:  57856       File Time:  2017-09-29_154218
Version:
   Company:    Microsoft Corporation
   Product:    Microsoft® Windows® Operating System
   FileDesc:   DHCPv6 Client
   FileVer:    10.0.16299.15
   ProdVer:    10.0.16299.15

Module 51
C:\WINDOWS\System32\DEVOBJ.dll
Image Base: 0x6fa30000  Image Size: 0x00022000
File Size:  132288      File Time:  2017-09-29_154218
Version:
   Company:    Microsoft Corporation
   Product:    Microsoft® Windows® Operating System
   FileDesc:   Device Information Set DLL
   FileVer:    10.0.16299.15
   ProdVer:    10.0.16299.15

Module 52
C:\Windows\System32\iertutil.dll
Image Base: 0x6fa60000  Image Size: 0x00219000
File Size:  2192624     File Time:  2018-01-01_134524
Version:
   Company:    Microsoft Corporation
   Product:    Internet Explorer
   FileDesc:   Run time utility for Internet Explorer
   FileVer:    11.0.16299.192
   ProdVer:    11.0.16299.192

Module 53
C:\WINDOWS\SYSTEM32\ntmarta.dll
Image Base: 0x712c0000  Image Size: 0x00028000
File Size:  152440      File Time:  2017-09-29_154216
Version:
   Company:    Microsoft Corporation
   Product:    Microsoft® Windows® Operating System
   FileDesc:   Windows NT MARTA provider
   FileVer:    10.0.16299.15
   ProdVer:    10.0.16299.15

Module 54
C:\WINDOWS\SYSTEM32\HID.DLL
Image Base: 0x712f0000  Image Size: 0x0000a000
File Size:  25600       File Time:  2017-09-29_154218
Version:
   Company:    Microsoft Corporation
   Product:    Microsoft® Windows® Operating System
   FileDesc:   Hid User Library
   FileVer:    10.0.16299.15
   ProdVer:    10.0.16299.15

Module 55
C:\WINDOWS\SYSTEM32\USERENV.dll
Image Base: 0x72730000  Image Size: 0x00022000
File Size:  133312      File Time:  2017-09-29_154218
Version:
   Company:    Microsoft Corporation
   Product:    Microsoft® Windows® Operating System
   FileDesc:   Userenv
   FileVer:    10.0.16299.15
   ProdVer:    10.0.16299.15

Module 56
C:\WINDOWS\SYSTEM32\bcrypt.dll
Image Base: 0x73340000  Image Size: 0x00019000
File Size:  97144       File Time:  2017-12-08_005546
Version:
   Company:    Microsoft Corporation
   Product:    Microsoft® Windows® Operating System
   FileDesc:   Windows Cryptographic Primitives Library
   FileVer:    10.0.16299.125
   ProdVer:    10.0.16299.125

Module 57
C:\WINDOWS\system32\rsaenh.dll
Image Base: 0x73360000  Image Size: 0x0002f000
File Size:  184984      File Time:  2017-09-29_154216
Version:
   Company:    Microsoft Corporation
   Product:    Microsoft® Windows® Operating System
   FileDesc:   Microsoft Enhanced Cryptographic Provider
   FileVer:    10.0.16299.15
   ProdVer:    10.0.16299.15

Module 58
C:\WINDOWS\SYSTEM32\CRYPTSP.dll
Image Base: 0x73390000  Image Size: 0x00013000
File Size:  68264       File Time:  2017-09-29_154216
Version:
   Company:    Microsoft Corporation
   Product:    Microsoft® Windows® Operating System
   FileDesc:   Cryptographic Service Provider API
   FileVer:    10.0.16299.15
   ProdVer:    10.0.16299.15

Module 59
C:\WINDOWS\SYSTEM32\dbghelp.dll
Image Base: 0x734a0000  Image Size: 0x00181000
File Size:  1435136     File Time:  2017-09-29_154218
Version:
   Company:    Microsoft Corporation
   Product:    Microsoft® Windows® Operating System
   FileDesc:   Windows Image Helper
   FileVer:    10.0.16299.15
   ProdVer:    10.0.16299.15

Module 60
C:\WINDOWS\SYSTEM32\IPHLPAPI.DLL
Image Base: 0x73670000  Image Size: 0x00030000
File Size:  189112      File Time:  2017-09-29_154216
Version:
   Company:    Microsoft Corporation
   Product:    Microsoft® Windows® Operating System
   FileDesc:   IP Helper API
   FileVer:    10.0.16299.15
   ProdVer:    10.0.16299.15

Module 61
C:\WINDOWS\SYSTEM32\DNSAPI.dll
Image Base: 0x736a0000  Image Size: 0x00094000
File Size:  597160      File Time:  2017-12-12_105806
Version:
   Company:    Microsoft Corporation
   Product:    Microsoft® Windows® Operating System
   FileDesc:   DNS Client API DLL
   FileVer:    10.0.16299.19
   ProdVer:    10.0.16299.19

Module 62
C:\WINDOWS\SYSTEM32\VERSION.dll
Image Base: 0x73750000  Image Size: 0x00008000
File Size:  27416       File Time:  2017-09-29_154226
Version:
   Company:    Microsoft Corporation
   Product:    Microsoft® Windows® Operating System
   FileDesc:   Version Checking and File Installation Libraries
   FileVer:    10.0.16299.15
   ProdVer:    10.0.16299.15

Module 63
C:\WINDOWS\SYSTEM32\WINHTTP.dll
Image Base: 0x73a30000  Image Size: 0x000ad000
File Size:  703568      File Time:  2018-01-01_133450
Version:
   Company:    Microsoft Corporation
   Product:    Microsoft® Windows® Operating System
   FileDesc:   Windows HTTP Services
   FileVer:    10.0.16299.192
   ProdVer:    10.0.16299.192

Module 64
C:\WINDOWS\System32\CRYPTBASE.dll
Image Base: 0x741c0000  Image Size: 0x0000a000
File Size:  31584       File Time:  2017-09-29_154228
Version:
   Company:    Microsoft Corporation
   Product:    Microsoft® Windows® Operating System
   FileDesc:   Base cryptographic API DLL
   FileVer:    10.0.16299.15
   ProdVer:    10.0.16299.15

Module 65
C:\WINDOWS\System32\SspiCli.dll
Image Base: 0x741d0000  Image Size: 0x00020000
File Size:  123512      File Time:  2018-01-01_140304
Version:
   Company:    Microsoft Corporation
   Product:    Microsoft® Windows® Operating System
   FileDesc:   Security Support Provider Interface
   FileVer:    10.0.16299.192
   ProdVer:    10.0.16299.192

Module 66
C:\WINDOWS\System32\sechost.dll
Image Base: 0x74250000  Image Size: 0x00043000
File Size:  267112      File Time:  2017-09-29_154228
Version:
   Company:    Microsoft Corporation
   Product:    Microsoft® Windows® Operating System
   FileDesc:   Host for SCM/SDDL/LSA Lookup APIs
   FileVer:    10.0.16299.15
   ProdVer:    10.0.16299.15

Module 67
C:\WINDOWS\System32\clbcatq.dll
Image Base: 0x742a0000  Image Size: 0x00082000
File Size:  519640      File Time:  2017-09-29_154216
Version:
   Company:    Microsoft Corporation
   Product:    Microsoft® Windows® Operating System
   FileDesc:   COM+ Configuration Catalog
   FileVer:    2001.12.10941.16384
   ProdVer:    10.0.16299.15

Module 68
C:\WINDOWS\System32\kernel.appcore.dll
Image Base: 0x74330000  Image Size: 0x0000e000
File Size:  47600       File Time:  2017-09-29_154212
Version:
   Company:    Microsoft Corporation
   Product:    Microsoft® Windows® Operating System
   FileDesc:   AppModel API Host
   FileVer:    10.0.16299.15
   ProdVer:    10.0.16299.15

Module 69
C:\WINDOWS\System32\MSCTF.dll
Image Base: 0x74340000  Image Size: 0x00144000
File Size:  1323840     File Time:  2017-12-12_105806
Version:
   Company:    Microsoft Corporation
   Product:    Microsoft® Windows® Operating System
   FileDesc:   MSCTF Server DLL
   FileVer:    10.0.16299.19
   ProdVer:    10.0.16299.19

Module 70
C:\WINDOWS\System32\ucrtbase.dll
Image Base: 0x74490000  Image Size: 0x00117000
File Size:  1145104     File Time:  2017-12-08_003728
Version:
   Company:    Microsoft Corporation
   Product:    Microsoft® Windows® Operating System
   FileDesc:   Microsoft® C Runtime Library
   FileVer:    10.0.16299.125
   ProdVer:    10.0.16299.125

Module 71
C:\WINDOWS\System32\windows.storage.dll
Image Base: 0x745b0000  Image Size: 0x005c6000
File Size:  6092152     File Time:  2018-01-01_134536
Version:
   Company:    Microsoft Corporation
   Product:    Microsoft® Windows® Operating System
   FileDesc:   Microsoft WinRT Storage API
   FileVer:    10.0.16299.192
   ProdVer:    10.0.16299.192

Module 72
C:\WINDOWS\System32\msvcp_win.dll
Image Base: 0x74b80000  Image Size: 0x0007c000
File Size:  504272      File Time:  2017-09-29_154216
Version:
   Company:    Microsoft Corporation
   Product:    Microsoft® Windows® Operating System
   FileDesc:   Microsoft® C Runtime Library
   FileVer:    10.0.16299.15
   ProdVer:    10.0.16299.15

Module 73
C:\WINDOWS\System32\RPCRT4.dll
Image Base: 0x74dd0000  Image Size: 0x000be000
File Size:  777904      File Time:  2018-01-01_140340
Version:
   Company:    Microsoft Corporation
   Product:    Microsoft® Windows® Operating System
   FileDesc:   Remote Procedure Call Runtime
   FileVer:    10.0.16299.192
   ProdVer:    10.0.16299.192

Module 74
C:\WINDOWS\System32\win32u.dll
Image Base: 0x74e90000  Image Size: 0x00016000
File Size:  83728       File Time:  2017-09-29_154210
Version:
   Company:    Microsoft Corporation
   Product:    Microsoft® Windows® Operating System
   FileDesc:   Win32u
   FileVer:    10.0.16299.15
   ProdVer:    10.0.16299.15

Module 75
C:\WINDOWS\System32\powrprof.dll
Image Base: 0x74eb0000  Image Size: 0x00045000
File Size:  273840      File Time:  2017-09-29_154216
Version:
   Company:    Microsoft Corporation
   Product:    Microsoft® Windows® Operating System
   FileDesc:   Power Profile Helper DLL
   FileVer:    10.0.16299.15
   ProdVer:    10.0.16299.15

Module 76
C:\WINDOWS\System32\WS2_32.dll
Image Base: 0x74f00000  Image Size: 0x00066000
File Size:  409168      File Time:  2017-09-29_154228
Version:
   Company:    Microsoft Corporation
   Product:    Microsoft® Windows® Operating System
   FileDesc:   Windows Socket 2.0 32-Bit DLL
   FileVer:    10.0.16299.15
   ProdVer:    10.0.16299.15

Module 77
C:\WINDOWS\System32\imagehlp.dll
Image Base: 0x74f70000  Image Size: 0x00019000
File Size:  95576       File Time:  2017-09-29_154146
Version:
   Company:    Microsoft Corporation
   Product:    Microsoft® Windows® Operating System
   FileDesc:   Windows NT Image Helper
   FileVer:    10.0.16299.15
   ProdVer:    10.0.16299.15

Module 78
C:\WINDOWS\System32\cfgmgr32.dll
Image Base: 0x75030000  Image Size: 0x00038000
File Size:  224216      File Time:  2017-09-29_154218
Version:
   Company:    Microsoft Corporation
   Product:    Microsoft® Windows® Operating System
   FileDesc:   Configuration Manager DLL
   FileVer:    10.0.16299.15
   ProdVer:    10.0.16299.15

Module 79
C:\WINDOWS\System32\bcryptPrimitives.dll
Image Base: 0x75070000  Image Size: 0x00057000
File Size:  353848      File Time:  2017-12-12_110030
Version:
   Company:    Microsoft Corporation
   Product:    Microsoft® Windows® Operating System
   FileDesc:   Windows Cryptographic Primitives Library
   FileVer:    10.0.16299.98
   ProdVer:    10.0.16299.98

Module 80
C:\WINDOWS\System32\KERNEL32.DLL
Image Base: 0x750d0000  Image Size: 0x000d0000
File Size:  594552      File Time:  2017-09-29_154228
Version:
   Company:    Microsoft Corporation
   Product:    Microsoft® Windows® Operating System
   FileDesc:   Windows NT BASE API Client DLL
   FileVer:    10.0.16299.15
   ProdVer:    10.0.16299.15

Module 81
C:\WINDOWS\System32\combase.dll
Image Base: 0x751a0000  Image Size: 0x00246000
File Size:  2386312     File Time:  2017-09-29_154216
Version:
   Company:    Microsoft Corporation
   Product:    Microsoft® Windows® Operating System
   FileDesc:   Microsoft COM for Windows
   FileVer:    10.0.16299.15
   ProdVer:    10.0.16299.15

Module 82
C:\WINDOWS\System32\shcore.dll
Image Base: 0x753f0000  Image Size: 0x00088000
File Size:  550168      File Time:  2017-09-29_154214
Version:
   Company:    Microsoft Corporation
   Product:    Microsoft® Windows® Operating System
   FileDesc:   SHCORE
   FileVer:    10.0.16299.15
   ProdVer:    10.0.16299.15

Module 83
C:\WINDOWS\System32\profapi.dll
Image Base: 0x75480000  Image Size: 0x00014000
File Size:  73416       File Time:  2017-09-29_154228
Version:
   Company:    Microsoft Corporation
   Product:    Microsoft® Windows® Operating System
   FileDesc:   User Profile Basic API
   FileVer:    10.0.16299.15
   ProdVer:    10.0.16299.15

Module 84
C:\WINDOWS\System32\PSAPI.DLL
Image Base: 0x754a0000  Image Size: 0x00006000
File Size:  17104       File Time:  2017-09-29_154214
Version:
   Company:    Microsoft Corporation
   Product:    Microsoft® Windows® Operating System
   FileDesc:   Process Status Helper
   FileVer:    10.0.16299.15
   ProdVer:    10.0.16299.15

Module 85
C:\WINDOWS\System32\GDI32.dll
Image Base: 0x754b0000  Image Size: 0x00022000
File Size:  133824      File Time:  2017-09-29_154212
Version:
   Company:    Microsoft Corporation
   Product:    Microsoft® Windows® Operating System
   FileDesc:   GDI Client DLL
   FileVer:    10.0.16299.15
   ProdVer:    10.0.16299.15

Module 86
C:\WINDOWS\System32\SHLWAPI.dll
Image Base: 0x754e0000  Image Size: 0x00045000
File Size:  279472      File Time:  2017-09-29_154226
Version:
   Company:    Microsoft Corporation
   Product:    Microsoft® Windows® Operating System
   FileDesc:   Shell Light-weight Utility Library
   FileVer:    10.0.16299.15
   ProdVer:    10.0.16299.15

Module 87
C:\WINDOWS\System32\ADVAPI32.dll
Image Base: 0x75bd0000  Image Size: 0x00078000
File Size:  481464      File Time:  2018-01-01_134912
Version:
   Company:    Microsoft Corporation
   Product:    Microsoft® Windows® Operating System
   FileDesc:   Advanced Windows 32 Base API
   FileVer:    10.0.16299.192
   ProdVer:    10.0.16299.192

Module 88
C:\WINDOWS\System32\USER32.dll
Image Base: 0x75c60000  Image Size: 0x00175000
File Size:  1528904     File Time:  2017-12-08_005618
Version:
   Company:    Microsoft Corporation
   Product:    Microsoft® Windows® Operating System
   FileDesc:   Multi-User Windows USER API Client DLL
   FileVer:    10.0.16299.125
   ProdVer:    10.0.16299.125

Module 89
C:\WINDOWS\System32\gdi32full.dll
Image Base: 0x75de0000  Image Size: 0x0015e000
File Size:  1432816     File Time:  2017-12-12_110036
Version:
   Company:    Microsoft Corporation
   Product:    Microsoft® Windows® Operating System
   FileDesc:   GDI Client DLL
   FileVer:    10.0.16299.98
   ProdVer:    10.0.16299.98

Module 90
C:\WINDOWS\System32\NSI.dll
Image Base: 0x75f40000  Image Size: 0x00007000
File Size:  20216       File Time:  2017-09-29_154144
Version:
   Company:    Microsoft Corporation
   Product:    Microsoft® Windows® Operating System
   FileDesc:   NSI User-mode interface DLL
   FileVer:    10.0.16299.15
   ProdVer:    10.0.16299.15

Module 91
C:\WINDOWS\System32\msvcrt.dll
Image Base: 0x75f50000  Image Size: 0x000bd000
File Size:  769096      File Time:  2017-12-08_003648
Version:
   Company:    Microsoft Corporation
   Product:    Microsoft® Windows® Operating System
   FileDesc:   Windows NT CRT DLL
   FileVer:    7.0.16299.125
   ProdVer:    10.0.16299.125

Module 92
C:\WINDOWS\System32\KERNELBASE.dll
Image Base: 0x76010000  Image Size: 0x001d7000
File Size:  1930224     File Time:  2017-09-29_154144
Version:
   Company:    Microsoft Corporation
   Product:    Microsoft® Windows® Operating System
   FileDesc:   Windows NT BASE API Client DLL
   FileVer:    10.0.16299.15
   ProdVer:    10.0.16299.15

Module 93
C:\WINDOWS\System32\SHELL32.dll
Image Base: 0x76240000  Image Size: 0x01333000
File Size:  20286120    File Time:  2018-01-01_134306
Version:
   Company:    Microsoft Corporation
   Product:    Microsoft® Windows® Operating System
   FileDesc:   Windows Shell Common Dll
   FileVer:    10.0.16299.192
   ProdVer:    10.0.16299.192

Module 94
C:\WINDOWS\System32\ole32.dll
Image Base: 0x77580000  Image Size: 0x000f7000
File Size:  1003152     File Time:  2018-01-01_134234
Version:
   Company:    Microsoft Corporation
   Product:    Microsoft® Windows® Operating System
   FileDesc:   Microsoft OLE for Windows
   FileVer:    10.0.16299.192
   ProdVer:    10.0.16299.192

Module 95
C:\WINDOWS\System32\IMM32.dll
Image Base: 0x77680000  Image Size: 0x00025000
File Size:  143152      File Time:  2017-09-29_154216
Version:
   Company:    Microsoft Corporation
   Product:    Microsoft® Windows® Operating System
   FileDesc:   Multi-User Windows IMM32 API Client DLL
   FileVer:    10.0.16299.15
   ProdVer:    10.0.16299.15

Module 96
C:\WINDOWS\System32\OLEAUT32.dll
Image Base: 0x77710000  Image Size: 0x00093000
File Size:  593536      File Time:  2017-09-29_154216
Version:
   Company:    Microsoft Corporation
   Product:    Microsoft® Windows® Operating System
   FileDesc:   OLEAUT32.DLL
   FileVer:    10.0.16299.15
   ProdVer:    10.0.16299.15

Module 97
C:\WINDOWS\SYSTEM32\ntdll.dll
Image Base: 0x777b0000  Image Size: 0x0018d000
File Size:  1615712     File Time:  2018-01-01_135344
Version:
   Company:    Microsoft Corporation
   Product:    Microsoft® Windows® Operating System
   FileDesc:   NT Layer DLL
   FileVer:    10.0.16299.192
   ProdVer:    10.0.16299.192

Module 98
C:\WINDOWS\SYSTEM32\msacm32.drv
Image Base: 0x77940000  Image Size: 0x0000a000
File Size:  24576       File Time:  2017-09-29_154210
Version:
   Company:    Microsoft Corporation
   Product:    Microsoft® Windows® Operating System
   FileDesc:   Microsoft Sound Mapper
   FileVer:    10.0.16299.15
   ProdVer:    10.0.16299.15


== [end of error.log] ==
