Unity Player [version: Unity 5.6.0f3_497a0f351392]

mono.dll caused an Access Violation (0xc0000005)
  in module mono.dll at 0023:100f15ea.

Error occurred at 2018-01-11_003344.
D:\MyProjects\Speech-Recognition-Unity\SpeechRecognitionUnity\test.exe, run by drsor.
62% memory in use.
0 MB physical memory [3812 MB free].
0 MB paging file [4005 MB free].
0 MB user address space [3679 MB free].
Read from location 10d11120 caused an access violation.

Context:
EDI:    0x10d11120  ESI: 0x00010000  EAX:   0x00000000
EBX:    0x00000000  ECX: 0x0030e000  EDX:   0x10d10000
EIP:    0x100f15ea  EBP: 0x004ff058  SegCs: 0x00000023
EFlags: 0x00210246  ESP: 0x004ff048  SegSs: 0x0000002b

Bytes at CS:EIP:
f6 07 10 75 1e f6 47 14 fc 75 18 68 2c a9 1b 10 

Stack:
0x004ff048: 10d11120 00000020 00000000 103529e0  ... ........)5.
0x004ff058: 004ff07c 1005d865 10d11120 00000000 |.O.e... .......
0x004ff068: 004ff140 004ff1dc 10d11120 00000000 @.O...O. .......
0x004ff078: 00000000 004ff09c 00f120e0 10d11120 ......O.. .. ...
0x004ff088: 00000000 004ff140 004ff1dc 004ff1dc ....@.O...O...O.
0x004ff098: 004ff0e0 004ff0c8 00f0ec42 004ff0d4 ..O...O.B.....O.
0x004ff0a8: 10d11120 10d10000 00000000 004ff0e0  .............O.
0x004ff0b8: 004ff1dc 00000000 05b2af80 00000001 ..O.............
0x004ff0c8: 004ff1d4 011befb5 004ff1d0 004ff1dc ..O.......O...O.
0x004ff0d8: 00000000 05b2af30 00000001 77707250 ....0.......Prpw
0x004ff0e8: 03d80000 00000000 00000004 10352d50 ............P-5.
0x004ff0f8: 00000004 10352b4c 004ff10c 120b6614 ....L+5...O..f..
0x004ff108: 00000004 004ff13c 120b7065 120b707a ....<.O.ep..zp..
0x004ff118: c096ef2e 10352d50 103a6390 103a6398 ....P-5..c:..c:.
0x004ff128: d2d5ef22 004ff118 11fe8faa c096ef2a ".....O.....*...
0x004ff138: 00000000 11fed59e 004ff0e0 00000000 ..........O.....
0x004ff148: 00000000 00000000 00000000 00000000 ................
0x004ff158: 00000000 00000000 00000000 00000000 ................
0x004ff168: 00000000 00000000 00000001 05fcdcf8 ................
0x004ff178: 0559bdf0 004ff1a8 00c0b250 004ff1b0 ..Y...O.P.....O.
0x004ff188: 055e3790 05b2afac 05fcdcf8 05fcbcc0 .7^.............
0x004ff198: 0c084af5 0a6eb180 00000001 aea4dc84 .J....n.........
0x004ff1a8: 10d11120 10d10000 00000000 00000000  ...............
0x004ff1b8: 00000000 00000000 00000000 00000000 ................
0x004ff1c8: 7b840101 aea4dc84 05fcbcc0 004ff344 ...{........D.O.
0x004ff1d8: 011c13e0 00000000 00000001 019f5efc .............^..
0x004ff1e8: 019f5ef0 00000001 00000000 00000000 .^..............
0x004ff1f8: 0000029e 00000000 001b0818 00000086 ................
0x004ff208: 74d68d6a 00000001 00330c28 74d840a9 j..t....(.3..@.t
0x004ff218: 00000000 00000000 00000001 04059d50 ............P...
0x004ff228: 004ff254 74d840a9 04059d50 00000000 T.O..@.tP.......
0x004ff238: 0621d6d0 00000000 004ff248 00fbcc04 ..!.....H.O.....
0x004ff248: 004ff264 00fbdccf 00000003 0621d520 d.O......... .!.
0x004ff258: 00fc0665 00000000 019f5bec 004ff280 e........[....O.
0x004ff268: 00fc090f 00000003 cc757765 4c757765 ........ewu.ewuL
0x004ff278: 0012ee23 00000000 004ff2b4 00fbd465 #.........O.e...
0x004ff288: 0621d520 00000003 cc757765 4c757765  .!.....ewu.ewuL
0x004ff298: 0012ee23 00000000 00000433 05593b90 #.......3....;Y.
0x004ff2a8: 00000000 019f5bec 00000001 004ff338 .....[......8.O.
0x004ff2b8: 00fbe9e8 00000003 cc757765 4c757765 ........ewu.ewuL
0x004ff2c8: 0012ee23 00000000 00000000 019f5ef0 #............^..
0x004ff2d8: 019f5ef0 00000001 00000000 00000004 .^..............
0x004ff2e8: 000004b0 74d9e120 00000000 00000000 .... ..t........
0x004ff2f8: 00000001 00000000 004ff314 74462d89 ..........O..-Ft
0x004ff308: 00000000 055b4d00 00000000 00000000 .....M[.........
0x004ff318: 05b0fc70 00000000 004ff324 00000011 p.......$.O.....
0x004ff328: 00000030 ab56d2e3 77926de8 018cc468 0.....V..m.wh...
0x004ff338: 004ff344 103ae458 103ae460 004ff360 D.O.X.:.`.:.`.O.
0x004ff348: 00e01d61 05b2af30 00000000 00000000 a...0...........
0x004ff358: 00000000 00000000 004ff380 010ac047 ..........O.G...
0x004ff368: 00000000 05ab2040 00000006 fffffffe ....@ ..........
0x004ff378: 004ff3c8 00a345f4 004ff3c8 00a3437c ..O..E....O.|C..
0x004ff388: 00000000 00000001 00a34010 00330c28 .........@..(.3.
0x004ff398: 00000000 002225e6 003225d0 b9b3488f .....%"..%2..H..
0x004ff3a8: 004ff3c8 74d9ac4c 00000000 00330c28 ..O.L..t....(.3.
0x004ff3b8: 7784cb1c 00000001 00003158 004ff464 ...w....X1..d.O.
0x004ff3c8: 004ff3f4 74d5e0bb 00330c28 00000006 ..O....t(.3.....
0x004ff3d8: 00000001 00000000 00330c28 dcbaabcd ........(.3.....
0x004ff3e8: 00000000 00a34010 00330c28 004ff418 .....@..(.3...O.
0x004ff3f8: 74d68849 00a34010 00330c28 00000006 I..t.@..(.3.....
0x004ff408: 00000001 00000000 00000000 00330c28 ............(.3.
0x004ff418: 004ff4e8 74d6b145 00000006 00000001 ..O.E..t........
0x004ff428: 00000000 b9b34ffb 00000000 00330c28 .....O......(.3.
0x004ff438: 00000006 ffffffff 00000024 00000001 ........$.......
0x004ff448: 00000000 00000000 00000030 ffffffff ........0.......
0x004ff458: ffffffff 74d6b025 00000000 0f9a0f55 ....%..t....U...
0x004ff468: 00330c28 dcbaabcd 00000000 00a34010 (.3..........@..
0x004ff478: 00330c28 004ff4a0 74d68849 80006011 (.3...O.I..t.`..
0x004ff488: 00a34010 00000000 00000000 00000000 .@..............
0x004ff498: 00000000 80006011 00a34010 00000000 .....`...@......
0x004ff4a8: 00000000 00000000 00000000 00000000 ................
0x004ff4b8: 00000000 00000000 00000000 00330c28 ............(.3.
0x004ff4c8: 00000001 b9b34ffb 004ff42c 004fea78 .....O..,.O.x.O.
0x004ff4d8: 004ff540 74d5fcf0 cd271bab 00000000 @.O....t..'.....
0x004ff4e8: 004ff550 74d58503 00a34010 00000000 P.O....t.@......
0x004ff4f8: 00000006 00000001 00000000 0030c000 ..............0.
0x004ff508: 00000001 b9b34e43 004ff61c 77899420 ....CN....O. ..w
0x004ff518: 00000004 00000000 004ff4f4 00000388 ..........O.....
0x004ff528: 00000000 00000000 00330c28 00000000 ........(.3.....
0x004ff538: 004ff50c 004fea78 004ff5a8 74d5fcf0 ..O.x.O...O....t
0x004ff548: cd2726a3 fffffffe 004ff598 74d58aa0 .&'.......O....t
0x004ff558: 04059d50 00000000 00000006 00000001 P...............
0x004ff568: 00000000 00a34010 0030c000 00000000 .....@....0.....
0x004ff578: 00000001 00000000 00000000 77880bad ...............w
0x004ff588: 00000000 00000000 004ff828 b9b34e67 ........(.O.gN..
0x004ff598: 004ff5fc 77880bad 004ff5b4 00000020 ..O....w..O. ...
0x004ff5a8: 004ff828 77880ae0 004ff5d8 04059d50 (.O....w..O.P...
0x004ff5b8: 00000000 00000006 00000001 00000000 ................
0x004ff5c8: 00a34010 77899420 00000000 75742a3c .@.. ..w....<*tu
0x004ff5d8: 74d4fd51 004ff61c 00000000 00000000 Q..t..O.........
0x004ff5e8: 00000000 74d4fc60 00000004 74d49500 ....`..t.......t
0x004ff5f8: b9b34ecf 004ff63c 00a28cc1 004ff61c .N..<.O.......O.
0x004ff608: 00000000 00000000 00000000 00000000 ................
0x004ff618: 00000001 00330c28 000000ff 00000001 ....(.3.........
0x004ff628: 0f9a0f55 013e0218 000003fa 00000472 U.....>.....r...
0x004ff638: 0000081c 004ff790 00a3759b 01241b27 ......O..u..'.$.
0x004ff648: 00000000 0030b000 055abbb0 00000050 ......0...Z.P...
0x004ff658: 0000000d 00000001 00000000 00000050 ............P...
0x004ff668: 00000042 00000000 00000400 05570fd0 B.............W.
0x004ff678: 00000000 00000001 0000001a 05571ef8 ..............W.
0x004ff688: 055abdf0 00000056 000206a7 012618bd ..Z.V.........&.
0x004ff698: 05571ef8 00000056 00000042 1c004121 ..W.V...B...!A..
0x004ff6a8: 01c0003f 0000003f 00000000 1c004122 ?...?......."A..
0x004ff6b8: 01c0003f 0000003f 05597c60 00000047 ?...?...`|Y.G...
0x004ff6c8: 01c0003f 000001ff 00000000 00000047 ?...........G...
0x004ff6d8: 00000042 055abb50 00000055 05571680 B...P.Z.U.....W.
0x004ff6e8: 055705a8 004ff700 00000055 00000042 ..W...O.U...B...
0x004ff6f8: 05597bc0 0000004c 0000000f 00000000 .{Y.L...........
0x004ff708: 05571950 0000004c 00000042 0085e2b0 P.W.L...B.......
0x004ff718: 00000000 00637465 00646567 012513d9 ....etc.ged...%.
0x004ff728: 05571ef8 00000003 00000042 05593a90 ..W.....B....:Y.
0x004ff738: 05593ac8 05593ac8 0030b000 00000000 .:Y..:Y...0.....
0x004ff748: 65646968 646e6957 0000776f 01248650 hideWindow..P.$.
0x004ff758: 0000000a 00000042 00000000 65726170 ....B.......pare
0x004ff768: 5748746e 0100444e 0075284f 0000000a ntHWND..O(u.....
0x004ff778: 00000042 0085e2b0 00000000 00000000 B...............
0x004ff788: 00000000 0030b001 004ff7a8 01203e58 ......0...O.X> .
0x004ff798: 009c0000 00000000 00752851 00000001 ........Q(u.....
0x004ff7a8: 004ff838 01241ad4 009c0000 00000000 8.O...$.........
0x004ff7b8: 00752851 00000001 7ca1fd23 01241b27 Q(u.....#..|'.$.
0x004ff7c8: 01241b27 0030b000 00000044 0075115c '.$...0.D...\.u.
0x004ff7d8: 0075113c 007510ae 00000000 00000000 <.u...u.........
0x004ff7e8: 00000000 00000000 00000000 00000000 ................
0x004ff7f8: 00000000 00000401 00000001 00000000 ................
0x004ff808: 00000000 00010001 00000000 004ff824 ............$.O.
0x004ff818: 01241b27 00000000 004ff7c0 b1c1e210 '.$.......O.....
0x004ff828: 004ff884 01243a30 7d746edb 00000000 ..O.0:$..nt}....
0x004ff838: 004ff84c 75388654 0030b000 75388630 L.O.T.8u..0.0.8u
0x004ff848: b82fc0f5 004ff894 77874a47 0030b000 ../...O.GJ.w..0.
0x004ff858: bafc4b18 00000000 00000000 0030b000 .K............0.
0x004ff868: 00000000 00000000 00000000 00000000 ................
0x004ff878: bafc4b18 004ff858 00000000 004ff89c .K..X.O.......O.
0x004ff888: 77886a20 cd23497c 00000000 004ff8a4  j.w|I#.......O.
0x004ff898: 77874a17 ffffffff 77899eb8 00000000 .J.w.......w....
0x004ff8a8: 00000000 01241b27 0030b000 00000000 ....'.$...0.....
0x004ff8b8: 00000000 00000000 00000000 00000000 ................
0x004ff8c8: 00000000 00000000 00000000 00000000 ................
0x004ff8d8: 00000000 00000000 00000000 00000000 ................
0x004ff8e8: 00000000 00000000 00000000 00000000 ................
0x004ff8f8: 00000000 00000000 00000000 00000000 ................
0x004ff908: 00000000 00000000 00000000 00000000 ................
0x004ff918: 00000000 00000000 00000000 00000000 ................
0x004ff928: 00000000 00000000 00000000 00000000 ................
0x004ff938: 00000000 00000000 00000000 00000000 ................
0x004ff948: 00000000 00000000 00000000 00000000 ................
0x004ff958: 00000000 00000000 00000000 00000000 ................
0x004ff968: 00000000 00000000 00000000 00000000 ................
0x004ff978: 00000000 00000000 00000000 00000000 ................
0x004ff988: 00000000 00000000 00000000 00000000 ................
0x004ff998: 00000000 00000000 00000000 00000000 ................
0x004ff9a8: 00000000 00000000 00000000 00000000 ................
0x004ff9b8: 00000000 00000000 00000000 00000000 ................
0x004ff9c8: 00000000 00000000 00000000 00000000 ................
0x004ff9d8: 00000000 00000000 00000000 00000000 ................
0x004ff9e8: 00000000 00000000 00000000 00000000 ................
0x004ff9f8: 00000000 00000000 00000000 00000000 ................
0x004ffa08: 00000000 00000000 00000000 00000000 ................
0x004ffa18: 00000000 00000000 00000000 00000000 ................
0x004ffa28: 00000000 00000000 00000000 00000000 ................
0x004ffa38: 00000000 00000000 00000000 00000000 ................
0x004ffa48: 00000000 00000000 00000000 00000000 ................
0x004ffa58: 00000000 00000000 00000000 00000000 ................
0x004ffa68: 00000000 00000000 00000000 00000000 ................
0x004ffa78: 00000000 00000000 00000000 00000000 ................
0x004ffa88: 00000000 00000000 00000000 00000000 ................
0x004ffa98: 00000000 00000000 00000000 00000000 ................
0x004ffaa8: 00000000 00000000 00000000 00000000 ................
0x004ffab8: 00000000 00000000 00000000 00000000 ................
0x004ffac8: 00000000 00000000 00000000 00000000 ................
0x004ffad8: 00000000 00000000 00000000 00000000 ................
0x004ffae8: 00000000 00000000 00000000 00000000 ................
0x004ffaf8: 00000000 00000000 00000000 00000000 ................
0x004ffb08: 00000000 00000000 00000000 00000000 ................
0x004ffb18: 00000000 00000000 00000000 00000000 ................
0x004ffb28: 00000000 00000000 00000000 00000000 ................
0x004ffb38: 00000000 00000000 00000000 00000000 ................
0x004ffb48: 00000000 00000000 00000000 00000000 ................
0x004ffb58: 00000000 00000000 00000000 00000000 ................
0x004ffb68: 00000000 00000000 00000000 00000000 ................
0x004ffb78: 00000000 00000000 00000000 00000000 ................
0x004ffb88: 00000000 00000000 00000000 00000000 ................
0x004ffb98: 00000000 00000000 00000000 00000000 ................
0x004ffba8: 00000000 00000000 00000000 00000000 ................
0x004ffbb8: 00000000 00000000 00000000 00000000 ................
0x004ffbc8: 00000000 00000000 00000000 00000000 ................
0x004ffbd8: 00000000 00000000 00000000 00000000 ................
0x004ffbe8: 00000000 00000000 00000000 00000000 ................
0x004ffbf8: 00000000 00000000 00000000 00000000 ................
0x004ffc08: 00000000 00000000 00000000 00000000 ................
0x004ffc18: 00000000 00000000 00000000 00000000 ................
0x004ffc28: 00000000 00000000 00000000 00000000 ................
0x004ffc38: 00000000 00000000 00000000 00000000 ................
0x004ffc48: 00000000 00000000 00000000 00000000 ................
0x004ffc58: 00000000 00000000 00000000 00000000 ................
0x004ffc68: 00000000 00000000 00000000 00000000 ................
0x004ffc78: 00000000 00000000 00000000 00000000 ................
0x004ffc88: 00000000 00000000 00000000 00000000 ................
0x004ffc98: 00000000 00000000 00000000 00000000 ................
0x004ffca8: 00000000 00000000 00000000 00000000 ................
0x004ffcb8: 00000000 00000000 00000000 00000000 ................
0x004ffcc8: 00000000 00000000 00000000 00000000 ................
0x004ffcd8: 00000000 00000000 00000000 00000000 ................
0x004ffce8: 00000000 00000000 00000000 00000000 ................
0x004ffcf8: 00000000 00000000 00000000 00000000 ................
0x004ffd08: 00000000 00000000 00000000 00000000 ................
0x004ffd18: 00000000 00000000 00000000 00000000 ................
0x004ffd28: 00000000 00000000 00000000 00000000 ................
0x004ffd38: 00000000 00000000 00000000 00000000 ................
0x004ffd48: 00000000 00000000 00000000 00000000 ................
0x004ffd58: 00000000 00000000 00000000 00000000 ................
0x004ffd68: 00000000 00000000 00000000 00000000 ................
0x004ffd78: 00000000 00000000 00000000 00000000 ................
0x004ffd88: 00000000 00000000 00000000 00000000 ................
0x004ffd98: 00000000 00000000 00000000 00000000 ................
0x004ffda8: 00000000 00000000 00000000 00000000 ................
0x004ffdb8: 00000000 00000000 00000000 00000000 ................
0x004ffdc8: 00000000 00000000 00000000 00000000 ................
0x004ffdd8: 00000000 00000000 00000000 00000000 ................
0x004ffde8: 00000000 00000000 00000000 00000000 ................
0x004ffdf8: 00000000 00000000 00000000 00000000 ................
0x004ffe08: 00000000 00000000 00000000 00000000 ................
0x004ffe18: 00000000 00000000 00000000 00000000 ................
0x004ffe28: 00000000 00000000 00000000 00000000 ................
0x004ffe38: 00000000 00000000 00000000 00000000 ................
0x004ffe48: 00000000 00000000 00000000 00000000 ................
0x004ffe58: 00000000 00000000 00000000 00000000 ................
0x004ffe68: 00000000 00000000 00000000 00000000 ................
0x004ffe78: 00000000 00000000 00000000 00000000 ................
0x004ffe88: 00000000 00000000 00000000 00000000 ................
0x004ffe98: 00000000 00000000 00000000 00000000 ................
0x004ffea8: 00000000 00000000 00000000 00000000 ................
0x004ffeb8: 00000000 00000000 00000000 00000000 ................
0x004ffec8: 00000000 00000000 00000000 00000000 ................
0x004ffed8: 00000000 00000000 00000000 00000000 ................
0x004ffee8: 00000000 00000000 00000000 00000000 ................
0x004ffef8: 00000000 00000000 00000000 00000000 ................
0x004fff08: 00000000 00000000 00000000 00000000 ................
0x004fff18: 00000000 00000000 00000000 00000000 ................
0x004fff28: 00000000 00000000 00000000 00000000 ................
0x004fff38: 00000000 00000000 00000000 00000000 ................
0x004fff48: 00000000 00000000 00000000 00000000 ................
0x004fff58: 00000000 00000000 00000000 00000000 ................
0x004fff68: 00000000 00000000 00000000 00000000 ................
0x004fff78: 00000000 00000000 00000000 00000000 ................
0x004fff88: 00000000 00000000 00000000 00000000 ................
0x004fff98: 00000000 00000000 00000000 00000000 ................
0x004fffa8: 00000000 00000000 00000000 00000000 ................
0x004fffb8: 00000000 00000000 00000000 00000000 ................
0x004fffc8: 00000000 00000000 00000000 00000000 ................
0x004fffd8: 00000000 00000000 00000000 00000000 ................
0x004fffe8: 00000000 00000000 00000000 00000000 ................
0x004ffff8: 00000000 00000000                   ........

Module 1
D:\MyProjects\Speech-Recognition-Unity\SpeechRecognitionUnity\test.exe
Image Base: 0x009c0000  Image Size: 0x01219000
File Size:  18136576    File Time:  2017-03-30_092054
Version:
   Company:    
   Product:    
   FileDesc:   
   FileVer:    5.6.0.31247
   ProdVer:    5.6.0.31247

Module 2
C:\Windows\System32\Speech_OneCore\Common\SpeechServiceWinRTApi.ProxyStub.dll
Image Base: 0x05f90000  Image Size: 0x0000f000
File Size:  46080       File Time:  2017-09-29_154212
Version:
   Company:    Microsoft Corporation
   Product:    Microsoft® Windows® Operating System
   FileDesc:   Speech Service Proxy/Stub System DLL
   FileVer:    10.0.16299.15
   ProdVer:    10.0.16299.15

Module 3
C:\WINDOWS\SYSTEM32\atidxx32.dll
Image Base: 0x086c0000  Image Size: 0x00a5c000
File Size:  11011528    File Time:  2016-04-23_025034
Version:
   Company:    Advanced Micro Devices, Inc. 
   Product:    Advanced Micro Devices, Inc. Radeon DirectX 11 Driver
   FileDesc:   atidxx32.dll
   FileVer:    8.17.10.644
   ProdVer:    8.17.10.644

Module 4
C:\WINDOWS\SYSTEM32\atiuxpag.dll
Image Base: 0x0fc50000  Image Size: 0x00023000
File Size:  143048      File Time:  2016-04-23_025034
Version:
   Company:    Advanced Micro Devices, Inc. 
   Product:    Advanced Micro Devices, Inc PowerXpress Vista DX10 User Mode Driver
   FileDesc:   atiuxpag.dll
   FileVer:    8.14.1.6489
   ProdVer:    8.14.1.6489

Module 5
D:\MyProjects\Speech-Recognition-Unity\SpeechRecognitionUnity\test_Data\Mono\mono.dll
Image Base: 0x10000000  Image Size: 0x00231000
File Size:  2115008     File Time:  2017-03-30_092856
Version:
   Company:    Unity Technologies
   Product:    libmono
   FileDesc:   Unity Technologies fork of mono runtime
   FileVer:    1.0.0.1
   ProdVer:    1.0.0.1

Module 6
C:\WINDOWS\SYSTEM32\AUDIOSES.DLL
Image Base: 0x10780000  Image Size: 0x000f4000
File Size:  982016      File Time:  2017-12-08_003128
Version:
   Company:    Microsoft Corporation
   Product:    Microsoft® Windows® Operating System
   FileDesc:   Audio Session
   FileVer:    10.0.16299.125
   ProdVer:    10.0.16299.125

Module 7
C:\Windows\System32\Windows.ApplicationModel.dll
Image Base: 0x11b50000  Image Size: 0x00081000
File Size:  521384      File Time:  2017-09-29_154210
Version:
   Company:    Microsoft Corporation
   Product:    Microsoft® Windows® Operating System
   FileDesc:   Windows ApplicationModel API Server
   FileVer:    10.0.16299.15
   ProdVer:    10.0.16299.15

Module 8
C:\Windows\System32\Windows.Media.Speech.dll
Image Base: 0x11fb0000  Image Size: 0x0013d000
File Size:  1280000     File Time:  2017-12-12_105806
Version:
   Company:    Microsoft Corporation
   Product:    Microsoft® Windows® Operating System
   FileDesc:   Windows Speech Runtime DLL
   FileVer:    10.0.16299.64
   ProdVer:    10.0.16299.64

Module 9
C:\WINDOWS\System32\Speech_OneCore\Engines\SR\spsrx_onecore.dll
Image Base: 0x120f0000  Image Size: 0x00015000
File Size:  72704       File Time:  2017-09-29_154214
Version:
   Company:    Microsoft Corporation
   Product:    Microsoft® Speech Recognizer 11.1
   FileDesc:   Microsoft® Speech Recognition Engine Extensions
   FileVer:    11.1.16299.15
   ProdVer:    11.1.16299.15

Module 10
C:\Windows\System32\threadpoolwinrt.dll
Image Base: 0x12110000  Image Size: 0x00012000
File Size:  60416       File Time:  2017-09-29_154210
Version:
   Company:    Microsoft Corporation
   Product:    Microsoft® Windows® Operating System
   FileDesc:   Windows WinRT Threadpool
   FileVer:    10.0.16299.15
   ProdVer:    10.0.16299.15

Module 11
C:\Windows\System32\Windows.Globalization.dll
Image Base: 0x143c0000  Image Size: 0x00134000
File Size:  1239552     File Time:  2017-09-29_154210
Version:
   Company:    Microsoft Corporation
   Product:    Microsoft® Windows® Operating System
   FileDesc:   Windows Globalization
   FileVer:    10.0.16299.15
   ProdVer:    10.0.16299.15

Module 12
C:\WINDOWS\System32\Speech_OneCore\Common\sapi_onecore.dll
Image Base: 0x15150000  Image Size: 0x00422000
File Size:  4296192     File Time:  2017-12-12_110036
Version:
   Company:    Microsoft Corporation
   Product:    Microsoft® Speech Recognizer 11.1
   FileDesc:   Speech API
   FileVer:    5.3.16299.98
   ProdVer:    5.3.16299.98

Module 13
C:\Windows\System32\Windows.Web.dll
Image Base: 0x157c0000  Image Size: 0x00095000
File Size:  593408      File Time:  2017-09-29_154212
Version:
   Company:    Microsoft Corporation
   Product:    Microsoft® Windows® Operating System
   FileDesc:   Web Client DLL
   FileVer:    10.0.16299.15
   ProdVer:    10.0.16299.15

Module 14
C:\Windows\System32\Windows.Media.Devices.dll
Image Base: 0x16df0000  Image Size: 0x00031000
File Size:  181248      File Time:  2017-09-29_154210
Version:
   Company:    Microsoft Corporation
   Product:    Microsoft® Windows® Operating System
   FileDesc:   Windows Runtime media device server DLL
   FileVer:    10.0.16299.15
   ProdVer:    10.0.16299.15

Module 15
C:\WINDOWS\System32\MMDevApi.dll
Image Base: 0x54a80000  Image Size: 0x0005b000
File Size:  361632      File Time:  2017-09-29_154210
Version:
   Company:    Microsoft Corporation
   Product:    Microsoft® Windows® Operating System
   FileDesc:   MMDevice API
   FileVer:    10.0.16299.15
   ProdVer:    10.0.16299.15

Module 16
C:\WINDOWS\SYSTEM32\OPENGL32.dll
Image Base: 0x55940000  Image Size: 0x000df000
File Size:  777216      File Time:  2017-09-29_154224
Version:
   Company:    Microsoft Corporation
   Product:    Microsoft® Windows® Operating System
   FileDesc:   OpenGL Client DLL
   FileVer:    10.0.16299.15
   ProdVer:    10.0.16299.15

Module 17
C:\WINDOWS\SYSTEM32\dxgi.dll
Image Base: 0x5f440000  Image Size: 0x00093000
File Size:  590944      File Time:  2017-12-12_110036
Version:
   Company:    Microsoft Corporation
   Product:    Microsoft® Windows® Operating System
   FileDesc:   DirectX Graphics Infrastructure
   FileVer:    10.0.16299.98
   ProdVer:    10.0.16299.98

Module 18
C:\WINDOWS\SYSTEM32\d3d11.dll
Image Base: 0x5f710000  Image Size: 0x0023e000
File Size:  2339296     File Time:  2017-12-12_110036
Version:
   Company:    Microsoft Corporation
   Product:    Microsoft® Windows® Operating System
   FileDesc:   Direct3D 11 Runtime
   FileVer:    10.0.16299.98
   ProdVer:    10.0.16299.98

Module 19
C:\WINDOWS\SYSTEM32\aticfx32.dll
Image Base: 0x60bc0000  Image Size: 0x0012f000
File Size:  1249632     File Time:  2016-04-23_025032
Version:
   Company:    Advanced Micro Devices, Inc. 
   Product:    AMD Inc. Radeon DirectX 11 Driver
   FileDesc:   aticfx32.dll
   FileVer:    8.17.10.1429
   ProdVer:    8.17.10.1429

Module 20
C:\Windows\System32\msvcp110_win.dll
Image Base: 0x60cf0000  Image Size: 0x00067000
File Size:  417360      File Time:  2017-09-29_154216
Version:
   Company:    Microsoft Corporation
   Product:    Microsoft® Windows® Operating System
   FileDesc:   Microsoft® STL110 C++ Runtime Library
   FileVer:    10.0.16299.15
   ProdVer:    10.0.16299.15

Module 21
C:\Windows\System32\Bcp47Langs.dll
Image Base: 0x611a0000  Image Size: 0x00050000
File Size:  318776      File Time:  2017-09-29_154212
Version:
   Company:    Microsoft Corporation
   Product:    Microsoft® Windows® Operating System
   FileDesc:   BCP47 Language Classes
   FileVer:    10.0.16299.15
   ProdVer:    10.0.16299.15

Module 22
C:\WINDOWS\SYSTEM32\GLU32.dll
Image Base: 0x61a20000  Image Size: 0x00025000
File Size:  138752      File Time:  2017-09-29_154224
Version:
   Company:    Microsoft Corporation
   Product:    Microsoft® Windows® Operating System
   FileDesc:   OpenGL Utility Library DLL
   FileVer:    10.0.16299.15
   ProdVer:    10.0.16299.15

Module 23
C:\Windows\System32\msxml6.dll
Image Base: 0x61ea0000  Image Size: 0x001e6000
File Size:  1990160     File Time:  2017-12-12_110030
Version:
   Company:    Microsoft Corporation
   Product:    Microsoft XML Core Services
   FileDesc:   MSXML 6.0
   FileVer:    6.30.16299.98
   ProdVer:    6.30.16299.98

Module 24
C:\WINDOWS\system32\dwmapi.dll
Image Base: 0x63a90000  Image Size: 0x00023000
File Size:  126872      File Time:  2017-09-29_154218
Version:
   Company:    Microsoft Corporation
   Product:    Microsoft® Windows® Operating System
   FileDesc:   Microsoft Desktop Window Manager API
   FileVer:    10.0.16299.15
   ProdVer:    10.0.16299.15

Module 25
C:\WINDOWS\SYSTEM32\wdmaud.drv
Image Base: 0x64950000  Image Size: 0x0003a000
File Size:  212480      File Time:  2017-09-29_154210
Version:
   Company:    Microsoft Corporation
   Product:    Microsoft® Windows® Operating System
   FileDesc:   Winmm  audio system driver
   FileVer:    10.0.16299.15
   ProdVer:    10.0.16299.15

Module 26
C:\WINDOWS\SYSTEM32\AVRT.dll
Image Base: 0x64fb0000  Image Size: 0x00008000
File Size:  27416       File Time:  2017-09-29_154210
Version:
   Company:    Microsoft Corporation
   Product:    Microsoft® Windows® Operating System
   FileDesc:   Multimedia Realtime Runtime
   FileVer:    10.0.16299.15
   ProdVer:    10.0.16299.15

Module 27
C:\WINDOWS\SYSTEM32\MSACM32.dll
Image Base: 0x64fd0000  Image Size: 0x00019000
File Size:  93568       File Time:  2017-09-29_154210
Version:
   Company:    Microsoft Corporation
   Product:    Microsoft® Windows® Operating System
   FileDesc:   Microsoft ACM Audio Filter
   FileVer:    10.0.16299.15
   ProdVer:    10.0.16299.15

Module 28
C:\WINDOWS\System32\PROPSYS.dll
Image Base: 0x656a0000  Image Size: 0x0017a000
File Size:  1555232     File Time:  2017-09-29_154212
Version:
   Company:    Microsoft Corporation
   Product:    Windows® Search
   FileDesc:   Microsoft Property System
   FileVer:    7.0.16299.15
   ProdVer:    7.0.16299.15

Module 29
C:\WINDOWS\SYSTEM32\CoreUIComponents.dll
Image Base: 0x65e90000  Image Size: 0x00234000
File Size:  2313472     File Time:  2017-09-29_154212
Version:
   Company:    Microsoft Corporation
   Product:    Microsoft® Windows® Operating System
   FileDesc:   Microsoft Core UI Components Dll
   FileVer:    10.0.16299.15
   ProdVer:    10.0.16299.15

Module 30
C:\WINDOWS\SYSTEM32\CoreMessaging.dll
Image Base: 0x660d0000  Image Size: 0x0008c000
File Size:  566664      File Time:  2017-09-29_154216
Version:
   Company:    Microsoft Corporation
   Product:    Microsoft® Windows® Operating System
   FileDesc:   Microsoft CoreMessaging Dll
   FileVer:    10.0.16299.15
   ProdVer:    10.0.16299.15

Module 31
C:\WINDOWS\SYSTEM32\TextInputFramework.dll
Image Base: 0x66160000  Image Size: 0x00077000
File Size:  480912      File Time:  2017-09-29_154212
Version:
   Company:    Microsoft Corporation
   Product:    Microsoft® Windows® Operating System
   FileDesc:   "TextInputFramework.DYNLINK"
   FileVer:    10.0.16299.15
   ProdVer:    10.0.16299.15

Module 32
C:\WINDOWS\SYSTEM32\wintypes.dll
Image Base: 0x67f40000  Image Size: 0x000cb000
File Size:  832648      File Time:  2017-09-29_154216
Version:
   Company:    Microsoft Corporation
   Product:    Microsoft® Windows® Operating System
   FileDesc:   Windows Base Types DLL
   FileVer:    10.0.16299.15
   ProdVer:    10.0.16299.15

Module 33
C:\Windows\System32\RMCLIENT.dll
Image Base: 0x68010000  Image Size: 0x0001a000
File Size:  98344       File Time:  2017-09-29_154212
Version:
   Company:    Microsoft Corporation
   Product:    Microsoft® Windows® Operating System
   FileDesc:   Resource Manager Client
   FileVer:    10.0.16299.15
   ProdVer:    10.0.16299.15

Module 34
C:\WINDOWS\system32\wbem\fastprox.dll
Image Base: 0x68030000  Image Size: 0x000c0000
File Size:  769536      File Time:  2017-09-29_154220
Version:
   Company:    Microsoft Corporation
   Product:    Microsoft® Windows® Operating System
   FileDesc:   WMI Custom Marshaller
   FileVer:    10.0.16299.15
   ProdVer:    10.0.16299.15

Module 35
C:\WINDOWS\system32\wbem\wbemsvc.dll
Image Base: 0x680f0000  Image Size: 0x00010000
File Size:  48640       File Time:  2017-09-29_154220
Version:
   Company:    Microsoft Corporation
   Product:    Microsoft® Windows® Operating System
   FileDesc:   WMI
   FileVer:    10.0.16299.15
   ProdVer:    10.0.16299.15

Module 36
C:\WINDOWS\SYSTEM32\wbemcomn.dll
Image Base: 0x68100000  Image Size: 0x00068000
File Size:  397824      File Time:  2017-09-29_154220
Version:
   Company:    Microsoft Corporation
   Product:    Microsoft® Windows® Operating System
   FileDesc:   WMI
   FileVer:    10.0.16299.15
   ProdVer:    10.0.16299.15

Module 37
C:\Windows\System32\urlmon.dll
Image Base: 0x689a0000  Image Size: 0x0018c000
File Size:  1559552     File Time:  2017-12-08_000326
Version:
   Company:    Microsoft Corporation
   Product:    Internet Explorer
   FileDesc:   OLE32 Extensions for Win32
   FileVer:    11.0.16299.125
   ProdVer:    11.0.16299.125

Module 38
C:\WINDOWS\SYSTEM32\WINMMBASE.dll
Image Base: 0x68b80000  Image Size: 0x00023000
File Size:  129864      File Time:  2017-09-29_154210
Version:
   Company:    Microsoft Corporation
   Product:    Microsoft® Windows® Operating System
   FileDesc:   Base Multimedia Extension API DLL
   FileVer:    10.0.16299.15
   ProdVer:    10.0.16299.15

Module 39
C:\WINDOWS\SYSTEM32\WINMM.dll
Image Base: 0x69110000  Image Size: 0x00024000
File Size:  135432      File Time:  2017-09-29_154210
Version:
   Company:    Microsoft Corporation
   Product:    Microsoft® Windows® Operating System
   FileDesc:   MCI API DLL
   FileVer:    10.0.16299.15
   ProdVer:    10.0.16299.15

Module 40
C:\WINDOWS\system32\uxtheme.dll
Image Base: 0x691a0000  Image Size: 0x00079000
File Size:  472576      File Time:  2017-09-29_154226
Version:
   Company:    Microsoft Corporation
   Product:    Microsoft® Windows® Operating System
   FileDesc:   Microsoft UxTheme Library
   FileVer:    10.0.16299.15
   ProdVer:    10.0.16299.15

Module 41
C:\WINDOWS\WinSxS\x86_microsoft.windows.common-controls_6595b64144ccf1df_6.0.16299.125_none_5d79065fa7de350f\comctl32.dll
Image Base: 0x69220000  Image Size: 0x00211000
File Size:  2150808     File Time:  2017-12-08_003120
Version:
   Company:    Microsoft Corporation
   Product:    Microsoft® Windows® Operating System
   FileDesc:   User Experience Controls Library
   FileVer:    6.10.16299.125
   ProdVer:    10.0.16299.125

Module 42
C:\WINDOWS\SYSTEM32\twinapi.appcore.dll
Image Base: 0x6a1f0000  Image Size: 0x00134000
File Size:  1261864     File Time:  2017-12-12_105806
Version:
   Company:    Microsoft Corporation
   Product:    Microsoft® Windows® Operating System
   FileDesc:   twinapi.appcore
   FileVer:    10.0.16299.19
   ProdVer:    10.0.16299.19

Module 43
C:\Program Files\AVAST Software\Avast\aswhookx.dll
Image Base: 0x6a330000  Image Size: 0x0002f000
File Size:  199936      File Time:  2018-01-06_205614
Version:
   Company:    AVAST Software
   Product:    Avast
   FileDesc:   Hook Library
   FileVer:    17.9.3.19960
   ProdVer:    17.9.3.19960

Module 44
C:\WINDOWS\system32\wbem\wbemprox.dll
Image Base: 0x6a850000  Image Size: 0x0000d000
File Size:  35840       File Time:  2017-09-29_154220
Version:
   Company:    Microsoft Corporation
   Product:    Microsoft® Windows® Operating System
   FileDesc:   WMI
   FileVer:    10.0.16299.15
   ProdVer:    10.0.16299.15

Module 45
C:\WINDOWS\System32\fwpuclnt.dll
Image Base: 0x6a9f0000  Image Size: 0x0004e000
File Size:  300544      File Time:  2017-09-29_154212
Version:
   Company:    Microsoft Corporation
   Product:    Microsoft® Windows® Operating System
   FileDesc:   FWP/IPsec User-Mode API
   FileVer:    10.0.16299.15
   ProdVer:    10.0.16299.15

Module 46
C:\Windows\System32\rasadhlp.dll
Image Base: 0x6abf0000  Image Size: 0x00008000
File Size:  12800       File Time:  2017-09-29_154224
Version:
   Company:    Microsoft Corporation
   Product:    Microsoft® Windows® Operating System
   FileDesc:   Remote Access AutoDial Helper
   FileVer:    10.0.16299.15
   ProdVer:    10.0.16299.15

Module 47
C:\WINDOWS\SYSTEM32\midimap.dll
Image Base: 0x6af20000  Image Size: 0x00008000
File Size:  18944       File Time:  2017-09-29_154210
Version:
   Company:    Microsoft Corporation
   Product:    Microsoft® Windows® Operating System
   FileDesc:   Microsoft MIDI Mapper
   FileVer:    10.0.16299.15
   ProdVer:    10.0.16299.15

Module 48
C:\WINDOWS\SYSTEM32\msacm32.drv
Image Base: 0x6b700000  Image Size: 0x0000a000
File Size:  24576       File Time:  2017-09-29_154210
Version:
   Company:    Microsoft Corporation
   Product:    Microsoft® Windows® Operating System
   FileDesc:   Microsoft Sound Mapper
   FileVer:    10.0.16299.15
   ProdVer:    10.0.16299.15

Module 49
C:\WINDOWS\SYSTEM32\dhcpcsvc.DLL
Image Base: 0x6dde0000  Image Size: 0x00014000
File Size:  62976       File Time:  2017-09-29_154218
Version:
   Company:    Microsoft Corporation
   Product:    Microsoft® Windows® Operating System
   FileDesc:   DHCP Client Service
   FileVer:    10.0.16299.15
   ProdVer:    10.0.16299.15

Module 50
C:\WINDOWS\SYSTEM32\dhcpcsvc6.DLL
Image Base: 0x6de70000  Image Size: 0x00013000
File Size:  57856       File Time:  2017-09-29_154218
Version:
   Company:    Microsoft Corporation
   Product:    Microsoft® Windows® Operating System
   FileDesc:   DHCPv6 Client
   FileVer:    10.0.16299.15
   ProdVer:    10.0.16299.15

Module 51
C:\WINDOWS\SYSTEM32\MSWSOCK.dll
Image Base: 0x6dfb0000  Image Size: 0x00055000
File Size:  334744      File Time:  2017-09-29_154216
Version:
   Company:    Microsoft Corporation
   Product:    Microsoft® Windows® Operating System
   FileDesc:   Microsoft Windows Sockets 2.0 Service Provider
   FileVer:    10.0.16299.15
   ProdVer:    10.0.16299.15

Module 52
C:\Windows\System32\iertutil.dll
Image Base: 0x6ef80000  Image Size: 0x00219000
File Size:  2192112     File Time:  2017-12-08_003406
Version:
   Company:    Microsoft Corporation
   Product:    Internet Explorer
   FileDesc:   Run time utility for Internet Explorer
   FileVer:    11.0.16299.125
   ProdVer:    11.0.16299.125

Module 53
C:\WINDOWS\System32\DEVOBJ.dll
Image Base: 0x718b0000  Image Size: 0x00022000
File Size:  132288      File Time:  2017-09-29_154218
Version:
   Company:    Microsoft Corporation
   Product:    Microsoft® Windows® Operating System
   FileDesc:   Device Information Set DLL
   FileVer:    10.0.16299.15
   ProdVer:    10.0.16299.15

Module 54
C:\WINDOWS\SYSTEM32\ntmarta.dll
Image Base: 0x72030000  Image Size: 0x00028000
File Size:  152440      File Time:  2017-09-29_154216
Version:
   Company:    Microsoft Corporation
   Product:    Microsoft® Windows® Operating System
   FileDesc:   Windows NT MARTA provider
   FileVer:    10.0.16299.15
   ProdVer:    10.0.16299.15

Module 55
C:\WINDOWS\SYSTEM32\HID.DLL
Image Base: 0x72060000  Image Size: 0x0000a000
File Size:  25600       File Time:  2017-09-29_154218
Version:
   Company:    Microsoft Corporation
   Product:    Microsoft® Windows® Operating System
   FileDesc:   Hid User Library
   FileVer:    10.0.16299.15
   ProdVer:    10.0.16299.15

Module 56
C:\WINDOWS\SYSTEM32\USERENV.dll
Image Base: 0x72790000  Image Size: 0x00022000
File Size:  133312      File Time:  2017-09-29_154218
Version:
   Company:    Microsoft Corporation
   Product:    Microsoft® Windows® Operating System
   FileDesc:   Userenv
   FileVer:    10.0.16299.15
   ProdVer:    10.0.16299.15

Module 57
C:\WINDOWS\SYSTEM32\bcrypt.dll
Image Base: 0x733a0000  Image Size: 0x00019000
File Size:  97144       File Time:  2017-12-08_005546
Version:
   Company:    Microsoft Corporation
   Product:    Microsoft® Windows® Operating System
   FileDesc:   Windows Cryptographic Primitives Library
   FileVer:    10.0.16299.125
   ProdVer:    10.0.16299.125

Module 58
C:\WINDOWS\system32\rsaenh.dll
Image Base: 0x733c0000  Image Size: 0x0002f000
File Size:  184984      File Time:  2017-09-29_154216
Version:
   Company:    Microsoft Corporation
   Product:    Microsoft® Windows® Operating System
   FileDesc:   Microsoft Enhanced Cryptographic Provider
   FileVer:    10.0.16299.15
   ProdVer:    10.0.16299.15

Module 59
C:\WINDOWS\SYSTEM32\CRYPTSP.dll
Image Base: 0x733f0000  Image Size: 0x00013000
File Size:  68264       File Time:  2017-09-29_154216
Version:
   Company:    Microsoft Corporation
   Product:    Microsoft® Windows® Operating System
   FileDesc:   Cryptographic Service Provider API
   FileVer:    10.0.16299.15
   ProdVer:    10.0.16299.15

Module 60
C:\WINDOWS\SYSTEM32\dbghelp.dll
Image Base: 0x73500000  Image Size: 0x00181000
File Size:  1435136     File Time:  2017-09-29_154218
Version:
   Company:    Microsoft Corporation
   Product:    Microsoft® Windows® Operating System
   FileDesc:   Windows Image Helper
   FileVer:    10.0.16299.15
   ProdVer:    10.0.16299.15

Module 61
C:\WINDOWS\SYSTEM32\IPHLPAPI.DLL
Image Base: 0x736d0000  Image Size: 0x00030000
File Size:  189112      File Time:  2017-09-29_154216
Version:
   Company:    Microsoft Corporation
   Product:    Microsoft® Windows® Operating System
   FileDesc:   IP Helper API
   FileVer:    10.0.16299.15
   ProdVer:    10.0.16299.15

Module 62
C:\WINDOWS\SYSTEM32\DNSAPI.dll
Image Base: 0x73700000  Image Size: 0x00094000
File Size:  597160      File Time:  2017-12-12_105806
Version:
   Company:    Microsoft Corporation
   Product:    Microsoft® Windows® Operating System
   FileDesc:   DNS Client API DLL
   FileVer:    10.0.16299.19
   ProdVer:    10.0.16299.19

Module 63
C:\WINDOWS\SYSTEM32\WINHTTP.dll
Image Base: 0x737a0000  Image Size: 0x000ad000
File Size:  703568      File Time:  2017-12-12_110030
Version:
   Company:    Microsoft Corporation
   Product:    Microsoft® Windows® Operating System
   FileDesc:   Windows HTTP Services
   FileVer:    10.0.16299.98
   ProdVer:    10.0.16299.98

Module 64
C:\WINDOWS\SYSTEM32\VERSION.dll
Image Base: 0x73b30000  Image Size: 0x00008000
File Size:  27416       File Time:  2017-09-29_154226
Version:
   Company:    Microsoft Corporation
   Product:    Microsoft® Windows® Operating System
   FileDesc:   Version Checking and File Installation Libraries
   FileVer:    10.0.16299.15
   ProdVer:    10.0.16299.15

Module 65
C:\WINDOWS\System32\CRYPTBASE.dll
Image Base: 0x74220000  Image Size: 0x0000a000
File Size:  31584       File Time:  2017-09-29_154228
Version:
   Company:    Microsoft Corporation
   Product:    Microsoft® Windows® Operating System
   FileDesc:   Base cryptographic API DLL
   FileVer:    10.0.16299.15
   ProdVer:    10.0.16299.15

Module 66
C:\WINDOWS\System32\SspiCli.dll
Image Base: 0x74230000  Image Size: 0x00020000
File Size:  123512      File Time:  2017-12-08_005804
Version:
   Company:    Microsoft Corporation
   Product:    Microsoft® Windows® Operating System
   FileDesc:   Security Support Provider Interface
   FileVer:    10.0.16299.125
   ProdVer:    10.0.16299.125

Module 67
C:\WINDOWS\System32\msvcp_win.dll
Image Base: 0x743e0000  Image Size: 0x0007c000
File Size:  504272      File Time:  2017-09-29_154216
Version:
   Company:    Microsoft Corporation
   Product:    Microsoft® Windows® Operating System
   FileDesc:   Microsoft® C Runtime Library
   FileVer:    10.0.16299.15
   ProdVer:    10.0.16299.15

Module 68
C:\WINDOWS\System32\IMM32.dll
Image Base: 0x74460000  Image Size: 0x00025000
File Size:  143152      File Time:  2017-09-29_154216
Version:
   Company:    Microsoft Corporation
   Product:    Microsoft® Windows® Operating System
   FileDesc:   Multi-User Windows IMM32 API Client DLL
   FileVer:    10.0.16299.15
   ProdVer:    10.0.16299.15

Module 69
C:\WINDOWS\System32\windows.storage.dll
Image Base: 0x74570000  Image Size: 0x005c6000
File Size:  6092664     File Time:  2017-12-08_003956
Version:
   Company:    Microsoft Corporation
   Product:    Microsoft® Windows® Operating System
   FileDesc:   Microsoft WinRT Storage API
   FileVer:    10.0.16299.125
   ProdVer:    10.0.16299.125

Module 70
C:\WINDOWS\System32\bcryptPrimitives.dll
Image Base: 0x74b40000  Image Size: 0x00057000
File Size:  353848      File Time:  2017-12-12_110030
Version:
   Company:    Microsoft Corporation
   Product:    Microsoft® Windows® Operating System
   FileDesc:   Windows Cryptographic Primitives Library
   FileVer:    10.0.16299.98
   ProdVer:    10.0.16299.98

Module 71
C:\WINDOWS\System32\MSCTF.dll
Image Base: 0x74ba0000  Image Size: 0x00144000
File Size:  1323840     File Time:  2017-12-12_105806
Version:
   Company:    Microsoft Corporation
   Product:    Microsoft® Windows® Operating System
   FileDesc:   MSCTF Server DLL
   FileVer:    10.0.16299.19
   ProdVer:    10.0.16299.19

Module 72
C:\WINDOWS\System32\USER32.dll
Image Base: 0x74d40000  Image Size: 0x00175000
File Size:  1528904     File Time:  2017-12-08_005618
Version:
   Company:    Microsoft Corporation
   Product:    Microsoft® Windows® Operating System
   FileDesc:   Multi-User Windows USER API Client DLL
   FileVer:    10.0.16299.125
   ProdVer:    10.0.16299.125

Module 73
C:\WINDOWS\System32\profapi.dll
Image Base: 0x75350000  Image Size: 0x00014000
File Size:  73416       File Time:  2017-09-29_154228
Version:
   Company:    Microsoft Corporation
   Product:    Microsoft® Windows® Operating System
   FileDesc:   User Profile Basic API
   FileVer:    10.0.16299.15
   ProdVer:    10.0.16299.15

Module 74
C:\WINDOWS\System32\KERNEL32.DLL
Image Base: 0x75370000  Image Size: 0x000d0000
File Size:  594552      File Time:  2017-09-29_154228
Version:
   Company:    Microsoft Corporation
   Product:    Microsoft® Windows® Operating System
   FileDesc:   Windows NT BASE API Client DLL
   FileVer:    10.0.16299.15
   ProdVer:    10.0.16299.15

Module 75
C:\WINDOWS\System32\KERNELBASE.dll
Image Base: 0x75440000  Image Size: 0x001d7000
File Size:  1930224     File Time:  2017-09-29_154144
Version:
   Company:    Microsoft Corporation
   Product:    Microsoft® Windows® Operating System
   FileDesc:   Windows NT BASE API Client DLL
   FileVer:    10.0.16299.15
   ProdVer:    10.0.16299.15

Module 76
C:\WINDOWS\System32\ucrtbase.dll
Image Base: 0x75620000  Image Size: 0x00117000
File Size:  1145104     File Time:  2017-12-08_003728
Version:
   Company:    Microsoft Corporation
   Product:    Microsoft® Windows® Operating System
   FileDesc:   Microsoft® C Runtime Library
   FileVer:    10.0.16299.125
   ProdVer:    10.0.16299.125

Module 77
C:\WINDOWS\System32\win32u.dll
Image Base: 0x75740000  Image Size: 0x00016000
File Size:  83728       File Time:  2017-09-29_154210
Version:
   Company:    Microsoft Corporation
   Product:    Microsoft® Windows® Operating System
   FileDesc:   Win32u
   FileVer:    10.0.16299.15
   ProdVer:    10.0.16299.15

Module 78
C:\WINDOWS\System32\sechost.dll
Image Base: 0x75760000  Image Size: 0x00043000
File Size:  267112      File Time:  2017-09-29_154228
Version:
   Company:    Microsoft Corporation
   Product:    Microsoft® Windows® Operating System
   FileDesc:   Host for SCM/SDDL/LSA Lookup APIs
   FileVer:    10.0.16299.15
   ProdVer:    10.0.16299.15

Module 79
C:\WINDOWS\System32\RPCRT4.dll
Image Base: 0x757b0000  Image Size: 0x000be000
File Size:  777904      File Time:  2017-09-29_154228
Version:
   Company:    Microsoft Corporation
   Product:    Microsoft® Windows® Operating System
   FileDesc:   Remote Procedure Call Runtime
   FileVer:    10.0.16299.15
   ProdVer:    10.0.16299.15

Module 80
C:\WINDOWS\System32\OLEAUT32.dll
Image Base: 0x75870000  Image Size: 0x00093000
File Size:  593536      File Time:  2017-09-29_154216
Version:
   Company:    Microsoft Corporation
   Product:    Microsoft® Windows® Operating System
   FileDesc:   OLEAUT32.DLL
   FileVer:    10.0.16299.15
   ProdVer:    10.0.16299.15

Module 81
C:\WINDOWS\System32\SHLWAPI.dll
Image Base: 0x75910000  Image Size: 0x00045000
File Size:  279472      File Time:  2017-09-29_154226
Version:
   Company:    Microsoft Corporation
   Product:    Microsoft® Windows® Operating System
   FileDesc:   Shell Light-weight Utility Library
   FileVer:    10.0.16299.15
   ProdVer:    10.0.16299.15

Module 82
C:\WINDOWS\System32\gdi32full.dll
Image Base: 0x759c0000  Image Size: 0x0015e000
File Size:  1432816     File Time:  2017-12-12_110036
Version:
   Company:    Microsoft Corporation
   Product:    Microsoft® Windows® Operating System
   FileDesc:   GDI Client DLL
   FileVer:    10.0.16299.98
   ProdVer:    10.0.16299.98

Module 83
C:\WINDOWS\System32\kernel.appcore.dll
Image Base: 0x75b20000  Image Size: 0x0000e000
File Size:  47600       File Time:  2017-09-29_154212
Version:
   Company:    Microsoft Corporation
   Product:    Microsoft® Windows® Operating System
   FileDesc:   AppModel API Host
   FileVer:    10.0.16299.15
   ProdVer:    10.0.16299.15

Module 84
C:\WINDOWS\System32\WS2_32.dll
Image Base: 0x75b30000  Image Size: 0x00066000
File Size:  409168      File Time:  2017-09-29_154228
Version:
   Company:    Microsoft Corporation
   Product:    Microsoft® Windows® Operating System
   FileDesc:   Windows Socket 2.0 32-Bit DLL
   FileVer:    10.0.16299.15
   ProdVer:    10.0.16299.15

Module 85
C:\WINDOWS\System32\SHELL32.dll
Image Base: 0x75ba0000  Image Size: 0x01333000
File Size:  20286120    File Time:  2017-12-08_003218
Version:
   Company:    Microsoft Corporation
   Product:    Microsoft® Windows® Operating System
   FileDesc:   Windows Shell Common Dll
   FileVer:    10.0.16299.125
   ProdVer:    10.0.16299.125

Module 86
C:\WINDOWS\System32\imagehlp.dll
Image Base: 0x76ee0000  Image Size: 0x00019000
File Size:  95576       File Time:  2017-09-29_154146
Version:
   Company:    Microsoft Corporation
   Product:    Microsoft® Windows® Operating System
   FileDesc:   Windows NT Image Helper
   FileVer:    10.0.16299.15
   ProdVer:    10.0.16299.15

Module 87
C:\WINDOWS\System32\combase.dll
Image Base: 0x76f00000  Image Size: 0x00246000
File Size:  2386312     File Time:  2017-09-29_154216
Version:
   Company:    Microsoft Corporation
   Product:    Microsoft® Windows® Operating System
   FileDesc:   Microsoft COM for Windows
   FileVer:    10.0.16299.15
   ProdVer:    10.0.16299.15

Module 88
C:\WINDOWS\System32\ADVAPI32.dll
Image Base: 0x77150000  Image Size: 0x00078000
File Size:  481464      File Time:  2017-09-29_154228
Version:
   Company:    Microsoft Corporation
   Product:    Microsoft® Windows® Operating System
   FileDesc:   Advanced Windows 32 Base API
   FileVer:    10.0.16299.15
   ProdVer:    10.0.16299.15

Module 89
C:\WINDOWS\System32\PSAPI.DLL
Image Base: 0x771d0000  Image Size: 0x00006000
File Size:  17104       File Time:  2017-09-29_154214
Version:
   Company:    Microsoft Corporation
   Product:    Microsoft® Windows® Operating System
   FileDesc:   Process Status Helper
   FileVer:    10.0.16299.15
   ProdVer:    10.0.16299.15

Module 90
C:\WINDOWS\System32\shcore.dll
Image Base: 0x77360000  Image Size: 0x00088000
File Size:  550168      File Time:  2017-09-29_154214
Version:
   Company:    Microsoft Corporation
   Product:    Microsoft® Windows® Operating System
   FileDesc:   SHCORE
   FileVer:    10.0.16299.15
   ProdVer:    10.0.16299.15

Module 91
C:\WINDOWS\System32\GDI32.dll
Image Base: 0x77400000  Image Size: 0x00022000
File Size:  133824      File Time:  2017-09-29_154212
Version:
   Company:    Microsoft Corporation
   Product:    Microsoft® Windows® Operating System
   FileDesc:   GDI Client DLL
   FileVer:    10.0.16299.15
   ProdVer:    10.0.16299.15

Module 92
C:\WINDOWS\System32\cfgmgr32.dll
Image Base: 0x77430000  Image Size: 0x00038000
File Size:  224216      File Time:  2017-09-29_154218
Version:
   Company:    Microsoft Corporation
   Product:    Microsoft® Windows® Operating System
   FileDesc:   Configuration Manager DLL
   FileVer:    10.0.16299.15
   ProdVer:    10.0.16299.15

Module 93
C:\WINDOWS\System32\NSI.dll
Image Base: 0x77470000  Image Size: 0x00007000
File Size:  20216       File Time:  2017-09-29_154144
Version:
   Company:    Microsoft Corporation
   Product:    Microsoft® Windows® Operating System
   FileDesc:   NSI User-mode interface DLL
   FileVer:    10.0.16299.15
   ProdVer:    10.0.16299.15

Module 94
C:\WINDOWS\System32\clbcatq.dll
Image Base: 0x77480000  Image Size: 0x00082000
File Size:  519640      File Time:  2017-09-29_154216
Version:
   Company:    Microsoft Corporation
   Product:    Microsoft® Windows® Operating System
   FileDesc:   COM+ Configuration Catalog
   FileVer:    2001.12.10941.16384
   ProdVer:    10.0.16299.15

Module 95
C:\WINDOWS\System32\ole32.dll
Image Base: 0x77570000  Image Size: 0x000f7000
File Size:  1003152     File Time:  2017-09-29_154214
Version:
   Company:    Microsoft Corporation
   Product:    Microsoft® Windows® Operating System
   FileDesc:   Microsoft OLE for Windows
   FileVer:    10.0.16299.15
   ProdVer:    10.0.16299.15

Module 96
C:\WINDOWS\System32\powrprof.dll
Image Base: 0x77670000  Image Size: 0x00045000
File Size:  273840      File Time:  2017-09-29_154216
Version:
   Company:    Microsoft Corporation
   Product:    Microsoft® Windows® Operating System
   FileDesc:   Power Profile Helper DLL
   FileVer:    10.0.16299.15
   ProdVer:    10.0.16299.15

Module 97
C:\WINDOWS\System32\msvcrt.dll
Image Base: 0x776c0000  Image Size: 0x000bd000
File Size:  769096      File Time:  2017-12-08_003648
Version:
   Company:    Microsoft Corporation
   Product:    Microsoft® Windows® Operating System
   FileDesc:   Windows NT CRT DLL
   FileVer:    7.0.16299.125
   ProdVer:    10.0.16299.125

Module 98
C:\WINDOWS\SYSTEM32\ntdll.dll
Image Base: 0x77810000  Image Size: 0x0018d000
File Size:  1615720     File Time:  2017-12-12_105806
Version:
   Company:    Microsoft Corporation
   Product:    Microsoft® Windows® Operating System
   FileDesc:   NT Layer DLL
   FileVer:    10.0.16299.64
   ProdVer:    10.0.16299.64

Module 99
C:\WINDOWS\SYSTEM32\ksuser.dll
Image Base: 0x77b80000  Image Size: 0x00007000
File Size:  19840       File Time:  2017-09-29_154210
Version:
   Company:    Microsoft Corporation
   Product:    Microsoft® Windows® Operating System
   FileDesc:   User CSA Library
   FileVer:    10.0.16299.15
   ProdVer:    10.0.16299.15


== [end of error.log] ==
